{"level":"error","method":"C:/XWS-projekat/xws-bsep/microservices/post-service/infrastructure/api/post_grpc_api.go:172","msg":"User with ID: 62a45db2b13db7d9d7e0877f already liked selected post","time":"2022-06-11T12:29:47+02:00"}
{"level":"error","method":"C:/XWS-projekat/xws-bsep/microservices/post-service/infrastructure/api/post_grpc_api.go:172","msg":"User with ID: 62a45db2b13db7d9d7e0877f already liked selected post","time":"2022-06-11T12:31:37+02:00"}
{"level":"error","method":"C:/XWS-projekat/xws-bsep/microservices/post-service/infrastructure/api/post_grpc_api.go:172","msg":"User with ID: 62a45db2b13db7d9d7e0877f already liked selected post","time":"2022-06-11T12:31:40+02:00"}
{"level":"error","method":"C:/XWS-projekat/xws-bsep/microservices/post-service/infrastructure/api/post_grpc_api.go:172","msg":"User with ID: 62a45db2b13db7d9d7e0877f already liked selected post","time":"2022-06-11T12:31:40+02:00"}
{"level":"error","method":"C:/XWS-projekat/xws-bsep/microservices/post-service/infrastructure/api/post_grpc_api.go:172","msg":"User with ID: 62a45db2b13db7d9d7e0877f already liked selected post","time":"2022-06-11T12:31:40+02:00"}
{"level":"error","method":"C:/XWS-projekat/xws-bsep/microservices/post-service/infrastructure/api/post_grpc_api.go:172","msg":"User with ID: 62a45db2b13db7d9d7e0877f already liked selected post","time":"2022-06-11T12:31:41+02:00"}
{"level":"error","method":"C:/XWS-projekat/xws-bsep/microservices/post-service/infrastructure/api/post_grpc_api.go:172","msg":"User with ID: 62a45db2b13db7d9d7e0877f already liked selected post","time":"2022-06-11T12:31:41+02:00"}
{"level":"error","method":"C:/XWS-projekat/xws-bsep/microservices/post-service/infrastructure/api/post_grpc_api.go:172","msg":"User with ID: 62a45db2b13db7d9d7e0877f already liked selected post","time":"2022-06-11T12:31:41+02:00"}
{"level":"error","method":"C:/XWS-projekat/xws-bsep/microservices/post-service/infrastructure/api/post_grpc_api.go:172","msg":"User with ID: 62a45db2b13db7d9d7e0877f already liked selected post","time":"2022-06-11T12:42:36+02:00"}
{"level":"error","method":"C:/XWS-projekat/xws-bsep/microservices/post-service/infrastructure/api/post_grpc_api.go:172","msg":"User with ID: 62a45db2b13db7d9d7e0877f already liked selected post","time":"2022-06-11T12:42:36+02:00"}
{"level":"error","method":"C:/XWS-projekat/xws-bsep/microservices/post-service/infrastructure/api/post_grpc_api.go:172","msg":"User with ID: 62a45db2b13db7d9d7e0877f already liked selected post","time":"2022-06-11T12:43:03+02:00"}
{"level":"error","method":"C:/XWS-projekat/xws-bsep/microservices/post-service/infrastructure/api/post_grpc_api.go:172","msg":"User with ID: 62a45db2b13db7d9d7e0877f already liked selected post","time":"2022-06-11T12:43:04+02:00"}
{"level":"error","method":"C:/XWS-projekat/xws-bsep/microservices/post-service/infrastructure/api/post_grpc_api.go:172","msg":"User with ID: 62a45db2b13db7d9d7e0877f already liked selected post","time":"2022-06-11T12:46:07+02:00"}
{"level":"error","method":"C:/XWS-projekat/xws-bsep/microservices/post-service/infrastructure/api/post_grpc_api.go:172","msg":"User with ID: 62a45db2b13db7d9d7e0877f already liked selected post","time":"2022-06-11T12:46:25+02:00"}
{"level":"error","method":"C:/XWS-projekat/xws-bsep/microservices/post-service/infrastructure/api/post_grpc_api.go:172","msg":"User with ID: 62a45db2b13db7d9d7e0877f already liked selected post","time":"2022-06-11T12:46:25+02:00"}
{"level":"error","method":"C:/XWS-projekat/xws-bsep/microservices/post-service/infrastructure/api/post_grpc_api.go:172","msg":"User with ID: 62a45db2b13db7d9d7e0877f already liked selected post","time":"2022-06-11T12:46:25+02:00"}
{"level":"error","method":"C:/XWS-projekat/xws-bsep/microservices/post-service/infrastructure/api/post_grpc_api.go:172","msg":"User with ID: 62a45db2b13db7d9d7e0877f already liked selected post","time":"2022-06-11T12:46:25+02:00"}
{"level":"error","method":"C:/XWS-projekat/xws-bsep/microservices/post-service/infrastructure/api/post_grpc_api.go:172","msg":"User with ID: 62a45db2b13db7d9d7e0877f already liked selected post","time":"2022-06-11T12:46:26+02:00"}
{"level":"error","method":"C:/XWS-projekat/xws-bsep/microservices/post-service/infrastructure/api/post_grpc_api.go:172","msg":"User with ID: 62a45db2b13db7d9d7e0877f already liked selected post","time":"2022-06-11T12:46:26+02:00"}
{"level":"error","method":"C:/XWS-projekat/xws-bsep/microservices/post-service/infrastructure/api/post_grpc_api.go:172","msg":"User with ID: 62a45db2b13db7d9d7e0877f already liked selected post","time":"2022-06-11T12:46:26+02:00"}
{"level":"error","method":"C:/XWS-projekat/xws-bsep/microservices/post-service/infrastructure/api/post_grpc_api.go:172","msg":"User with ID: 62a45db2b13db7d9d7e0877f already liked selected post","time":"2022-06-11T12:47:42+02:00"}
{"level":"error","method":"C:/XWS-projekat/xws-bsep/microservices/post-service/infrastructure/api/post_grpc_api.go:172","msg":"User with ID: 62a45db2b13db7d9d7e0877f already liked selected post","time":"2022-06-11T12:47:46+02:00"}
{"level":"error","method":"C:/XWS-projekat/xws-bsep/microservices/post-service/infrastructure/api/post_grpc_api.go:172","msg":"User with ID: 62a45db2b13db7d9d7e0877f already liked selected post","time":"2022-06-11T12:47:59+02:00"}
{"level":"error","method":"C:/XWS-projekat/xws-bsep/microservices/post-service/infrastructure/api/post_grpc_api.go:172","msg":"User with ID: 62a45db2b13db7d9d7e0877f already liked post with ID: 62a4741021f30b45c9561bcb","time":"2022-06-11T14:27:33+02:00"}
{"level":"error","method":"C:/XWS-projekat/xws-bsep/microservices/post-service/infrastructure/api/post_grpc_api.go:172","msg":"User with ID: 62a45db2b13db7d9d7e0877f already liked post with ID: 62a4741021f30b45c9561bcb","time":"2022-06-11T14:30:26+02:00"}
{"level":"error","method":"C:/XWS-projekat/xws-bsep/microservices/post-service/infrastructure/api/post_grpc_api.go:172","msg":"User with ID: 62a45db2b13db7d9d7e0877f already liked post with ID: 62a49d9f3c7a7010512b16ef","time":"2022-06-11T15:50:30+02:00"}
{"level":"error","method":"C:/XWS-projekat/xws-bsep/microservices/post-service/infrastructure/api/post_grpc_api.go:172","msg":"User with ID: 62a45db2b13db7d9d7e0877f already liked post with ID: 62a49d9f3c7a7010512b16ef","time":"2022-06-11T15:50:43+02:00"}
{"level":"error","method":"C:/XWS-projekat/xws-bsep/microservices/post-service/infrastructure/api/post_grpc_api.go:228","msg":"User with ID: 62a45db2b13db7d9d7e0877f already disliked post with ID: 62a49e333c7a7010512b16f4","time":"2022-06-11T16:00:04+02:00"}
{"level":"error","method":"C:/XWS-projekat/xws-bsep/microservices/post-service/infrastructure/api/post_grpc_api.go:228","msg":"User with ID: 62a45db2b13db7d9d7e0877f already disliked post with ID: 62a49fea3c7a7010512b16fe","time":"2022-06-11T16:00:25+02:00"}
{"level":"error","method":"C:/XWS-projekat/xws-bsep/microservices/post-service/infrastructure/api/post_grpc_api.go:131","msg":"Can not find id by username: not found","time":"2022-06-11T16:11:04+02:00"}
{"level":"error","method":"C:/XWS-projekat/xws-bsep/microservices/post-service/infrastructure/api/post_grpc_api.go:172","msg":"User with ID: 62a45db2b13db7d9d7e0877f already liked post with ID: 62a4b1fa1ad55a2c808d9ac6","time":"2022-06-11T17:22:31+02:00"}
{"level":"error","method":"C:/XWS-projekat/xws-bsep/microservices/post-service/infrastructure/api/post_grpc_api.go:137","msg":"Can not find id by username: not found","time":"2022-06-11T17:48:21+02:00"}
{"level":"error","method":"C:/XWS-projekat/xws-bsep/microservices/post-service/infrastructure/api/post_grpc_api.go:43","msg":"ObjectId not created with ID:all","time":"2022-06-11T18:08:23+02:00"}
{"level":"error","method":"C:/XWS-projekat/xws-bsep/microservices/post-service/infrastructure/api/post_grpc_api.go:139","msg":"Can not find username by api token","time":"2022-06-11T18:15:59+02:00"}
