{"level":"info","method":"C:/XWS-projekat/xws-bsep/microservices/post-service/infrastructure/api/post_grpc_api.go:240","msg":"Deleting like by user with ID: 62a45db2b13db7d9d7e0877f","time":"2022-06-11T12:29:45+02:00"}
{"level":"info","method":"C:/XWS-projekat/xws-bsep/microservices/post-service/infrastructure/api/post_grpc_api.go:310","msg":"Deleting like on post by user with ID: 62a45db2b13db7d9d7e0877f","time":"2022-06-11T12:29:45+02:00"}
{"level":"info","method":"C:/XWS-projekat/xws-bsep/microservices/post-service/infrastructure/api/post_grpc_api.go:240","msg":"Deleting like by user with ID: 62a45db2b13db7d9d7e0877f","time":"2022-06-11T12:29:48+02:00"}
{"level":"info","method":"C:/XWS-projekat/xws-bsep/microservices/post-service/infrastructure/api/post_grpc_api.go:183","msg":"Deleting dislike by user with ID: 62a45db2b13db7d9d7e0877f","time":"2022-06-11T12:29:48+02:00"}
{"level":"info","method":"C:/XWS-projekat/xws-bsep/microservices/post-service/infrastructure/api/post_grpc_api.go:240","msg":"Deleting like by user with ID: 62a45db2b13db7d9d7e0877f","time":"2022-06-11T12:31:38+02:00"}
{"level":"info","method":"C:/XWS-projekat/xws-bsep/microservices/post-service/infrastructure/api/post_grpc_api.go:183","msg":"Deleting dislike by user with ID: 62a45db2b13db7d9d7e0877f","time":"2022-06-11T12:31:39+02:00"}
{"level":"info","method":"C:/XWS-projekat/xws-bsep/microservices/post-service/infrastructure/api/post_grpc_api.go:240","msg":"Deleting like by user with ID: 62a45db2b13db7d9d7e0877f","time":"2022-06-11T12:31:39+02:00"}
{"level":"info","method":"C:/XWS-projekat/xws-bsep/microservices/post-service/infrastructure/api/post_grpc_api.go:183","msg":"Deleting dislike by user with ID: 62a45db2b13db7d9d7e0877f","time":"2022-06-11T12:31:40+02:00"}
{"level":"info","method":"C:/XWS-projekat/xws-bsep/microservices/post-service/infrastructure/api/post_grpc_api.go:240","msg":"Deleting like by user with ID: 62a45db2b13db7d9d7e0877f","time":"2022-06-11T12:31:42+02:00"}
{"level":"info","method":"C:/XWS-projekat/xws-bsep/microservices/post-service/infrastructure/api/post_grpc_api.go:310","msg":"Deleting like on post by user with ID: 62a45db2b13db7d9d7e0877f","time":"2022-06-11T12:31:43+02:00"}
{"level":"info","method":"C:/XWS-projekat/xws-bsep/microservices/post-service/infrastructure/api/post_grpc_api.go:240","msg":"Deleting like by user with ID: 62a45db2b13db7d9d7e0877f","time":"2022-06-11T12:43:04+02:00"}
{"level":"info","method":"C:/XWS-projekat/xws-bsep/microservices/post-service/infrastructure/api/post_grpc_api.go:310","msg":"Deleting like on post by user with ID: 62a45db2b13db7d9d7e0877f","time":"2022-06-11T12:43:05+02:00"}
{"level":"info","method":"C:/XWS-projekat/xws-bsep/microservices/post-service/infrastructure/api/post_grpc_api.go:183","msg":"Deleting dislike by user with ID: 62a45db2b13db7d9d7e0877f","time":"2022-06-11T12:46:06+02:00"}
{"level":"info","method":"C:/XWS-projekat/xws-bsep/microservices/post-service/infrastructure/api/post_grpc_api.go:320","msg":"Deleting dislike on post by user with ID: 62a45db2b13db7d9d7e0877f","time":"2022-06-11T12:46:27+02:00"}
{"level":"info","method":"C:/XWS-projekat/xws-bsep/microservices/post-service/infrastructure/api/post_grpc_api.go:240","msg":"Deleting like by user with ID: 62a45db2b13db7d9d7e0877f","time":"2022-06-11T12:47:42+02:00"}
{"level":"info","method":"C:/XWS-projekat/xws-bsep/microservices/post-service/infrastructure/api/post_grpc_api.go:310","msg":"Deleting like on post by user with ID: 62a45db2b13db7d9d7e0877f","time":"2022-06-11T12:47:43+02:00"}
{"level":"info","method":"C:/XWS-projekat/xws-bsep/microservices/post-service/infrastructure/api/post_grpc_api.go:240","msg":"Deleting like by user with ID: 62a45db2b13db7d9d7e0877f","time":"2022-06-11T12:47:50+02:00"}
{"level":"info","method":"C:/XWS-projekat/xws-bsep/microservices/post-service/infrastructure/api/post_grpc_api.go:183","msg":"Deleting dislike by user with ID: 62a45db2b13db7d9d7e0877f","time":"2022-06-11T12:47:50+02:00"}
{"level":"info","method":"C:/XWS-projekat/xws-bsep/microservices/post-service/infrastructure/api/post_grpc_api.go:183","msg":"Deleting dislike by user with ID: 62a45db2b13db7d9d7e0877f","time":"2022-06-11T12:47:55+02:00"}
{"level":"info","method":"C:/XWS-projekat/xws-bsep/microservices/post-service/infrastructure/api/post_grpc_api.go:240","msg":"Deleting like by user with ID: 62a45db2b13db7d9d7e0877f","time":"2022-06-11T14:30:32+02:00"}
{"level":"info","method":"C:/XWS-projekat/xws-bsep/microservices/post-service/infrastructure/api/post_grpc_api.go:183","msg":"Deleting dislike on post with ID: 62a48ae84c05b341d201534f by user with ID: 62a45db2b13db7d9d7e0877f","time":"2022-06-11T15:50:23+02:00"}
{"level":"info","method":"C:/XWS-projekat/xws-bsep/microservices/post-service/infrastructure/api/post_grpc_api.go:240","msg":"Deleting like on post with ID: 62a49d9f3c7a7010512b16ef by user with ID: 62a45db2b13db7d9d7e0877f","time":"2022-06-11T15:51:08+02:00"}
{"level":"info","method":"C:/XWS-projekat/xws-bsep/microservices/post-service/infrastructure/api/post_grpc_api.go:310","msg":"Deleting like on post with ID: 62a49dcc3c7a7010512b16f0 by user with ID: 62a45db2b13db7d9d7e0877f","time":"2022-06-11T15:51:41+02:00"}
{"level":"info","method":"C:/XWS-projekat/xws-bsep/microservices/post-service/infrastructure/api/post_grpc_api.go:240","msg":"Deleting like on post with ID: 62a49e293c7a7010512b16f1 by user with ID: 62a45db2b13db7d9d7e0877f","time":"2022-06-11T15:52:42+02:00"}
{"level":"info","method":"C:/XWS-projekat/xws-bsep/microservices/post-service/infrastructure/api/post_grpc_api.go:183","msg":"Deleting dislike on post with ID: 62a49e2a3c7a7010512b16f2 by user with ID: 62a45db2b13db7d9d7e0877f","time":"2022-06-11T15:52:50+02:00"}
{"level":"info","method":"C:/XWS-projekat/xws-bsep/microservices/post-service/infrastructure/api/post_grpc_api.go:240","msg":"Deleting like on post with ID: 62a49e323c7a7010512b16f3 by user with ID: 62a45db2b13db7d9d7e0877f","time":"2022-06-11T15:52:51+02:00"}
{"level":"info","method":"C:/XWS-projekat/xws-bsep/microservices/post-service/infrastructure/api/post_grpc_api.go:240","msg":"Deleting like on post with ID: 62a49f2f3c7a7010512b16f8 by user with ID: 62a45db2b13db7d9d7e0877f","time":"2022-06-11T15:57:11+02:00"}
{"level":"info","method":"C:/XWS-projekat/xws-bsep/microservices/post-service/infrastructure/api/post_grpc_api.go:310","msg":"Deleting like on post with ID: 62a49f373c7a7010512b16f9 by user with ID: 62a45db2b13db7d9d7e0877f","time":"2022-06-11T15:57:24+02:00"}
{"level":"info","method":"C:/XWS-projekat/xws-bsep/microservices/post-service/infrastructure/api/post_grpc_api.go:183","msg":"Deleting dislike on post with ID: 62a49fa83c7a7010512b16fd by user with ID: 62a45db2b13db7d9d7e0877f","time":"2022-06-11T16:03:29+02:00"}
{"level":"info","method":"C:/XWS-projekat/xws-bsep/microservices/post-service/infrastructure/api/post_grpc_api.go:320","msg":"Deleting dislike on post with ID: 62a49fa83c7a7010512b16fd by user with ID: 62a45db2b13db7d9d7e0877f","time":"2022-06-11T16:03:40+02:00"}
{"level":"info","method":"C:/XWS-projekat/xws-bsep/microservices/post-service/infrastructure/api/post_grpc_api.go:183","msg":"Deleting dislike on post with ID: 62a49fa83c7a7010512b16fd by user with ID: 62a45db2b13db7d9d7e0877f","time":"2022-06-11T16:04:08+02:00"}
{"level":"info","method":"C:/XWS-projekat/xws-bsep/microservices/post-service/infrastructure/api/post_grpc_api.go:240","msg":"Deleting like on post with ID: 62a49fa83c7a7010512b16fd by user with ID: 62a45db2b13db7d9d7e0877f","time":"2022-06-11T16:04:18+02:00"}
{"level":"info","method":"C:/XWS-projekat/xws-bsep/microservices/post-service/infrastructure/api/post_grpc_api.go:275","msg":"Deleting like on post with ID: 62a4be5204e3afde377075a5 by user with ID: 62a45db2b13db7d9d7e0877f","time":"2022-06-11T18:10:17+02:00"}
{"level":"info","method":"C:/XWS-projekat/xws-bsep/microservices/post-service/infrastructure/api/post_grpc_api.go:359","msg":"Deleting like on post with ID: 62a4be5204e3afde377075a5 by user with ID: 62a45db2b13db7d9d7e0877f","time":"2022-06-11T18:10:30+02:00"}
