{"level":"info","method":"C:/XWS-projekat/xws-bsep-beckend/xws-bsep/microservices/post-service/startup/server.go:38","msg":"MongoDB initialization for post service successful, PORT: 27017, HOST: localhost","time":"2022-06-17T14:32:46+02:00"}
{"level":"info","method":"C:/XWS-projekat/xws-bsep-beckend/xws-bsep/microservices/post-service/startup/server.go:44","msg":"Starting gRPC server for post service","time":"2022-06-17T14:32:46+02:00"}
{"level":"info","method":"C:/XWS-projekat/xws-bsep-beckend/xws-bsep/microservices/post-service/infrastructure/api/post_grpc_api.go:72","msg":"Found 68 posts","time":"2022-06-17T14:36:57+02:00"}
{"level":"info","method":"C:/XWS-projekat/xws-bsep-beckend/xws-bsep/microservices/post-service/infrastructure/api/post_grpc_api.go:118","msg":"Post with ID: 62ac75a6679cc86d570e7240 created by user with ID: 62ac758131325f2946f1d6ec","time":"2022-06-17T14:37:58+02:00"}
{"level":"info","method":"C:/XWS-projekat/xws-bsep-beckend/xws-bsep/microservices/post-service/infrastructure/api/post_grpc_api.go:97","msg":"Found 1 posts created by user with ID: 62ac758131325f2946f1d6ec","time":"2022-06-17T14:38:00+02:00"}
{"level":"info","method":"C:/XWS-projekat/xws-bsep-beckend/xws-bsep/microservices/post-service/infrastructure/api/post_grpc_api.go:210","msg":"Post with ID: 62ac75a6679cc86d570e7240 liked by user with ID: 62ac758131325f2946f1d6ec","time":"2022-06-17T14:38:01+02:00"}
{"level":"info","method":"C:/XWS-projekat/xws-bsep-beckend/xws-bsep/microservices/post-service/infrastructure/api/post_grpc_api.go:97","msg":"Found 1 posts created by user with ID: 62ac758131325f2946f1d6ec","time":"2022-06-17T14:38:01+02:00"}
{"level":"info","method":"C:/XWS-projekat/xws-bsep-beckend/xws-bsep/microservices/post-service/infrastructure/api/post_grpc_api.go:305","msg":"Post with ID: 62ac75a6679cc86d570e7240 was commented by user with ID: 62ac758131325f2946f1d6ec","time":"2022-06-17T14:38:03+02:00"}
{"level":"info","method":"C:/XWS-projekat/xws-bsep-beckend/xws-bsep/microservices/post-service/infrastructure/api/post_grpc_api.go:97","msg":"Found 1 posts created by user with ID: 62ac758131325f2946f1d6ec","time":"2022-06-17T14:38:03+02:00"}
{"level":"info","method":"C:/XWS-projekat/xws-bsep-beckend/xws-bsep/microservices/post-service/infrastructure/api/post_grpc_api.go:97","msg":"Found 1 posts created by user with ID: 62ac758131325f2946f1d6ec","time":"2022-06-17T14:38:25+02:00"}
{"level":"info","method":"C:/XWS-projekat/xws-bsep-beckend/xws-bsep/microservices/post-service/infrastructure/api/post_grpc_api.go:147","msg":"Job offer post with ID: 62ac779b679cc86d570e7246 created by user with ID: 62ac758131325f2946f1d6ec","time":"2022-06-17T14:46:19+02:00"}
{"level":"info","method":"C:/XWS-projekat/xws-bsep-beckend/xws-bsep/microservices/post-service/infrastructure/api/post_grpc_api.go:97","msg":"Found 2 posts created by user with ID: 62ac758131325f2946f1d6ec","time":"2022-06-17T14:46:27+02:00"}
{"level":"info","method":"C:/XWS-projekat/xws-bsep-beckend/xws-bsep/microservices/post-service/infrastructure/api/post_grpc_api.go:274","msg":"Post with ID: 62ac779b679cc86d570e7246 disliked by user with ID: 62ac758131325f2946f1d6ec","time":"2022-06-17T14:46:29+02:00"}
{"level":"info","method":"C:/XWS-projekat/xws-bsep-beckend/xws-bsep/microservices/post-service/infrastructure/api/post_grpc_api.go:97","msg":"Found 2 posts created by user with ID: 62ac758131325f2946f1d6ec","time":"2022-06-17T14:46:29+02:00"}
{"level":"info","method":"C:/XWS-projekat/xws-bsep-beckend/xws-bsep/microservices/post-service/infrastructure/api/post_grpc_api.go:305","msg":"Post with ID: 62ac779b679cc86d570e7246 was commented by user with ID: 62ac758131325f2946f1d6ec","time":"2022-06-17T14:46:32+02:00"}
{"level":"info","method":"C:/XWS-projekat/xws-bsep-beckend/xws-bsep/microservices/post-service/infrastructure/api/post_grpc_api.go:97","msg":"Found 2 posts created by user with ID: 62ac758131325f2946f1d6ec","time":"2022-06-17T14:46:32+02:00"}
{"level":"info","method":"C:/XWS-projekat/xws-bsep-beckend/xws-bsep/microservices/post-service/infrastructure/api/post_grpc_api.go:405","msg":"Company with name: 'moja kompanija' updated","time":"2022-06-17T14:46:49+02:00"}
{"level":"info","method":"C:/XWS-projekat/xws-bsep-beckend/xws-bsep/microservices/post-service/startup/server.go:38","msg":"MongoDB initialization for post service successful, PORT: 27017, HOST: localhost","time":"2022-06-17T14:47:36+02:00"}
{"level":"info","method":"C:/XWS-projekat/xws-bsep-beckend/xws-bsep/microservices/post-service/startup/server.go:44","msg":"Starting gRPC server for post service","time":"2022-06-17T14:47:36+02:00"}
{"level":"info","method":"C:/XWS-projekat/xws-bsep-beckend/xws-bsep/microservices/post-service/infrastructure/api/post_grpc_api.go:72","msg":"Found 70 posts","time":"2022-06-17T14:47:45+02:00"}
{"level":"info","method":"C:/XWS-projekat/xws-bsep-beckend/xws-bsep/microservices/post-service/infrastructure/api/post_grpc_api.go:118","msg":"Post with ID: 62ac781305833f1b0eeb7ad6 created by user with ID: 62ac77fdc53697c6039352b3","time":"2022-06-17T14:48:19+02:00"}
{"level":"info","method":"C:/xws-bsep/microservices/post-service/startup/server.go:38","msg":"MongoDB initialization for post service successful, PORT: 27017, HOST: localhost","time":"2022-06-21T21:54:04+02:00"}
{"level":"info","method":"C:/xws-bsep/microservices/post-service/startup/server.go:44","msg":"Starting gRPC server for post service","time":"2022-06-21T21:54:04+02:00"}
{"level":"info","method":"C:/xws-bsep/microservices/post-service/infrastructure/api/post_grpc_api.go:72","msg":"Found 3 posts","time":"2022-06-21T21:57:43+02:00"}
{"level":"info","method":"C:/xws-bsep/microservices/post-service/startup/server.go:38","msg":"MongoDB initialization for post service successful, PORT: 27017, HOST: localhost","time":"2022-06-21T22:21:01+02:00"}
{"level":"info","method":"C:/xws-bsep/microservices/post-service/startup/server.go:44","msg":"Starting gRPC server for post service","time":"2022-06-21T22:21:01+02:00"}
{"level":"info","method":"C:/xws-bsep/microservices/post-service/infrastructure/api/post_grpc_api.go:72","msg":"Found 3 posts","time":"2022-06-21T22:21:27+02:00"}
{"level":"info","method":"C:/xws-bsep/microservices/post-service/infrastructure/api/post_grpc_api.go:72","msg":"Found 3 posts","time":"2022-06-21T22:22:27+02:00"}
{"level":"info","method":"C:/xws-bsep/microservices/post-service/infrastructure/api/post_grpc_api.go:72","msg":"Found 3 posts","time":"2022-06-21T22:24:29+02:00"}
{"level":"info","method":"C:/xws-bsep/microservices/post-service/infrastructure/api/post_grpc_api.go:72","msg":"Found 3 posts","time":"2022-06-21T22:24:45+02:00"}
{"level":"info","method":"C:/xws-bsep/microservices/post-service/infrastructure/api/post_grpc_api.go:72","msg":"Found 3 posts","time":"2022-06-21T22:25:06+02:00"}
{"level":"info","method":"C:/xws-bsep/microservices/post-service/infrastructure/api/post_grpc_api.go:72","msg":"Found 3 posts","time":"2022-06-21T22:25:22+02:00"}
{"level":"info","method":"C:/xws-bsep/microservices/post-service/infrastructure/api/post_grpc_api.go:72","msg":"Found 3 posts","time":"2022-06-21T23:05:49+02:00"}
{"level":"info","method":"C:/xws-bsep/microservices/post-service/infrastructure/api/post_grpc_api.go:72","msg":"Found 3 posts","time":"2022-06-21T23:06:06+02:00"}
{"level":"info","method":"C:/xws-bsep/microservices/post-service/startup/server.go:38","msg":"MongoDB initialization for post service successful, PORT: 27017, HOST: localhost","time":"2022-07-04T17:50:15+02:00"}
{"level":"info","method":"C:/xws-bsep/microservices/post-service/startup/server.go:44","msg":"Starting gRPC server for post service","time":"2022-07-04T17:50:15+02:00"}
{"level":"info","method":"C:/xws-bsep/microservices/post-service/infrastructure/api/post_grpc_api.go:147","msg":"Job offer post with ID: 62c30f6e80dcd0aa330cbd07 created by user with ID: 62c30e65433da7a3c22f40a1","time":"2022-07-04T18:03:59+02:00"}
{"level":"info","method":"C:/xws-bsep/microservices/post-service/infrastructure/api/post_grpc_api.go:97","msg":"Found 1 posts created by user with ID: 62c30e65433da7a3c22f40a1","time":"2022-07-04T18:04:34+02:00"}
{"level":"info","method":"C:/xws-bsep/microservices/post-service/infrastructure/api/post_grpc_api.go:97","msg":"Found 1 posts created by user with ID: 62c30e65433da7a3c22f40a1","time":"2022-07-04T18:04:34+02:00"}
{"level":"info","method":"C:/xws-bsep/microservices/post-service/infrastructure/api/post_grpc_api.go:72","msg":"Found 5 posts","time":"2022-07-04T18:05:26+02:00"}
{"level":"info","method":"C:/xws-bsep/microservices/post-service/infrastructure/api/post_grpc_api.go:97","msg":"Found 0 posts created by user with ID: 62c30ff1433da7a3c22f40a2","time":"2022-07-04T18:08:23+02:00"}
{"level":"info","method":"C:/xws-bsep/microservices/post-service/infrastructure/api/post_grpc_api.go:72","msg":"Found 5 posts","time":"2022-07-04T18:08:39+02:00"}
{"level":"info","method":"C:/xws-bsep/microservices/post-service/infrastructure/api/post_grpc_api.go:97","msg":"Found 0 posts created by user with ID: 62c30ff1433da7a3c22f40a2","time":"2022-07-04T18:11:02+02:00"}
{"level":"info","method":"C:/xws-bsep/microservices/post-service/infrastructure/api/post_grpc_api.go:147","msg":"Job offer post with ID: 62c311fc80dcd0aa330cbd0b created by user with ID: 62c30e65433da7a3c22f40a1","time":"2022-07-04T18:14:52+02:00"}
{"level":"info","method":"C:/xws-bsep/microservices/post-service/infrastructure/api/post_grpc_api.go:72","msg":"Found 6 posts","time":"2022-07-04T18:15:08+02:00"}
{"level":"info","method":"C:/xws-bsep/microservices/post-service/infrastructure/api/post_grpc_api.go:97","msg":"Found 2 posts created by user with ID: 62c30e65433da7a3c22f40a1","time":"2022-07-04T18:18:44+02:00"}
{"level":"info","method":"C:/xws-bsep/microservices/post-service/infrastructure/api/post_grpc_api.go:97","msg":"Found 0 posts created by user with ID: 62c30ff1433da7a3c22f40a2","time":"2022-07-04T18:23:13+02:00"}
{"level":"info","method":"C:/xws-bsep/microservices/post-service/infrastructure/api/post_grpc_api.go:97","msg":"Found 2 posts created by user with ID: 62c30e65433da7a3c22f40a1","time":"2022-07-04T18:23:15+02:00"}
