{"level":"info","method":"/startup/server.go:54","msg":"Neo4J datase on bolt://localhost:7687","time":"2022-07-05T15:09:27+02:00"}
{"level":"info","method":"/startup/server.go:54","msg":"Neo4J datase on bolt://localhost:7687","time":"2022-07-05T15:11:34+02:00"}
{"level":"info","method":"C:/XWS-projekat/xws-bsep-beckend/xws-bsep/microservices/connection-service/startup/server.go:54","msg":"Neo4J datase on bolt://localhost:7687","time":"2022-07-09T11:25:06+02:00"}
{"level":"info","method":"C:/XWS-projekat/xws-bsep-beckend/xws-bsep/microservices/connection-service/startup/server.go:54","msg":"Neo4J datase on bolt://localhost:7687","time":"2022-07-09T11:56:58+02:00"}
{"level":"info","method":"C:/XWS-projekat/xws-bsep-beckend/xws-bsep/microservices/connection-service/startup/server.go:54","msg":"Neo4J datase on bolt://localhost:7687","time":"2022-07-09T12:18:21+02:00"}
{"level":"info","method":"C:/XWS-projekat/xws-bsep-beckend/xws-bsep/microservices/connection-service/startup/server.go:54","msg":"Neo4J datase on bolt://localhost:7687","time":"2022-07-09T12:27:52+02:00"}
{"level":"info","method":"C:/XWS-projekat/xws-bsep-beckend/xws-bsep/microservices/connection-service/startup/server.go:54","msg":"Neo4J datase on bolt://localhost:7687","time":"2022-07-09T12:34:37+02:00"}
{"level":"info","method":"C:/XWS-projekat/xws-bsep-beckend/xws-bsep/microservices/connection-service/startup/server.go:54","msg":"Neo4J datase on bolt://localhost:7687","time":"2022-07-09T12:45:54+02:00"}
{"level":"info","method":"C:/XWS-projekat/xws-bsep-beckend/xws-bsep/microservices/connection-service/startup/server.go:54","msg":"Neo4J datase on bolt://localhost:7687","time":"2022-07-09T12:49:47+02:00"}
{"level":"info","method":"C:/XWS-projekat/xws-bsep-beckend/xws-bsep/microservices/connection-service/startup/server.go:54","msg":"Neo4J datase on bolt://localhost:7687","time":"2022-07-09T12:55:38+02:00"}
{"level":"info","method":"C:/XWS-projekat/xws-bsep-beckend/xws-bsep/microservices/connection-service/startup/server.go:54","msg":"Neo4J datase on bolt://localhost:7687","time":"2022-07-09T14:13:51+02:00"}
{"level":"info","method":"C:/xws-bsep/microservices/connection-service/startup/server.go:54","msg":"Neo4J datase on bolt://localhost:7687","time":"2022-07-09T21:55:38+02:00"}
{"level":"info","method":"C:/xws-bsep/microservices/connection-service/startup/server.go:54","msg":"Neo4J datase on bolt://localhost:7687","time":"2022-07-09T22:15:06+02:00"}
{"level":"info","method":"C:/xws-bsep/microservices/connection-service/startup/server.go:54","msg":"Neo4J datase on bolt://localhost:7687","time":"2022-07-09T22:17:30+02:00"}
{"level":"info","method":"D:/FAKS/4.god/8.semestar/XML/xws-bsep/microservices/connection-service/startup/server.go:54","msg":"Neo4J datase on bolt://localhost:7687","time":"2022-07-10T16:42:05+02:00"}
{"level":"info","method":"D:/FAKS/4.god/8.semestar/XML/xws-bsep/microservices/connection-service/startup/server.go:71","msg":"Neo4J datase on bolt://localhost:7687","time":"2022-07-10T17:37:30+02:00"}
{"level":"info","method":"D:/FAKS/4.god/8.semestar/XML/xws-bsep/microservices/connection-service/startup/server.go:71","msg":"Neo4J datase on bolt://localhost:7687","time":"2022-07-10T17:39:20+02:00"}
{"level":"info","method":"D:/FAKS/4.god/8.semestar/XML/xws-bsep/microservices/connection-service/infrastructure/api/connection_grpc_handler.go:277","msg":"Get all events for admin.","time":"2022-07-10T17:40:07+02:00"}
{"level":"info","method":"D:/FAKS/4.god/8.semestar/XML/xws-bsep/microservices/connection-service/infrastructure/api/connection_grpc_handler.go:277","msg":"Get all events for admin.","time":"2022-07-10T17:41:31+02:00"}
{"level":"info","method":"D:/FAKS/4.god/8.semestar/XML/xws-bsep/microservices/connection-service/infrastructure/api/connection_grpc_handler.go:277","msg":"Get all events for admin.","time":"2022-07-10T17:43:55+02:00"}
{"level":"info","method":"D:/FAKS/4.god/8.semestar/XML/xws-bsep/microservices/connection-service/infrastructure/api/connection_grpc_handler.go:277","msg":"Get all events for admin.","time":"2022-07-10T17:46:22+02:00"}
{"level":"info","method":"D:/FAKS/4.god/8.semestar/XML/xws-bsep/microservices/connection-service/startup/server.go:71","msg":"Neo4J datase on bolt://localhost:7687","time":"2022-07-10T18:39:50+02:00"}
{"level":"info","method":"D:/FAKS/4.god/8.semestar/XML/xws-bsep/microservices/connection-service/infrastructure/api/connection_grpc_handler.go:277","msg":"Get all events for admin.","time":"2022-07-10T18:52:35+02:00"}
{"level":"info","method":"D:/FAKS/4.god/8.semestar/XML/xws-bsep/microservices/connection-service/infrastructure/api/connection_grpc_handler.go:277","msg":"Get all events for admin.","time":"2022-07-10T18:54:34+02:00"}
{"level":"info","method":"D:/FAKS/4.god/8.semestar/XML/xws-bsep/microservices/connection-service/infrastructure/api/connection_grpc_handler.go:277","msg":"Get all events for admin.","time":"2022-07-10T18:56:30+02:00"}
{"level":"info","method":"D:/FAKS/4.god/8.semestar/XML/xws-bsep/microservices/connection-service/infrastructure/api/connection_grpc_handler.go:277","msg":"Get all events for admin.","time":"2022-07-10T18:57:32+02:00"}
{"level":"info","method":"D:/FAKS/4.god/8.semestar/XML/xws-bsep/microservices/connection-service/infrastructure/api/connection_grpc_handler.go:277","msg":"Get all events for admin.","time":"2022-07-10T19:02:46+02:00"}
{"level":"info","method":"D:/FAKS/4.god/8.semestar/XML/xws-bsep/microservices/connection-service/startup/server.go:71","msg":"Neo4J datase on bolt://localhost:7687","time":"2022-07-10T19:05:22+02:00"}
{"level":"info","method":"D:/FAKS/4.god/8.semestar/XML/xws-bsep/microservices/connection-service/infrastructure/api/connection_grpc_handler.go:277","msg":"Get all events for admin.","time":"2022-07-10T19:07:09+02:00"}
