{"level":"info","method":"C:/XWS-projekat/xws-bsep-beckend/xws-bsep/microservices/connection-service/startup/server.go:40","msg":"Neo4J initialization for connection service successful, PORT: 8084, HOST: localhost","time":"2022-06-17T14:33:13+02:00"}
{"level":"info","method":"C:/XWS-projekat/xws-bsep-beckend/xws-bsep/microservices/connection-service/startup/server.go:46","msg":"Starting gRPC server for connection service","time":"2022-06-17T14:33:13+02:00"}
{"level":"info","method":"C:/XWS-projekat/xws-bsep-beckend/xws-bsep/microservices/connection-service/infrastructure/api/connection_grpc_handler.go:49","msg":"Found 0 connections for user with ID: 62ac758131325f2946f1d6ec","time":"2022-06-17T14:37:44+02:00"}
{"level":"info","method":"C:/XWS-projekat/xws-bsep-beckend/xws-bsep/microservices/connection-service/infrastructure/api/connection_grpc_handler.go:49","msg":"Found 0 connections for user with ID: 62ac758131325f2946f1d6ec","time":"2022-06-17T14:37:59+02:00"}
{"level":"info","method":"C:/XWS-projekat/xws-bsep-beckend/xws-bsep/microservices/connection-service/infrastructure/api/connection_grpc_handler.go:49","msg":"Found 0 connections for user with ID: 62ac758131325f2946f1d6ec","time":"2022-06-17T14:38:24+02:00"}
{"level":"info","method":"C:/XWS-projekat/xws-bsep-beckend/xws-bsep/microservices/connection-service/infrastructure/api/connection_grpc_handler.go:49","msg":"Found 0 connections for user with ID: 62ac758131325f2946f1d6ec","time":"2022-06-17T14:46:27+02:00"}
{"level":"info","method":"C:/XWS-projekat/xws-bsep-beckend/xws-bsep/microservices/connection-service/startup/server.go:40","msg":"Neo4J initialization for connection service successful, PORT: 8084, HOST: localhost","time":"2022-06-17T14:47:31+02:00"}
{"level":"info","method":"C:/XWS-projekat/xws-bsep-beckend/xws-bsep/microservices/connection-service/startup/server.go:46","msg":"Starting gRPC server for connection service","time":"2022-06-17T14:47:31+02:00"}
{"level":"info","method":"C:/XWS-projekat/xws-bsep-beckend/xws-bsep/microservices/connection-service/infrastructure/api/connection_grpc_handler.go:49","msg":"Found 0 connections for user with ID: 62ac77fdc53697c6039352b3","time":"2022-06-17T14:48:13+02:00"}
{"level":"info","method":"C:/XWS-projekat/xws-bsep-beckend/xws-bsep/microservices/connection-service/infrastructure/api/connection_grpc_handler.go:49","msg":"Found 0 connections for user with ID: 62ac77fdc53697c6039352b3","time":"2022-06-17T14:48:20+02:00"}
{"level":"info","method":"C:/xws-bsep/microservices/connection-service/startup/server.go:40","msg":"Neo4J initialization for connection service successful, PORT: 8084, HOST: localhost","time":"2022-06-21T21:53:15+02:00"}
{"level":"info","method":"C:/xws-bsep/microservices/connection-service/startup/server.go:46","msg":"Starting gRPC server for connection service","time":"2022-06-21T21:53:15+02:00"}
{"level":"info","method":"C:/xws-bsep/microservices/connection-service/infrastructure/api/connection_grpc_handler.go:49","msg":"Found 0 connections for user with ID: 62b22250a8a4fc06d3f2e1a0","time":"2022-06-21T21:56:39+02:00"}
{"level":"info","method":"C:/xws-bsep/microservices/connection-service/infrastructure/api/connection_grpc_handler.go:49","msg":"Found 0 connections for user with ID: 62b22250a8a4fc06d3f2e1a0","time":"2022-06-21T21:57:07+02:00"}
{"level":"info","method":"C:/xws-bsep/microservices/connection-service/infrastructure/api/connection_grpc_handler.go:188","msg":"Checking connection between user with ID: 62b22250a8a4fc06d3f2e1a0 and user with ID: 62b22250a8a4fc06d3f2e1a0","time":"2022-06-21T21:57:39+02:00"}
{"level":"info","method":"C:/xws-bsep/microservices/connection-service/infrastructure/api/connection_grpc_handler.go:49","msg":"Found 0 connections for user with ID: 62b222d3a8a4fc06d3f2e1a1","time":"2022-06-21T21:58:40+02:00"}
{"level":"info","method":"C:/xws-bsep/microservices/connection-service/infrastructure/api/connection_grpc_handler.go:188","msg":"Checking connection between user with ID: 62b222d3a8a4fc06d3f2e1a1 and user with ID: 62b222d3a8a4fc06d3f2e1a1","time":"2022-06-21T21:58:43+02:00"}
{"level":"info","method":"C:/xws-bsep/microservices/connection-service/infrastructure/api/connection_grpc_handler.go:188","msg":"Checking connection between user with ID: 62b222d3a8a4fc06d3f2e1a1 and user with ID: 62b22250a8a4fc06d3f2e1a0","time":"2022-06-21T21:58:43+02:00"}
{"level":"info","method":"C:/xws-bsep/microservices/connection-service/infrastructure/api/connection_grpc_handler.go:188","msg":"Checking connection between user with ID: 62b222d3a8a4fc06d3f2e1a1 and user with ID: 62b222d3a8a4fc06d3f2e1a1","time":"2022-06-21T22:08:21+02:00"}
{"level":"info","method":"C:/xws-bsep/microservices/connection-service/infrastructure/api/connection_grpc_handler.go:116","msg":"Creating connection between user with ID: 62b222d3a8a4fc06d3f2e1a1 and user with ID: 62b22250a8a4fc06d3f2e1a0 successful","time":"2022-06-21T22:08:27+02:00"}
{"level":"info","method":"C:/xws-bsep/microservices/connection-service/infrastructure/api/connection_grpc_handler.go:188","msg":"Checking connection between user with ID: 62b222d3a8a4fc06d3f2e1a1 and user with ID: 62b222d3a8a4fc06d3f2e1a1","time":"2022-06-21T22:08:27+02:00"}
{"level":"info","method":"C:/xws-bsep/microservices/connection-service/infrastructure/api/connection_grpc_handler.go:188","msg":"Checking connection between user with ID: 62b222d3a8a4fc06d3f2e1a1 and user with ID: 62b22250a8a4fc06d3f2e1a0","time":"2022-06-21T22:08:27+02:00"}
{"level":"info","method":"C:/xws-bsep/microservices/connection-service/infrastructure/api/connection_grpc_handler.go:188","msg":"Checking connection between user with ID: 62b222d3a8a4fc06d3f2e1a1 and user with ID: 62b222d3a8a4fc06d3f2e1a1","time":"2022-06-21T22:14:06+02:00"}
{"level":"info","method":"C:/xws-bsep/microservices/connection-service/infrastructure/api/connection_grpc_handler.go:188","msg":"Checking connection between user with ID: 62b222d3a8a4fc06d3f2e1a1 and user with ID: 62b22250a8a4fc06d3f2e1a0","time":"2022-06-21T22:14:06+02:00"}
{"level":"info","method":"C:/xws-bsep/microservices/connection-service/startup/server.go:40","msg":"Neo4J initialization for connection service successful, PORT: 8084, HOST: localhost","time":"2022-06-21T22:15:49+02:00"}
{"level":"info","method":"C:/xws-bsep/microservices/connection-service/startup/server.go:46","msg":"Starting gRPC server for connection service","time":"2022-06-21T22:15:49+02:00"}
{"level":"info","method":"C:/xws-bsep/microservices/connection-service/infrastructure/api/connection_grpc_handler.go:188","msg":"Checking connection between user with ID: 62b222d3a8a4fc06d3f2e1a1 and user with ID: 62b222d3a8a4fc06d3f2e1a1","time":"2022-06-21T22:16:39+02:00"}
{"level":"info","method":"C:/xws-bsep/microservices/connection-service/infrastructure/api/connection_grpc_handler.go:188","msg":"Checking connection between user with ID: 62b222d3a8a4fc06d3f2e1a1 and user with ID: 62b22250a8a4fc06d3f2e1a0","time":"2022-06-21T22:16:40+02:00"}
{"level":"info","method":"C:/xws-bsep/microservices/connection-service/infrastructure/api/connection_grpc_handler.go:116","msg":"Creating connection between user with ID: 62b222d3a8a4fc06d3f2e1a1 and user with ID: 62b22250a8a4fc06d3f2e1a0 successful","time":"2022-06-21T22:18:17+02:00"}
{"level":"info","method":"C:/xws-bsep/microservices/connection-service/infrastructure/api/connection_grpc_handler.go:188","msg":"Checking connection between user with ID: 62b222d3a8a4fc06d3f2e1a1 and user with ID: 62b222d3a8a4fc06d3f2e1a1","time":"2022-06-21T22:18:18+02:00"}
{"level":"info","method":"C:/xws-bsep/microservices/connection-service/infrastructure/api/connection_grpc_handler.go:188","msg":"Checking connection between user with ID: 62b222d3a8a4fc06d3f2e1a1 and user with ID: 62b22250a8a4fc06d3f2e1a0","time":"2022-06-21T22:18:18+02:00"}
{"level":"info","method":"C:/xws-bsep/microservices/connection-service/startup/server.go:40","msg":"Neo4J initialization for connection service successful, PORT: 8084, HOST: localhost","time":"2022-06-21T22:20:53+02:00"}
{"level":"info","method":"C:/xws-bsep/microservices/connection-service/startup/server.go:46","msg":"Starting gRPC server for connection service","time":"2022-06-21T22:20:53+02:00"}
{"level":"info","method":"C:/xws-bsep/microservices/connection-service/infrastructure/api/connection_grpc_handler.go:49","msg":"Found 0 connections for user with ID: 62b2285cb4f26da2ab33469d","time":"2022-06-21T22:22:24+02:00"}
{"level":"info","method":"C:/xws-bsep/microservices/connection-service/infrastructure/api/connection_grpc_handler.go:49","msg":"Found 0 connections for user with ID: 62b2289bb4f26da2ab33469e","time":"2022-06-21T22:24:19+02:00"}
{"level":"info","method":"C:/xws-bsep/microservices/connection-service/infrastructure/api/connection_grpc_handler.go:188","msg":"Checking connection between user with ID: 62b2289bb4f26da2ab33469e and user with ID: 62b2289bb4f26da2ab33469e","time":"2022-06-21T22:24:22+02:00"}
{"level":"info","method":"C:/xws-bsep/microservices/connection-service/infrastructure/api/connection_grpc_handler.go:188","msg":"Checking connection between user with ID: 62b2289bb4f26da2ab33469e and user with ID: 62b222d3a8a4fc06d3f2e1a1","time":"2022-06-21T22:24:23+02:00"}
{"level":"info","method":"C:/xws-bsep/microservices/connection-service/infrastructure/api/connection_grpc_handler.go:188","msg":"Checking connection between user with ID: 62b2289bb4f26da2ab33469e and user with ID: 62b2285cb4f26da2ab33469d","time":"2022-06-21T22:24:23+02:00"}
{"level":"info","method":"C:/xws-bsep/microservices/connection-service/infrastructure/api/connection_grpc_handler.go:188","msg":"Checking connection between user with ID: 62b2289bb4f26da2ab33469e and user with ID: 62b2289bb4f26da2ab33469e","time":"2022-06-21T22:24:26+02:00"}
{"level":"info","method":"C:/xws-bsep/microservices/connection-service/infrastructure/api/connection_grpc_handler.go:188","msg":"Checking connection between user with ID: 62b2289bb4f26da2ab33469e and user with ID: 62b222d3a8a4fc06d3f2e1a1","time":"2022-06-21T22:24:26+02:00"}
{"level":"info","method":"C:/xws-bsep/microservices/connection-service/infrastructure/api/connection_grpc_handler.go:188","msg":"Checking connection between user with ID: 62b2289bb4f26da2ab33469e and user with ID: 62b2285cb4f26da2ab33469d","time":"2022-06-21T22:24:26+02:00"}
{"level":"info","method":"C:/xws-bsep/microservices/connection-service/infrastructure/api/connection_grpc_handler.go:188","msg":"Checking connection between user with ID: 62b2289bb4f26da2ab33469e and user with ID: 62b2289bb4f26da2ab33469e","time":"2022-06-21T22:24:26+02:00"}
{"level":"info","method":"C:/xws-bsep/microservices/connection-service/infrastructure/api/connection_grpc_handler.go:188","msg":"Checking connection between user with ID: 62b2289bb4f26da2ab33469e and user with ID: 62b222d3a8a4fc06d3f2e1a1","time":"2022-06-21T22:24:26+02:00"}
{"level":"info","method":"C:/xws-bsep/microservices/connection-service/infrastructure/api/connection_grpc_handler.go:188","msg":"Checking connection between user with ID: 62b2289bb4f26da2ab33469e and user with ID: 62b2285cb4f26da2ab33469d","time":"2022-06-21T22:24:26+02:00"}
{"level":"info","method":"C:/xws-bsep/microservices/connection-service/infrastructure/api/connection_grpc_handler.go:49","msg":"Found 0 connections for user with ID: 62b2285cb4f26da2ab33469d","time":"2022-06-21T22:24:36+02:00"}
{"level":"info","method":"C:/xws-bsep/microservices/connection-service/infrastructure/api/connection_grpc_handler.go:188","msg":"Checking connection between user with ID: 62b2285cb4f26da2ab33469d and user with ID: 62b2285cb4f26da2ab33469d","time":"2022-06-21T22:24:41+02:00"}
{"level":"info","method":"C:/xws-bsep/microservices/connection-service/infrastructure/api/connection_grpc_handler.go:188","msg":"Checking connection between user with ID: 62b2285cb4f26da2ab33469d and user with ID: 62b222d3a8a4fc06d3f2e1a1","time":"2022-06-21T22:24:41+02:00"}
{"level":"info","method":"C:/xws-bsep/microservices/connection-service/infrastructure/api/connection_grpc_handler.go:188","msg":"Checking connection between user with ID: 62b2285cb4f26da2ab33469d and user with ID: 62b2289bb4f26da2ab33469e","time":"2022-06-21T22:24:41+02:00"}
{"level":"info","method":"C:/xws-bsep/microservices/connection-service/infrastructure/api/connection_grpc_handler.go:49","msg":"Found 0 connections for user with ID: 62b2285cb4f26da2ab33469d","time":"2022-06-21T22:25:17+02:00"}
{"level":"info","method":"C:/xws-bsep/microservices/connection-service/infrastructure/api/connection_grpc_handler.go:188","msg":"Checking connection between user with ID: 62b2285cb4f26da2ab33469d and user with ID: 62b2285cb4f26da2ab33469d","time":"2022-06-21T22:25:19+02:00"}
{"level":"info","method":"C:/xws-bsep/microservices/connection-service/infrastructure/api/connection_grpc_handler.go:188","msg":"Checking connection between user with ID: 62b2285cb4f26da2ab33469d and user with ID: 62b222d3a8a4fc06d3f2e1a1","time":"2022-06-21T22:25:19+02:00"}
{"level":"info","method":"C:/xws-bsep/microservices/connection-service/infrastructure/api/connection_grpc_handler.go:188","msg":"Checking connection between user with ID: 62b2285cb4f26da2ab33469d and user with ID: 62b2289bb4f26da2ab33469e","time":"2022-06-21T22:25:19+02:00"}
{"level":"info","method":"C:/xws-bsep/microservices/connection-service/infrastructure/api/connection_grpc_handler.go:49","msg":"Found 0 connections for user with ID: 62b2289bb4f26da2ab33469e","time":"2022-06-21T22:25:29+02:00"}
{"level":"info","method":"C:/xws-bsep/microservices/connection-service/infrastructure/api/connection_grpc_handler.go:188","msg":"Checking connection between user with ID: 62b2289bb4f26da2ab33469e and user with ID: 62b2289bb4f26da2ab33469e","time":"2022-06-21T22:25:30+02:00"}
{"level":"info","method":"C:/xws-bsep/microservices/connection-service/infrastructure/api/connection_grpc_handler.go:188","msg":"Checking connection between user with ID: 62b2289bb4f26da2ab33469e and user with ID: 62b2285cb4f26da2ab33469d","time":"2022-06-21T22:25:30+02:00"}
{"level":"info","method":"C:/xws-bsep/microservices/connection-service/infrastructure/api/connection_grpc_handler.go:188","msg":"Checking connection between user with ID: 62b2289bb4f26da2ab33469e and user with ID: 62b222d3a8a4fc06d3f2e1a1","time":"2022-06-21T22:25:30+02:00"}
{"level":"info","method":"C:/xws-bsep/microservices/connection-service/infrastructure/api/connection_grpc_handler.go:188","msg":"Checking connection between user with ID: 62b2289bb4f26da2ab33469e and user with ID: 62b2289bb4f26da2ab33469e","time":"2022-06-21T22:28:50+02:00"}
{"level":"info","method":"C:/xws-bsep/microservices/connection-service/infrastructure/api/connection_grpc_handler.go:188","msg":"Checking connection between user with ID: 62b2289bb4f26da2ab33469e and user with ID: 62b2285cb4f26da2ab33469d","time":"2022-06-21T22:28:50+02:00"}
{"level":"info","method":"C:/xws-bsep/microservices/connection-service/infrastructure/api/connection_grpc_handler.go:188","msg":"Checking connection between user with ID: 62b2289bb4f26da2ab33469e and user with ID: 62b222d3a8a4fc06d3f2e1a1","time":"2022-06-21T22:28:50+02:00"}
{"level":"info","method":"C:/xws-bsep/microservices/connection-service/infrastructure/api/connection_grpc_handler.go:188","msg":"Checking connection between user with ID: 62b2289bb4f26da2ab33469e and user with ID: 62b2289bb4f26da2ab33469e","time":"2022-06-21T22:29:00+02:00"}
{"level":"info","method":"C:/xws-bsep/microservices/connection-service/infrastructure/api/connection_grpc_handler.go:188","msg":"Checking connection between user with ID: 62b2289bb4f26da2ab33469e and user with ID: 62b2285cb4f26da2ab33469d","time":"2022-06-21T22:29:00+02:00"}
{"level":"info","method":"C:/xws-bsep/microservices/connection-service/infrastructure/api/connection_grpc_handler.go:188","msg":"Checking connection between user with ID: 62b2289bb4f26da2ab33469e and user with ID: 62b222d3a8a4fc06d3f2e1a1","time":"2022-06-21T22:29:00+02:00"}
{"level":"info","method":"C:/xws-bsep/microservices/connection-service/infrastructure/api/connection_grpc_handler.go:188","msg":"Checking connection between user with ID: 62b2289bb4f26da2ab33469e and user with ID: 62b2289bb4f26da2ab33469e","time":"2022-06-21T22:29:19+02:00"}
{"level":"info","method":"C:/xws-bsep/microservices/connection-service/infrastructure/api/connection_grpc_handler.go:188","msg":"Checking connection between user with ID: 62b2289bb4f26da2ab33469e and user with ID: 62b2285cb4f26da2ab33469d","time":"2022-06-21T22:29:19+02:00"}
{"level":"info","method":"C:/xws-bsep/microservices/connection-service/infrastructure/api/connection_grpc_handler.go:188","msg":"Checking connection between user with ID: 62b2289bb4f26da2ab33469e and user with ID: 62b222d3a8a4fc06d3f2e1a1","time":"2022-06-21T22:29:20+02:00"}
{"level":"info","method":"C:/xws-bsep/microservices/connection-service/infrastructure/api/connection_grpc_handler.go:188","msg":"Checking connection between user with ID: 62b2289bb4f26da2ab33469e and user with ID: 62b2289bb4f26da2ab33469e","time":"2022-06-21T22:29:33+02:00"}
{"level":"info","method":"C:/xws-bsep/microservices/connection-service/infrastructure/api/connection_grpc_handler.go:188","msg":"Checking connection between user with ID: 62b2289bb4f26da2ab33469e and user with ID: 62b2285cb4f26da2ab33469d","time":"2022-06-21T22:29:33+02:00"}
{"level":"info","method":"C:/xws-bsep/microservices/connection-service/infrastructure/api/connection_grpc_handler.go:188","msg":"Checking connection between user with ID: 62b2289bb4f26da2ab33469e and user with ID: 62b222d3a8a4fc06d3f2e1a1","time":"2022-06-21T22:29:33+02:00"}
{"level":"info","method":"C:/xws-bsep/microservices/connection-service/infrastructure/api/connection_grpc_handler.go:188","msg":"Checking connection between user with ID: 62b2289bb4f26da2ab33469e and user with ID: 62b2289bb4f26da2ab33469e","time":"2022-06-21T22:29:47+02:00"}
{"level":"info","method":"C:/xws-bsep/microservices/connection-service/infrastructure/api/connection_grpc_handler.go:188","msg":"Checking connection between user with ID: 62b2289bb4f26da2ab33469e and user with ID: 62b2285cb4f26da2ab33469d","time":"2022-06-21T22:29:47+02:00"}
{"level":"info","method":"C:/xws-bsep/microservices/connection-service/infrastructure/api/connection_grpc_handler.go:188","msg":"Checking connection between user with ID: 62b2289bb4f26da2ab33469e and user with ID: 62b222d3a8a4fc06d3f2e1a1","time":"2022-06-21T22:29:47+02:00"}
{"level":"info","method":"C:/xws-bsep/microservices/connection-service/infrastructure/api/connection_grpc_handler.go:188","msg":"Checking connection between user with ID: 62b2289bb4f26da2ab33469e and user with ID: 62b2289bb4f26da2ab33469e","time":"2022-06-21T22:29:55+02:00"}
{"level":"info","method":"C:/xws-bsep/microservices/connection-service/infrastructure/api/connection_grpc_handler.go:188","msg":"Checking connection between user with ID: 62b2289bb4f26da2ab33469e and user with ID: 62b2285cb4f26da2ab33469d","time":"2022-06-21T22:29:55+02:00"}
{"level":"info","method":"C:/xws-bsep/microservices/connection-service/infrastructure/api/connection_grpc_handler.go:188","msg":"Checking connection between user with ID: 62b2289bb4f26da2ab33469e and user with ID: 62b222d3a8a4fc06d3f2e1a1","time":"2022-06-21T22:29:55+02:00"}
{"level":"info","method":"C:/xws-bsep/microservices/connection-service/infrastructure/api/connection_grpc_handler.go:116","msg":"Creating connection between user with ID: 62b2289bb4f26da2ab33469e and user with ID: 62b222d3a8a4fc06d3f2e1a1 successful","time":"2022-06-21T22:29:57+02:00"}
{"level":"info","method":"C:/xws-bsep/microservices/connection-service/infrastructure/api/connection_grpc_handler.go:188","msg":"Checking connection between user with ID: 62b2289bb4f26da2ab33469e and user with ID: 62b2289bb4f26da2ab33469e","time":"2022-06-21T22:29:57+02:00"}
{"level":"info","method":"C:/xws-bsep/microservices/connection-service/infrastructure/api/connection_grpc_handler.go:188","msg":"Checking connection between user with ID: 62b2289bb4f26da2ab33469e and user with ID: 62b2285cb4f26da2ab33469d","time":"2022-06-21T22:29:57+02:00"}
{"level":"info","method":"C:/xws-bsep/microservices/connection-service/infrastructure/api/connection_grpc_handler.go:188","msg":"Checking connection between user with ID: 62b2289bb4f26da2ab33469e and user with ID: 62b222d3a8a4fc06d3f2e1a1","time":"2022-06-21T22:29:57+02:00"}
{"level":"info","method":"C:/xws-bsep/microservices/connection-service/infrastructure/api/connection_grpc_handler.go:188","msg":"Checking connection between user with ID: 62b2289bb4f26da2ab33469e and user with ID: 62b2289bb4f26da2ab33469e","time":"2022-06-21T22:30:20+02:00"}
{"level":"info","method":"C:/xws-bsep/microservices/connection-service/infrastructure/api/connection_grpc_handler.go:188","msg":"Checking connection between user with ID: 62b2289bb4f26da2ab33469e and user with ID: 62b2285cb4f26da2ab33469d","time":"2022-06-21T22:30:20+02:00"}
{"level":"info","method":"C:/xws-bsep/microservices/connection-service/infrastructure/api/connection_grpc_handler.go:188","msg":"Checking connection between user with ID: 62b2289bb4f26da2ab33469e and user with ID: 62b222d3a8a4fc06d3f2e1a1","time":"2022-06-21T22:30:20+02:00"}
{"level":"info","method":"C:/xws-bsep/microservices/connection-service/infrastructure/api/connection_grpc_handler.go:188","msg":"Checking connection between user with ID: 62b2289bb4f26da2ab33469e and user with ID: 62b2289bb4f26da2ab33469e","time":"2022-06-21T22:31:42+02:00"}
{"level":"info","method":"C:/xws-bsep/microservices/connection-service/infrastructure/api/connection_grpc_handler.go:188","msg":"Checking connection between user with ID: 62b2289bb4f26da2ab33469e and user with ID: 62b2285cb4f26da2ab33469d","time":"2022-06-21T22:31:42+02:00"}
{"level":"info","method":"C:/xws-bsep/microservices/connection-service/infrastructure/api/connection_grpc_handler.go:188","msg":"Checking connection between user with ID: 62b2289bb4f26da2ab33469e and user with ID: 62b2289bb4f26da2ab33469e","time":"2022-06-21T22:31:48+02:00"}
{"level":"info","method":"C:/xws-bsep/microservices/connection-service/infrastructure/api/connection_grpc_handler.go:188","msg":"Checking connection between user with ID: 62b2289bb4f26da2ab33469e and user with ID: 62b2285cb4f26da2ab33469d","time":"2022-06-21T22:31:48+02:00"}
{"level":"info","method":"C:/xws-bsep/microservices/connection-service/infrastructure/api/connection_grpc_handler.go:188","msg":"Checking connection between user with ID: 62b2289bb4f26da2ab33469e and user with ID: 62b2289bb4f26da2ab33469e","time":"2022-06-21T22:37:30+02:00"}
{"level":"info","method":"C:/xws-bsep/microservices/connection-service/infrastructure/api/connection_grpc_handler.go:188","msg":"Checking connection between user with ID: 62b2289bb4f26da2ab33469e and user with ID: 62b2285cb4f26da2ab33469d","time":"2022-06-21T22:37:30+02:00"}
{"level":"info","method":"C:/xws-bsep/microservices/connection-service/infrastructure/api/connection_grpc_handler.go:188","msg":"Checking connection between user with ID: 62b2289bb4f26da2ab33469e and user with ID: 62b2289bb4f26da2ab33469e","time":"2022-06-21T22:37:37+02:00"}
{"level":"info","method":"C:/xws-bsep/microservices/connection-service/infrastructure/api/connection_grpc_handler.go:188","msg":"Checking connection between user with ID: 62b2289bb4f26da2ab33469e and user with ID: 62b2285cb4f26da2ab33469d","time":"2022-06-21T22:37:37+02:00"}
{"level":"info","method":"C:/xws-bsep/microservices/connection-service/startup/server.go:40","msg":"Neo4J initialization for connection service successful, PORT: 8084, HOST: localhost","time":"2022-06-21T22:47:18+02:00"}
{"level":"info","method":"C:/xws-bsep/microservices/connection-service/startup/server.go:46","msg":"Starting gRPC server for connection service","time":"2022-06-21T22:47:18+02:00"}
{"level":"info","method":"C:/xws-bsep/microservices/connection-service/infrastructure/api/connection_grpc_handler.go:188","msg":"Checking connection between user with ID: 62b2289bb4f26da2ab33469e and user with ID: 62b2289bb4f26da2ab33469e","time":"2022-06-21T22:47:43+02:00"}
{"level":"info","method":"C:/xws-bsep/microservices/connection-service/infrastructure/api/connection_grpc_handler.go:188","msg":"Checking connection between user with ID: 62b2289bb4f26da2ab33469e and user with ID: 62b2285cb4f26da2ab33469d","time":"2022-06-21T22:47:44+02:00"}
{"level":"info","method":"C:/xws-bsep/microservices/connection-service/infrastructure/api/connection_grpc_handler.go:188","msg":"Checking connection between user with ID: 62b2289bb4f26da2ab33469e and user with ID: 62b2289bb4f26da2ab33469e","time":"2022-06-21T22:49:43+02:00"}
{"level":"info","method":"C:/xws-bsep/microservices/connection-service/infrastructure/api/connection_grpc_handler.go:188","msg":"Checking connection between user with ID: 62b2289bb4f26da2ab33469e and user with ID: 62b2285cb4f26da2ab33469d","time":"2022-06-21T22:49:43+02:00"}
{"level":"info","method":"C:/xws-bsep/microservices/connection-service/infrastructure/api/connection_grpc_handler.go:188","msg":"Checking connection between user with ID: 62b2289bb4f26da2ab33469e and user with ID: 62b2289bb4f26da2ab33469e","time":"2022-06-21T22:50:29+02:00"}
{"level":"info","method":"C:/xws-bsep/microservices/connection-service/infrastructure/api/connection_grpc_handler.go:188","msg":"Checking connection between user with ID: 62b2289bb4f26da2ab33469e and user with ID: 62b2285cb4f26da2ab33469d","time":"2022-06-21T22:50:29+02:00"}
{"level":"info","method":"C:/xws-bsep/microservices/connection-service/startup/server.go:40","msg":"Neo4J initialization for connection service successful, PORT: 8084, HOST: localhost","time":"2022-06-21T22:53:09+02:00"}
{"level":"info","method":"C:/xws-bsep/microservices/connection-service/startup/server.go:46","msg":"Starting gRPC server for connection service","time":"2022-06-21T22:53:09+02:00"}
{"level":"info","method":"C:/xws-bsep/microservices/connection-service/infrastructure/api/connection_grpc_handler.go:188","msg":"Checking connection between user with ID: 62b2289bb4f26da2ab33469e and user with ID: 62b2289bb4f26da2ab33469e","time":"2022-06-21T22:54:13+02:00"}
{"level":"info","method":"C:/xws-bsep/microservices/connection-service/infrastructure/api/connection_grpc_handler.go:188","msg":"Checking connection between user with ID: 62b2289bb4f26da2ab33469e and user with ID: 62b2285cb4f26da2ab33469d","time":"2022-06-21T22:54:13+02:00"}
{"level":"info","method":"C:/xws-bsep/microservices/connection-service/infrastructure/api/connection_grpc_handler.go:188","msg":"Checking connection between user with ID: 62b2289bb4f26da2ab33469e and user with ID: 62b2289bb4f26da2ab33469e","time":"2022-06-21T22:54:19+02:00"}
{"level":"info","method":"C:/xws-bsep/microservices/connection-service/infrastructure/api/connection_grpc_handler.go:188","msg":"Checking connection between user with ID: 62b2289bb4f26da2ab33469e and user with ID: 62b2285cb4f26da2ab33469d","time":"2022-06-21T22:54:19+02:00"}
{"level":"info","method":"C:/xws-bsep/microservices/connection-service/startup/server.go:40","msg":"Neo4J initialization for connection service successful, PORT: 8084, HOST: localhost","time":"2022-06-21T22:54:48+02:00"}
{"level":"info","method":"C:/xws-bsep/microservices/connection-service/startup/server.go:46","msg":"Starting gRPC server for connection service","time":"2022-06-21T22:54:48+02:00"}
{"level":"info","method":"C:/xws-bsep/microservices/connection-service/infrastructure/api/connection_grpc_handler.go:188","msg":"Checking connection between user with ID: 62b2289bb4f26da2ab33469e and user with ID: 62b2289bb4f26da2ab33469e","time":"2022-06-21T23:01:22+02:00"}
{"level":"info","method":"C:/xws-bsep/microservices/connection-service/infrastructure/api/connection_grpc_handler.go:188","msg":"Checking connection between user with ID: 62b2289bb4f26da2ab33469e and user with ID: 62b2285cb4f26da2ab33469d","time":"2022-06-21T23:01:23+02:00"}
{"level":"info","method":"C:/xws-bsep/microservices/connection-service/infrastructure/api/connection_grpc_handler.go:188","msg":"Checking connection between user with ID: 62b2289bb4f26da2ab33469e and user with ID: 62b2289bb4f26da2ab33469e","time":"2022-06-21T23:01:24+02:00"}
{"level":"info","method":"C:/xws-bsep/microservices/connection-service/infrastructure/api/connection_grpc_handler.go:188","msg":"Checking connection between user with ID: 62b2289bb4f26da2ab33469e and user with ID: 62b2285cb4f26da2ab33469d","time":"2022-06-21T23:01:24+02:00"}
{"level":"info","method":"C:/xws-bsep/microservices/connection-service/infrastructure/api/connection_grpc_handler.go:188","msg":"Checking connection between user with ID: 62b2289bb4f26da2ab33469e and user with ID: 62b2289bb4f26da2ab33469e","time":"2022-06-21T23:04:16+02:00"}
{"level":"info","method":"C:/xws-bsep/microservices/connection-service/infrastructure/api/connection_grpc_handler.go:188","msg":"Checking connection between user with ID: 62b2289bb4f26da2ab33469e and user with ID: 62b2285cb4f26da2ab33469d","time":"2022-06-21T23:04:16+02:00"}
{"level":"info","method":"C:/xws-bsep/microservices/connection-service/infrastructure/api/connection_grpc_handler.go:188","msg":"Checking connection between user with ID: 62b2289bb4f26da2ab33469e and user with ID: 62b2289bb4f26da2ab33469e","time":"2022-06-21T23:04:21+02:00"}
{"level":"info","method":"C:/xws-bsep/microservices/connection-service/infrastructure/api/connection_grpc_handler.go:188","msg":"Checking connection between user with ID: 62b2289bb4f26da2ab33469e and user with ID: 62b2285cb4f26da2ab33469d","time":"2022-06-21T23:04:21+02:00"}
{"level":"info","method":"C:/xws-bsep/microservices/connection-service/infrastructure/api/connection_grpc_handler.go:188","msg":"Checking connection between user with ID: 62b2289bb4f26da2ab33469e and user with ID: 62b2289bb4f26da2ab33469e","time":"2022-06-21T23:04:44+02:00"}
{"level":"info","method":"C:/xws-bsep/microservices/connection-service/infrastructure/api/connection_grpc_handler.go:188","msg":"Checking connection between user with ID: 62b2289bb4f26da2ab33469e and user with ID: 62b2285cb4f26da2ab33469d","time":"2022-06-21T23:04:44+02:00"}
{"level":"info","method":"C:/xws-bsep/microservices/connection-service/infrastructure/api/connection_grpc_handler.go:188","msg":"Checking connection between user with ID: 62b2289bb4f26da2ab33469e and user with ID: 62b2289bb4f26da2ab33469e","time":"2022-06-21T23:04:58+02:00"}
{"level":"info","method":"C:/xws-bsep/microservices/connection-service/infrastructure/api/connection_grpc_handler.go:188","msg":"Checking connection between user with ID: 62b2289bb4f26da2ab33469e and user with ID: 62b2285cb4f26da2ab33469d","time":"2022-06-21T23:04:58+02:00"}
{"level":"info","method":"C:/xws-bsep/microservices/connection-service/infrastructure/api/connection_grpc_handler.go:188","msg":"Checking connection between user with ID: 62b2289bb4f26da2ab33469e and user with ID: 62b2289bb4f26da2ab33469e","time":"2022-06-21T23:05:12+02:00"}
{"level":"info","method":"C:/xws-bsep/microservices/connection-service/infrastructure/api/connection_grpc_handler.go:188","msg":"Checking connection between user with ID: 62b2289bb4f26da2ab33469e and user with ID: 62b2285cb4f26da2ab33469d","time":"2022-06-21T23:05:12+02:00"}
{"level":"info","method":"C:/xws-bsep/microservices/connection-service/infrastructure/api/connection_grpc_handler.go:188","msg":"Checking connection between user with ID: 62b2289bb4f26da2ab33469e and user with ID: 62b2289bb4f26da2ab33469e","time":"2022-06-21T23:05:30+02:00"}
{"level":"info","method":"C:/xws-bsep/microservices/connection-service/infrastructure/api/connection_grpc_handler.go:188","msg":"Checking connection between user with ID: 62b2289bb4f26da2ab33469e and user with ID: 62b2285cb4f26da2ab33469d","time":"2022-06-21T23:05:30+02:00"}
{"level":"info","method":"C:/xws-bsep/microservices/connection-service/infrastructure/api/connection_grpc_handler.go:188","msg":"Checking connection between user with ID: 62b2289bb4f26da2ab33469e and user with ID: 62b2289bb4f26da2ab33469e","time":"2022-06-21T23:05:39+02:00"}
{"level":"info","method":"C:/xws-bsep/microservices/connection-service/infrastructure/api/connection_grpc_handler.go:188","msg":"Checking connection between user with ID: 62b2289bb4f26da2ab33469e and user with ID: 62b2285cb4f26da2ab33469d","time":"2022-06-21T23:05:39+02:00"}
{"level":"info","method":"C:/xws-bsep/microservices/connection-service/infrastructure/api/connection_grpc_handler.go:49","msg":"Found 0 connections for user with ID: 62b2285cb4f26da2ab33469d","time":"2022-06-21T23:05:58+02:00"}
{"level":"info","method":"C:/xws-bsep/microservices/connection-service/infrastructure/api/connection_grpc_handler.go:188","msg":"Checking connection between user with ID: 62b2285cb4f26da2ab33469d and user with ID: 62b2285cb4f26da2ab33469d","time":"2022-06-21T23:06:02+02:00"}
{"level":"info","method":"C:/xws-bsep/microservices/connection-service/infrastructure/api/connection_grpc_handler.go:188","msg":"Checking connection between user with ID: 62b2285cb4f26da2ab33469d and user with ID: 62b2289bb4f26da2ab33469e","time":"2022-06-21T23:06:03+02:00"}
