{"level":"error","mehtod":"C:/XWS-projekat/xws-bsep-beckend/xws-bsep/microservices/user-service/infrastructure/api/user_grpc_handler.go:107","msg":"User is not inserted","time":"2022-06-13T11:17:50+02:00"}
{"level":"error","mehtod":"C:/XWS-projekat/xws-bsep-beckend/xws-bsep/microservices/user-service/infrastructure/api/user_grpc_handler.go:166","msg":"User with ID:62a879ac38b28c5f6dd86978 not found","time":"2022-06-14T14:48:41+02:00"}
{"level":"error","mehtod":"C:/XWS-projekat/xws-bsep-beckend/xws-bsep/microservices/user-service/infrastructure/api/user_grpc_handler.go:166","msg":"User with ID:62a879ac38b28c5f6dd86978 not found","time":"2022-06-14T14:49:12+02:00"}
{"level":"error","mehtod":"C:/XWS-projekat/xws-bsep-beckend/xws-bsep/microservices/user-service/infrastructure/api/user_grpc_handler.go:328","msg":"User with ID:62a883e2e3d4d6415407736e not found","time":"2022-06-14T14:49:47+02:00"}
{"level":"error","mehtod":"C:/XWS-projekat/xws-bsep-beckend/xws-bsep/microservices/user-service/infrastructure/api/user_grpc_handler.go:328","msg":"User with ID:62a883e2e3d4d6415407736e not found","time":"2022-06-14T14:49:48+02:00"}
{"level":"error","mehtod":"C:/XWS-projekat/xws-bsep-beckend/xws-bsep/microservices/user-service/infrastructure/api/user_grpc_handler.go:107","msg":"User is not inserted","time":"2022-06-15T00:44:14+02:00"}{"level":"error","mehtod":"C:/xws-bsep/microservices/user-service/infrastructure/api/user_grpc_handler.go:122","msg":"User is not inserted","time":"2022-06-23T11:24:53+02:00"}
{"level":"error","mehtod":"C:/xws-bsep/microservices/user-service/startup/server.go:87","msg":"Failed to listen: %v\u003cnil\u003e","time":"2022-07-04T22:50:09+02:00"}
{"level":"error","mehtod":"C:/xws-bsep/microservices/user-service/infrastructure/api/user_grpc_handler.go:122","msg":"User is not inserted","time":"2022-07-06T17:06:43+02:00"}
{"level":"error","mehtod":"C:/xws-bsep/microservices/user-service/infrastructure/api/user_grpc_handler.go:122","msg":"User is not inserted","time":"2022-07-06T17:06:57+02:00"}
{"level":"error","mehtod":"C:/xws-bsep/microservices/user-service/startup/server.go:87","msg":"Failed to listen: %v\u003cnil\u003e","time":"2022-07-06T17:17:17+02:00"}
{"level":"error","mehtod":"C:/xws-bsep/microservices/user-service/startup/server.go:87","msg":"Failed to listen: %v\u003cnil\u003e","time":"2022-07-06T21:36:47+02:00"}
{"level":"error","mehtod":"C:/xws-bsep/microservices/user-service/infrastructure/api/user_grpc_handler.go:350","msg":"User with ID:62c5ea5a158b08b3c1c04bfc not found","time":"2022-07-06T22:02:45+02:00"}
{"level":"error","mehtod":"C:/xws-bsep/microservices/user-service/infrastructure/api/user_grpc_handler.go:350","msg":"User with ID:62c5ea5a158b08b3c1c04bfc not found","time":"2022-07-06T22:03:02+02:00"}
{"level":"error","mehtod":"C:/xws-bsep/microservices/user-service/infrastructure/api/user_grpc_handler.go:350","msg":"User with ID:62c5ea5a158b08b3c1c04bfc not found","time":"2022-07-06T22:03:08+02:00"}
{"level":"error","mehtod":"C:/xws-bsep/microservices/user-service/infrastructure/api/user_grpc_handler.go:350","msg":"User with ID:62c5ea5a158b08b3c1c04bfc not found","time":"2022-07-06T22:04:33+02:00"}
{"level":"error","mehtod":"C:/xws-bsep/microservices/user-service/infrastructure/api/user_grpc_handler.go:350","msg":"User with ID:62c5ea5a158b08b3c1c04bfc not found","time":"2022-07-06T22:04:53+02:00"}
{"level":"error","mehtod":"C:/xws-bsep/microservices/user-service/startup/server.go:87","msg":"Failed to listen: %v\u003cnil\u003e","time":"2022-07-07T23:31:02+02:00"}
[31mERRO[0m[0000]C:/xws-bsep/microservices/user-service/startup/server.go:135 Failed to listen: %v<nil>                    
[31mERRO[0m[0000]C:/xws-bsep/microservices/user-service/startup/server.go:135 Failed to listen: %v<nil>                    
[31mERRO[0m[0118]C:/xws-bsep/microservices/user-service/infrastructure/api/user_grpc_handler.go:350 User with ID:62c9a331125f99a7031fc49c not found 
[31mERRO[0m[0119]C:/xws-bsep/microservices/user-service/infrastructure/api/user_grpc_handler.go:350 User with ID:62c9a331125f99a7031fc49c not found 
[31mERRO[0m[0125]C:/xws-bsep/microservices/user-service/infrastructure/api/user_grpc_handler.go:350 User with ID:62c9a331125f99a7031fc49c not found 
[31mERRO[0m[0127]C:/xws-bsep/microservices/user-service/infrastructure/api/user_grpc_handler.go:350 User with ID:62c9a331125f99a7031fc49c not found 
