{"email":"sanja.drinic776+1@gmail.com","level":"info","mehtod":"/infrastructure/api/user_grpc_handler.go:101","msg":"User with email: sanja.drinic776+1@gmail.com is updating profile","time":"2022-06-16T16:51:11+02:00"}
{"email":"sanja.drinic776+2@gmail.com","level":"info","mehtod":"/infrastructure/api/user_grpc_handler.go:101","msg":"User with email: sanja.drinic776+2@gmail.com is updating profile","time":"2022-06-16T16:52:08+02:00"}
{"email":"sanja.princess99@gmail.com","level":"info","mehtod":"/infrastructure/api/user_grpc_handler.go:101","msg":"User with email: sanja.princess99@gmail.com is updating profile","time":"2022-06-16T16:53:55+02:00"}
{"email":"sanja.princess99@gmail.com","level":"info","mehtod":"/infrastructure/api/user_grpc_handler.go:101","msg":"User with email: sanja.princess99@gmail.com is updating profile","time":"2022-06-16T17:07:24+02:00"}
{"email":"sanja.drinic776+2@gmail.com","level":"info","mehtod":"/infrastructure/api/user_grpc_handler.go:101","msg":"User with email: sanja.drinic776+2@gmail.com is updating profile","time":"2022-06-16T17:08:16+02:00"}
{"level":"info","mehtod":"/infrastructure/api/user_grpc_handler.go:50","msg":"Getting all public accounts","time":"2022-06-16T17:46:57+02:00"}
{"email":"sanja.drinic776+b@gmail.com","level":"info","mehtod":"/infrastructure/api/user_grpc_handler.go:101","msg":"User with email: sanja.drinic776+b@gmail.com is updating profile","time":"2022-06-16T17:47:20+02:00"}
{"id":"62ab4760a4abdc113cdf2b17","level":"info","mehtod":"/infrastructure/api/user_grpc_handler.go:304","msg":"Checking active status by user with id: 62ab4760a4abdc113cdf2b17","time":"2022-06-16T17:47:38+02:00"}
{"id":"62ab5088a7f223b9025dc736","level":"info","mehtod":"/infrastructure/api/user_grpc_handler.go:304","msg":"Checking active status by user with id: 62ab5088a7f223b9025dc736","time":"2022-06-16T17:47:46+02:00"}
{"id":"62ab5088a7f223b9025dc736","level":"info","mehtod":"/infrastructure/api/user_grpc_handler.go:158","msg":"Getting user by id: 62ab5088a7f223b9025dc736","time":"2022-06-16T17:47:54+02:00"}
{"level":"info","mehtod":"C:/XWS-projekat/xws-bsep-beckend/xws-bsep/microservices/user-service/infrastructure/api/user_grpc_handler.go:52","msg":"Getting all public accounts","time":"2022-06-17T14:36:57+02:00"}
{"level":"info","mehtod":"C:/XWS-projekat/xws-bsep-beckend/xws-bsep/microservices/user-service/infrastructure/api/user_grpc_handler.go:52","msg":"Getting all public accounts","time":"2022-06-17T14:36:57+02:00"}
{"level":"info","mehtod":"C:/XWS-projekat/xws-bsep-beckend/xws-bsep/microservices/user-service/infrastructure/api/user_grpc_handler.go:52","msg":"Getting all public accounts","time":"2022-06-17T14:36:57+02:00"}
{"level":"info","mehtod":"C:/XWS-projekat/xws-bsep-beckend/xws-bsep/microservices/user-service/infrastructure/api/user_grpc_handler.go:52","msg":"Getting all public accounts","time":"2022-06-17T14:36:57+02:00"}
{"level":"info","mehtod":"C:/XWS-projekat/xws-bsep-beckend/xws-bsep/microservices/user-service/infrastructure/api/user_grpc_handler.go:52","msg":"Getting all public accounts","time":"2022-06-17T14:36:57+02:00"}
{"level":"info","mehtod":"C:/XWS-projekat/xws-bsep-beckend/xws-bsep/microservices/user-service/infrastructure/api/user_grpc_handler.go:52","msg":"Getting all public accounts","time":"2022-06-17T14:36:57+02:00"}
{"level":"info","mehtod":"C:/XWS-projekat/xws-bsep-beckend/xws-bsep/microservices/user-service/infrastructure/api/user_grpc_handler.go:52","msg":"Getting all public accounts","time":"2022-06-17T14:36:57+02:00"}
{"level":"info","mehtod":"C:/XWS-projekat/xws-bsep-beckend/xws-bsep/microservices/user-service/infrastructure/api/user_grpc_handler.go:52","msg":"Getting all public accounts","time":"2022-06-17T14:36:57+02:00"}
{"level":"info","mehtod":"C:/XWS-projekat/xws-bsep-beckend/xws-bsep/microservices/user-service/infrastructure/api/user_grpc_handler.go:52","msg":"Getting all public accounts","time":"2022-06-17T14:36:57+02:00"}
{"level":"info","mehtod":"C:/XWS-projekat/xws-bsep-beckend/xws-bsep/microservices/user-service/infrastructure/api/user_grpc_handler.go:52","msg":"Getting all public accounts","time":"2022-06-17T14:36:57+02:00"}
{"level":"info","mehtod":"C:/XWS-projekat/xws-bsep-beckend/xws-bsep/microservices/user-service/infrastructure/api/user_grpc_handler.go:52","msg":"Getting all public accounts","time":"2022-06-17T14:36:57+02:00"}
{"level":"info","mehtod":"C:/XWS-projekat/xws-bsep-beckend/xws-bsep/microservices/user-service/infrastructure/api/user_grpc_handler.go:52","msg":"Getting all public accounts","time":"2022-06-17T14:36:57+02:00"}
{"level":"info","mehtod":"C:/XWS-projekat/xws-bsep-beckend/xws-bsep/microservices/user-service/infrastructure/api/user_grpc_handler.go:52","msg":"Getting all public accounts","time":"2022-06-17T14:36:57+02:00"}
{"level":"info","mehtod":"C:/XWS-projekat/xws-bsep-beckend/xws-bsep/microservices/user-service/infrastructure/api/user_grpc_handler.go:52","msg":"Getting all public accounts","time":"2022-06-17T14:36:57+02:00"}
{"level":"info","mehtod":"C:/XWS-projekat/xws-bsep-beckend/xws-bsep/microservices/user-service/infrastructure/api/user_grpc_handler.go:52","msg":"Getting all public accounts","time":"2022-06-17T14:36:57+02:00"}
{"level":"info","mehtod":"C:/XWS-projekat/xws-bsep-beckend/xws-bsep/microservices/user-service/infrastructure/api/user_grpc_handler.go:52","msg":"Getting all public accounts","time":"2022-06-17T14:36:57+02:00"}
{"level":"info","mehtod":"C:/XWS-projekat/xws-bsep-beckend/xws-bsep/microservices/user-service/infrastructure/api/user_grpc_handler.go:52","msg":"Getting all public accounts","time":"2022-06-17T14:36:57+02:00"}
{"level":"info","mehtod":"C:/XWS-projekat/xws-bsep-beckend/xws-bsep/microservices/user-service/infrastructure/api/user_grpc_handler.go:52","msg":"Getting all public accounts","time":"2022-06-17T14:36:57+02:00"}
{"level":"info","mehtod":"C:/XWS-projekat/xws-bsep-beckend/xws-bsep/microservices/user-service/infrastructure/api/user_grpc_handler.go:52","msg":"Getting all public accounts","time":"2022-06-17T14:36:57+02:00"}
{"level":"info","mehtod":"C:/XWS-projekat/xws-bsep-beckend/xws-bsep/microservices/user-service/infrastructure/api/user_grpc_handler.go:52","msg":"Getting all public accounts","time":"2022-06-17T14:36:57+02:00"}
{"level":"info","mehtod":"C:/XWS-projekat/xws-bsep-beckend/xws-bsep/microservices/user-service/infrastructure/api/user_grpc_handler.go:52","msg":"Getting all public accounts","time":"2022-06-17T14:36:57+02:00"}
{"level":"info","mehtod":"C:/XWS-projekat/xws-bsep-beckend/xws-bsep/microservices/user-service/infrastructure/api/user_grpc_handler.go:52","msg":"Getting all public accounts","time":"2022-06-17T14:36:57+02:00"}
{"level":"info","mehtod":"C:/XWS-projekat/xws-bsep-beckend/xws-bsep/microservices/user-service/infrastructure/api/user_grpc_handler.go:52","msg":"Getting all public accounts","time":"2022-06-17T14:36:57+02:00"}
{"level":"info","mehtod":"C:/XWS-projekat/xws-bsep-beckend/xws-bsep/microservices/user-service/infrastructure/api/user_grpc_handler.go:52","msg":"Getting all public accounts","time":"2022-06-17T14:36:57+02:00"}
{"level":"info","mehtod":"C:/XWS-projekat/xws-bsep-beckend/xws-bsep/microservices/user-service/infrastructure/api/user_grpc_handler.go:52","msg":"Getting all public accounts","time":"2022-06-17T14:36:57+02:00"}
{"level":"info","mehtod":"C:/XWS-projekat/xws-bsep-beckend/xws-bsep/microservices/user-service/infrastructure/api/user_grpc_handler.go:52","msg":"Getting all public accounts","time":"2022-06-17T14:36:57+02:00"}
{"level":"info","mehtod":"C:/XWS-projekat/xws-bsep-beckend/xws-bsep/microservices/user-service/infrastructure/api/user_grpc_handler.go:52","msg":"Getting all public accounts","time":"2022-06-17T14:36:57+02:00"}
{"level":"info","mehtod":"C:/XWS-projekat/xws-bsep-beckend/xws-bsep/microservices/user-service/infrastructure/api/user_grpc_handler.go:52","msg":"Getting all public accounts","time":"2022-06-17T14:36:57+02:00"}
{"level":"info","mehtod":"C:/XWS-projekat/xws-bsep-beckend/xws-bsep/microservices/user-service/infrastructure/api/user_grpc_handler.go:52","msg":"Getting all public accounts","time":"2022-06-17T14:36:57+02:00"}
{"level":"info","mehtod":"C:/XWS-projekat/xws-bsep-beckend/xws-bsep/microservices/user-service/infrastructure/api/user_grpc_handler.go:52","msg":"Getting all public accounts","time":"2022-06-17T14:36:57+02:00"}
{"level":"info","mehtod":"C:/XWS-projekat/xws-bsep-beckend/xws-bsep/microservices/user-service/infrastructure/api/user_grpc_handler.go:52","msg":"Getting all public accounts","time":"2022-06-17T14:36:57+02:00"}
{"level":"info","mehtod":"C:/XWS-projekat/xws-bsep-beckend/xws-bsep/microservices/user-service/infrastructure/api/user_grpc_handler.go:52","msg":"Getting all public accounts","time":"2022-06-17T14:36:57+02:00"}
{"level":"info","mehtod":"C:/XWS-projekat/xws-bsep-beckend/xws-bsep/microservices/user-service/infrastructure/api/user_grpc_handler.go:52","msg":"Getting all public accounts","time":"2022-06-17T14:36:57+02:00"}
{"level":"info","mehtod":"C:/XWS-projekat/xws-bsep-beckend/xws-bsep/microservices/user-service/infrastructure/api/user_grpc_handler.go:52","msg":"Getting all public accounts","time":"2022-06-17T14:36:57+02:00"}
{"level":"info","mehtod":"C:/XWS-projekat/xws-bsep-beckend/xws-bsep/microservices/user-service/infrastructure/api/user_grpc_handler.go:52","msg":"Getting all public accounts","time":"2022-06-17T14:36:57+02:00"}
{"level":"info","mehtod":"C:/XWS-projekat/xws-bsep-beckend/xws-bsep/microservices/user-service/infrastructure/api/user_grpc_handler.go:52","msg":"Getting all public accounts","time":"2022-06-17T14:36:57+02:00"}
{"level":"info","mehtod":"C:/XWS-projekat/xws-bsep-beckend/xws-bsep/microservices/user-service/infrastructure/api/user_grpc_handler.go:52","msg":"Getting all public accounts","time":"2022-06-17T14:36:57+02:00"}
{"level":"info","mehtod":"C:/XWS-projekat/xws-bsep-beckend/xws-bsep/microservices/user-service/infrastructure/api/user_grpc_handler.go:52","msg":"Getting all public accounts","time":"2022-06-17T14:36:57+02:00"}
{"level":"info","mehtod":"C:/XWS-projekat/xws-bsep-beckend/xws-bsep/microservices/user-service/infrastructure/api/user_grpc_handler.go:52","msg":"Getting all public accounts","time":"2022-06-17T14:36:57+02:00"}
{"level":"info","mehtod":"C:/XWS-projekat/xws-bsep-beckend/xws-bsep/microservices/user-service/infrastructure/api/user_grpc_handler.go:52","msg":"Getting all public accounts","time":"2022-06-17T14:36:57+02:00"}
{"level":"info","mehtod":"C:/XWS-projekat/xws-bsep-beckend/xws-bsep/microservices/user-service/infrastructure/api/user_grpc_handler.go:52","msg":"Getting all public accounts","time":"2022-06-17T14:36:57+02:00"}
{"level":"info","mehtod":"C:/XWS-projekat/xws-bsep-beckend/xws-bsep/microservices/user-service/infrastructure/api/user_grpc_handler.go:52","msg":"Getting all public accounts","time":"2022-06-17T14:36:57+02:00"}
{"level":"info","mehtod":"C:/XWS-projekat/xws-bsep-beckend/xws-bsep/microservices/user-service/infrastructure/api/user_grpc_handler.go:52","msg":"Getting all public accounts","time":"2022-06-17T14:36:57+02:00"}
{"level":"info","mehtod":"C:/XWS-projekat/xws-bsep-beckend/xws-bsep/microservices/user-service/infrastructure/api/user_grpc_handler.go:52","msg":"Getting all public accounts","time":"2022-06-17T14:36:57+02:00"}
{"level":"info","mehtod":"C:/XWS-projekat/xws-bsep-beckend/xws-bsep/microservices/user-service/infrastructure/api/user_grpc_handler.go:52","msg":"Getting all public accounts","time":"2022-06-17T14:36:57+02:00"}
{"level":"info","mehtod":"C:/XWS-projekat/xws-bsep-beckend/xws-bsep/microservices/user-service/infrastructure/api/user_grpc_handler.go:52","msg":"Getting all public accounts","time":"2022-06-17T14:36:57+02:00"}
{"level":"info","mehtod":"C:/XWS-projekat/xws-bsep-beckend/xws-bsep/microservices/user-service/infrastructure/api/user_grpc_handler.go:52","msg":"Getting all public accounts","time":"2022-06-17T14:36:57+02:00"}
{"level":"info","mehtod":"C:/XWS-projekat/xws-bsep-beckend/xws-bsep/microservices/user-service/infrastructure/api/user_grpc_handler.go:52","msg":"Getting all public accounts","time":"2022-06-17T14:36:57+02:00"}
{"level":"info","mehtod":"C:/XWS-projekat/xws-bsep-beckend/xws-bsep/microservices/user-service/infrastructure/api/user_grpc_handler.go:52","msg":"Getting all public accounts","time":"2022-06-17T14:36:57+02:00"}
{"level":"info","mehtod":"C:/XWS-projekat/xws-bsep-beckend/xws-bsep/microservices/user-service/infrastructure/api/user_grpc_handler.go:52","msg":"Getting all public accounts","time":"2022-06-17T14:36:57+02:00"}
{"level":"info","mehtod":"C:/XWS-projekat/xws-bsep-beckend/xws-bsep/microservices/user-service/infrastructure/api/user_grpc_handler.go:52","msg":"Getting all public accounts","time":"2022-06-17T14:36:57+02:00"}
{"level":"info","mehtod":"C:/XWS-projekat/xws-bsep-beckend/xws-bsep/microservices/user-service/infrastructure/api/user_grpc_handler.go:52","msg":"Getting all public accounts","time":"2022-06-17T14:36:57+02:00"}
{"level":"info","mehtod":"C:/XWS-projekat/xws-bsep-beckend/xws-bsep/microservices/user-service/infrastructure/api/user_grpc_handler.go:52","msg":"Getting all public accounts","time":"2022-06-17T14:36:57+02:00"}
{"level":"info","mehtod":"C:/XWS-projekat/xws-bsep-beckend/xws-bsep/microservices/user-service/infrastructure/api/user_grpc_handler.go:52","msg":"Getting all public accounts","time":"2022-06-17T14:36:57+02:00"}
{"level":"info","mehtod":"C:/XWS-projekat/xws-bsep-beckend/xws-bsep/microservices/user-service/infrastructure/api/user_grpc_handler.go:52","msg":"Getting all public accounts","time":"2022-06-17T14:36:57+02:00"}
{"level":"info","mehtod":"C:/XWS-projekat/xws-bsep-beckend/xws-bsep/microservices/user-service/infrastructure/api/user_grpc_handler.go:52","msg":"Getting all public accounts","time":"2022-06-17T14:36:57+02:00"}
{"level":"info","mehtod":"C:/XWS-projekat/xws-bsep-beckend/xws-bsep/microservices/user-service/infrastructure/api/user_grpc_handler.go:52","msg":"Getting all public accounts","time":"2022-06-17T14:36:57+02:00"}
{"level":"info","mehtod":"C:/XWS-projekat/xws-bsep-beckend/xws-bsep/microservices/user-service/infrastructure/api/user_grpc_handler.go:52","msg":"Getting all public accounts","time":"2022-06-17T14:36:57+02:00"}
{"level":"info","mehtod":"C:/XWS-projekat/xws-bsep-beckend/xws-bsep/microservices/user-service/infrastructure/api/user_grpc_handler.go:52","msg":"Getting all public accounts","time":"2022-06-17T14:36:57+02:00"}
{"level":"info","mehtod":"C:/XWS-projekat/xws-bsep-beckend/xws-bsep/microservices/user-service/infrastructure/api/user_grpc_handler.go:52","msg":"Getting all public accounts","time":"2022-06-17T14:36:57+02:00"}
{"level":"info","mehtod":"C:/XWS-projekat/xws-bsep-beckend/xws-bsep/microservices/user-service/infrastructure/api/user_grpc_handler.go:52","msg":"Getting all public accounts","time":"2022-06-17T14:36:57+02:00"}
{"level":"info","mehtod":"C:/XWS-projekat/xws-bsep-beckend/xws-bsep/microservices/user-service/infrastructure/api/user_grpc_handler.go:52","msg":"Getting all public accounts","time":"2022-06-17T14:36:57+02:00"}
{"level":"info","mehtod":"C:/XWS-projekat/xws-bsep-beckend/xws-bsep/microservices/user-service/infrastructure/api/user_grpc_handler.go:52","msg":"Getting all public accounts","time":"2022-06-17T14:36:57+02:00"}
{"level":"info","mehtod":"C:/XWS-projekat/xws-bsep-beckend/xws-bsep/microservices/user-service/infrastructure/api/user_grpc_handler.go:52","msg":"Getting all public accounts","time":"2022-06-17T14:36:57+02:00"}
{"level":"info","mehtod":"C:/XWS-projekat/xws-bsep-beckend/xws-bsep/microservices/user-service/infrastructure/api/user_grpc_handler.go:52","msg":"Getting all public accounts","time":"2022-06-17T14:36:57+02:00"}
{"level":"info","mehtod":"C:/XWS-projekat/xws-bsep-beckend/xws-bsep/microservices/user-service/infrastructure/api/user_grpc_handler.go:52","msg":"Getting all public accounts","time":"2022-06-17T14:36:57+02:00"}
{"level":"info","mehtod":"C:/XWS-projekat/xws-bsep-beckend/xws-bsep/microservices/user-service/infrastructure/api/user_grpc_handler.go:52","msg":"Getting all public accounts","time":"2022-06-17T14:36:58+02:00"}
{"level":"info","mehtod":"C:/XWS-projekat/xws-bsep-beckend/xws-bsep/microservices/user-service/infrastructure/api/user_grpc_handler.go:52","msg":"Getting all public accounts","time":"2022-06-17T14:36:58+02:00"}
{"level":"info","mehtod":"C:/XWS-projekat/xws-bsep-beckend/xws-bsep/microservices/user-service/infrastructure/api/user_grpc_handler.go:52","msg":"Getting all public accounts","time":"2022-06-17T14:36:58+02:00"}
{"email":"teodora.maruna@gmail.com","level":"info","mehtod":"C:/XWS-projekat/xws-bsep-beckend/xws-bsep/microservices/user-service/infrastructure/api/user_grpc_handler.go:116","msg":"User with email: teodora.maruna@gmail.com is updating profile","time":"2022-06-17T14:37:21+02:00"}
{"id":"62ac758131325f2946f1d6ec","level":"info","mehtod":"C:/XWS-projekat/xws-bsep-beckend/xws-bsep/microservices/user-service/infrastructure/api/user_grpc_handler.go:326","msg":"Checking active status by user with id: 62ac758131325f2946f1d6ec","time":"2022-06-17T14:37:36+02:00"}
{"id":"62ac758131325f2946f1d6ec","level":"info","mehtod":"C:/XWS-projekat/xws-bsep-beckend/xws-bsep/microservices/user-service/infrastructure/api/user_grpc_handler.go:180","msg":"Getting user by id: 62ac758131325f2946f1d6ec","time":"2022-06-17T14:37:43+02:00"}
{"id":"62ac758131325f2946f1d6ec","level":"info","mehtod":"C:/XWS-projekat/xws-bsep-beckend/xws-bsep/microservices/user-service/infrastructure/api/user_grpc_handler.go:180","msg":"Getting user by id: 62ac758131325f2946f1d6ec","time":"2022-06-17T14:37:45+02:00"}
{"id":"62ac758131325f2946f1d6ec","level":"info","mehtod":"C:/XWS-projekat/xws-bsep-beckend/xws-bsep/microservices/user-service/infrastructure/api/user_grpc_handler.go:180","msg":"Getting user by id: 62ac758131325f2946f1d6ec","time":"2022-06-17T14:37:59+02:00"}
{"id":"62ac758131325f2946f1d6ec","level":"info","mehtod":"C:/XWS-projekat/xws-bsep-beckend/xws-bsep/microservices/user-service/infrastructure/api/user_grpc_handler.go:180","msg":"Getting user by id: 62ac758131325f2946f1d6ec","time":"2022-06-17T14:38:00+02:00"}
{"id":"62ac758131325f2946f1d6ec","level":"info","mehtod":"C:/XWS-projekat/xws-bsep-beckend/xws-bsep/microservices/user-service/infrastructure/api/user_grpc_handler.go:180","msg":"Getting user by id: 62ac758131325f2946f1d6ec","time":"2022-06-17T14:38:02+02:00"}
{"id":"62ac758131325f2946f1d6ec","level":"info","mehtod":"C:/XWS-projekat/xws-bsep-beckend/xws-bsep/microservices/user-service/infrastructure/api/user_grpc_handler.go:180","msg":"Getting user by id: 62ac758131325f2946f1d6ec","time":"2022-06-17T14:38:03+02:00"}
{"id":"62ac758131325f2946f1d6ec","level":"info","mehtod":"C:/XWS-projekat/xws-bsep-beckend/xws-bsep/microservices/user-service/infrastructure/api/user_grpc_handler.go:180","msg":"Getting user by id: 62ac758131325f2946f1d6ec","time":"2022-06-17T14:38:03+02:00"}
{"id":"62ac758131325f2946f1d6ec","level":"info","mehtod":"C:/XWS-projekat/xws-bsep-beckend/xws-bsep/microservices/user-service/infrastructure/api/user_grpc_handler.go:180","msg":"Getting user by id: 62ac758131325f2946f1d6ec","time":"2022-06-17T14:38:18+02:00"}
{"id":"62ac758131325f2946f1d6ec","level":"info","mehtod":"C:/XWS-projekat/xws-bsep-beckend/xws-bsep/microservices/user-service/infrastructure/api/user_grpc_handler.go:148","msg":"User with ID: 62ac758131325f2946f1d6ec is updating profile","time":"2022-06-17T14:38:23+02:00"}
{"id":"62ac758131325f2946f1d6ec","level":"info","mehtod":"C:/XWS-projekat/xws-bsep-beckend/xws-bsep/microservices/user-service/infrastructure/api/user_grpc_handler.go:180","msg":"Getting user by id: 62ac758131325f2946f1d6ec","time":"2022-06-17T14:38:24+02:00"}
{"id":"62ac758131325f2946f1d6ec","level":"info","mehtod":"C:/XWS-projekat/xws-bsep-beckend/xws-bsep/microservices/user-service/infrastructure/api/user_grpc_handler.go:180","msg":"Getting user by id: 62ac758131325f2946f1d6ec","time":"2022-06-17T14:38:25+02:00"}
{"id":"62ac758131325f2946f1d6ec","level":"info","mehtod":"C:/XWS-projekat/xws-bsep-beckend/xws-bsep/microservices/user-service/infrastructure/api/user_grpc_handler.go:180","msg":"Getting user by id: 62ac758131325f2946f1d6ec","time":"2022-06-17T14:38:25+02:00"}
{"id":"62ac758131325f2946f1d6ec","level":"info","mehtod":"C:/XWS-projekat/xws-bsep-beckend/xws-bsep/microservices/user-service/infrastructure/api/user_grpc_handler.go:180","msg":"Getting user by id: 62ac758131325f2946f1d6ec","time":"2022-06-17T14:46:27+02:00"}
{"id":"62ac758131325f2946f1d6ec","level":"info","mehtod":"C:/XWS-projekat/xws-bsep-beckend/xws-bsep/microservices/user-service/infrastructure/api/user_grpc_handler.go:180","msg":"Getting user by id: 62ac758131325f2946f1d6ec","time":"2022-06-17T14:46:27+02:00"}
{"id":"62ac758131325f2946f1d6ec","level":"info","mehtod":"C:/XWS-projekat/xws-bsep-beckend/xws-bsep/microservices/user-service/infrastructure/api/user_grpc_handler.go:180","msg":"Getting user by id: 62ac758131325f2946f1d6ec","time":"2022-06-17T14:46:27+02:00"}
{"id":"62ac758131325f2946f1d6ec","level":"info","mehtod":"C:/XWS-projekat/xws-bsep-beckend/xws-bsep/microservices/user-service/infrastructure/api/user_grpc_handler.go:180","msg":"Getting user by id: 62ac758131325f2946f1d6ec","time":"2022-06-17T14:46:27+02:00"}
{"id":"62ac758131325f2946f1d6ec","level":"info","mehtod":"C:/XWS-projekat/xws-bsep-beckend/xws-bsep/microservices/user-service/infrastructure/api/user_grpc_handler.go:180","msg":"Getting user by id: 62ac758131325f2946f1d6ec","time":"2022-06-17T14:46:29+02:00"}
{"id":"62ac758131325f2946f1d6ec","level":"info","mehtod":"C:/XWS-projekat/xws-bsep-beckend/xws-bsep/microservices/user-service/infrastructure/api/user_grpc_handler.go:180","msg":"Getting user by id: 62ac758131325f2946f1d6ec","time":"2022-06-17T14:46:29+02:00"}
{"id":"62ac758131325f2946f1d6ec","level":"info","mehtod":"C:/XWS-projekat/xws-bsep-beckend/xws-bsep/microservices/user-service/infrastructure/api/user_grpc_handler.go:180","msg":"Getting user by id: 62ac758131325f2946f1d6ec","time":"2022-06-17T14:46:29+02:00"}
{"id":"62ac758131325f2946f1d6ec","level":"info","mehtod":"C:/XWS-projekat/xws-bsep-beckend/xws-bsep/microservices/user-service/infrastructure/api/user_grpc_handler.go:180","msg":"Getting user by id: 62ac758131325f2946f1d6ec","time":"2022-06-17T14:46:32+02:00"}
{"id":"62ac758131325f2946f1d6ec","level":"info","mehtod":"C:/XWS-projekat/xws-bsep-beckend/xws-bsep/microservices/user-service/infrastructure/api/user_grpc_handler.go:180","msg":"Getting user by id: 62ac758131325f2946f1d6ec","time":"2022-06-17T14:46:32+02:00"}
{"id":"62ac758131325f2946f1d6ec","level":"info","mehtod":"C:/XWS-projekat/xws-bsep-beckend/xws-bsep/microservices/user-service/infrastructure/api/user_grpc_handler.go:180","msg":"Getting user by id: 62ac758131325f2946f1d6ec","time":"2022-06-17T14:46:32+02:00"}
{"id":"62ac758131325f2946f1d6ec","level":"info","mehtod":"C:/XWS-projekat/xws-bsep-beckend/xws-bsep/microservices/user-service/infrastructure/api/user_grpc_handler.go:180","msg":"Getting user by id: 62ac758131325f2946f1d6ec","time":"2022-06-17T14:46:32+02:00"}
{"level":"info","mehtod":"C:/XWS-projekat/xws-bsep-beckend/xws-bsep/microservices/user-service/infrastructure/api/user_grpc_handler.go:52","msg":"Getting all public accounts","time":"2022-06-17T14:47:45+02:00"}
{"email":"teodora.maruna@gmail.com","level":"info","mehtod":"C:/XWS-projekat/xws-bsep-beckend/xws-bsep/microservices/user-service/infrastructure/api/user_grpc_handler.go:116","msg":"User with email: teodora.maruna@gmail.com is updating profile","time":"2022-06-17T14:47:57+02:00"}
{"id":"62ac77fdc53697c6039352b3","level":"info","mehtod":"C:/XWS-projekat/xws-bsep-beckend/xws-bsep/microservices/user-service/infrastructure/api/user_grpc_handler.go:326","msg":"Checking active status by user with id: 62ac77fdc53697c6039352b3","time":"2022-06-17T14:48:05+02:00"}
{"id":"62ac77fdc53697c6039352b3","level":"info","mehtod":"C:/XWS-projekat/xws-bsep-beckend/xws-bsep/microservices/user-service/infrastructure/api/user_grpc_handler.go:180","msg":"Getting user by id: 62ac77fdc53697c6039352b3","time":"2022-06-17T14:48:13+02:00"}
{"id":"62ac77fdc53697c6039352b3","level":"info","mehtod":"C:/XWS-projekat/xws-bsep-beckend/xws-bsep/microservices/user-service/infrastructure/api/user_grpc_handler.go:180","msg":"Getting user by id: 62ac77fdc53697c6039352b3","time":"2022-06-17T14:48:17+02:00"}
{"id":"62ac77fdc53697c6039352b3","level":"info","mehtod":"C:/XWS-projekat/xws-bsep-beckend/xws-bsep/microservices/user-service/infrastructure/api/user_grpc_handler.go:180","msg":"Getting user by id: 62ac77fdc53697c6039352b3","time":"2022-06-17T14:48:20+02:00"}
{"email":"huawei5242@gmail.com","level":"info","mehtod":"C:/xws-bsep/microservices/user-service/infrastructure/api/user_grpc_handler.go:116","msg":"User with email: huawei5242@gmail.com is updating profile","time":"2022-06-21T21:56:00+02:00"}
{"id":"62b22250a8a4fc06d3f2e1a0","level":"info","mehtod":"C:/xws-bsep/microservices/user-service/infrastructure/api/user_grpc_handler.go:326","msg":"Checking active status by user with id: 62b22250a8a4fc06d3f2e1a0","time":"2022-06-21T21:56:23+02:00"}
{"id":"62b22250a8a4fc06d3f2e1a0","level":"info","mehtod":"C:/xws-bsep/microservices/user-service/infrastructure/api/user_grpc_handler.go:180","msg":"Getting user by id: 62b22250a8a4fc06d3f2e1a0","time":"2022-06-21T21:56:38+02:00"}
{"level":"info","mehtod":"C:/xws-bsep/microservices/user-service/infrastructure/api/user_grpc_handler.go:52","msg":"Getting all public accounts","time":"2022-06-21T21:57:43+02:00"}
{"level":"info","mehtod":"C:/xws-bsep/microservices/user-service/infrastructure/api/user_grpc_handler.go:52","msg":"Getting all public accounts","time":"2022-06-21T21:57:43+02:00"}
{"level":"info","mehtod":"C:/xws-bsep/microservices/user-service/infrastructure/api/user_grpc_handler.go:52","msg":"Getting all public accounts","time":"2022-06-21T21:57:43+02:00"}
{"level":"info","mehtod":"C:/xws-bsep/microservices/user-service/infrastructure/api/user_grpc_handler.go:52","msg":"Getting all public accounts","time":"2022-06-21T21:57:43+02:00"}
{"email":"klaraacim1@gmail.com","level":"info","mehtod":"C:/xws-bsep/microservices/user-service/infrastructure/api/user_grpc_handler.go:116","msg":"User with email: klaraacim1@gmail.com is updating profile","time":"2022-06-21T21:58:11+02:00"}
{"id":"62b222d3a8a4fc06d3f2e1a1","level":"info","mehtod":"C:/xws-bsep/microservices/user-service/infrastructure/api/user_grpc_handler.go:326","msg":"Checking active status by user with id: 62b222d3a8a4fc06d3f2e1a1","time":"2022-06-21T21:58:33+02:00"}
{"id":"62b222d3a8a4fc06d3f2e1a1","level":"info","mehtod":"C:/xws-bsep/microservices/user-service/infrastructure/api/user_grpc_handler.go:180","msg":"Getting user by id: 62b222d3a8a4fc06d3f2e1a1","time":"2022-06-21T21:58:40+02:00"}
{"id":"62b222d3a8a4fc06d3f2e1a1","level":"info","mehtod":"C:/xws-bsep/microservices/user-service/infrastructure/api/user_grpc_handler.go:180","msg":"Getting user by id: 62b222d3a8a4fc06d3f2e1a1","time":"2022-06-21T22:14:14+02:00"}
{"id":"62b222d3a8a4fc06d3f2e1a1","level":"info","mehtod":"C:/xws-bsep/microservices/user-service/infrastructure/api/user_grpc_handler.go:180","msg":"Getting user by id: 62b222d3a8a4fc06d3f2e1a1","time":"2022-06-21T22:16:53+02:00"}
{"level":"info","mehtod":"C:/xws-bsep/microservices/user-service/infrastructure/api/user_grpc_handler.go:52","msg":"Getting all public accounts","time":"2022-06-21T22:21:27+02:00"}
{"level":"info","mehtod":"C:/xws-bsep/microservices/user-service/infrastructure/api/user_grpc_handler.go:52","msg":"Getting all public accounts","time":"2022-06-21T22:21:27+02:00"}
{"level":"info","mehtod":"C:/xws-bsep/microservices/user-service/infrastructure/api/user_grpc_handler.go:52","msg":"Getting all public accounts","time":"2022-06-21T22:21:27+02:00"}
{"level":"info","mehtod":"C:/xws-bsep/microservices/user-service/infrastructure/api/user_grpc_handler.go:52","msg":"Getting all public accounts","time":"2022-06-21T22:21:27+02:00"}
{"email":"huawei5242@gmail.com","level":"info","mehtod":"C:/xws-bsep/microservices/user-service/infrastructure/api/user_grpc_handler.go:116","msg":"User with email: huawei5242@gmail.com is updating profile","time":"2022-06-21T22:21:48+02:00"}
{"id":"62b2285cb4f26da2ab33469d","level":"info","mehtod":"C:/xws-bsep/microservices/user-service/infrastructure/api/user_grpc_handler.go:326","msg":"Checking active status by user with id: 62b2285cb4f26da2ab33469d","time":"2022-06-21T22:22:11+02:00"}
{"id":"62b2285cb4f26da2ab33469d","level":"info","mehtod":"C:/xws-bsep/microservices/user-service/infrastructure/api/user_grpc_handler.go:180","msg":"Getting user by id: 62b2285cb4f26da2ab33469d","time":"2022-06-21T22:22:23+02:00"}
{"level":"info","mehtod":"C:/xws-bsep/microservices/user-service/infrastructure/api/user_grpc_handler.go:52","msg":"Getting all public accounts","time":"2022-06-21T22:22:27+02:00"}
{"level":"info","mehtod":"C:/xws-bsep/microservices/user-service/infrastructure/api/user_grpc_handler.go:52","msg":"Getting all public accounts","time":"2022-06-21T22:22:27+02:00"}
{"level":"info","mehtod":"C:/xws-bsep/microservices/user-service/infrastructure/api/user_grpc_handler.go:52","msg":"Getting all public accounts","time":"2022-06-21T22:22:27+02:00"}
{"level":"info","mehtod":"C:/xws-bsep/microservices/user-service/infrastructure/api/user_grpc_handler.go:52","msg":"Getting all public accounts","time":"2022-06-21T22:22:27+02:00"}
{"email":"klaraacim1@gmail.com","level":"info","mehtod":"C:/xws-bsep/microservices/user-service/infrastructure/api/user_grpc_handler.go:116","msg":"User with email: klaraacim1@gmail.com is updating profile","time":"2022-06-21T22:22:51+02:00"}
{"id":"62b222d3a8a4fc06d3f2e1a1","level":"info","mehtod":"C:/xws-bsep/microservices/user-service/infrastructure/api/user_grpc_handler.go:326","msg":"Checking active status by user with id: 62b222d3a8a4fc06d3f2e1a1","time":"2022-06-21T22:23:09+02:00"}
{"id":"62b2289bb4f26da2ab33469e","level":"info","mehtod":"C:/xws-bsep/microservices/user-service/infrastructure/api/user_grpc_handler.go:326","msg":"Checking active status by user with id: 62b2289bb4f26da2ab33469e","time":"2022-06-21T22:24:15+02:00"}
{"id":"62b2289bb4f26da2ab33469e","level":"info","mehtod":"C:/xws-bsep/microservices/user-service/infrastructure/api/user_grpc_handler.go:180","msg":"Getting user by id: 62b2289bb4f26da2ab33469e","time":"2022-06-21T22:24:19+02:00"}
{"level":"info","mehtod":"C:/xws-bsep/microservices/user-service/infrastructure/api/user_grpc_handler.go:52","msg":"Getting all public accounts","time":"2022-06-21T22:24:29+02:00"}
{"level":"info","mehtod":"C:/xws-bsep/microservices/user-service/infrastructure/api/user_grpc_handler.go:52","msg":"Getting all public accounts","time":"2022-06-21T22:24:29+02:00"}
{"level":"info","mehtod":"C:/xws-bsep/microservices/user-service/infrastructure/api/user_grpc_handler.go:52","msg":"Getting all public accounts","time":"2022-06-21T22:24:29+02:00"}
{"level":"info","mehtod":"C:/xws-bsep/microservices/user-service/infrastructure/api/user_grpc_handler.go:52","msg":"Getting all public accounts","time":"2022-06-21T22:24:29+02:00"}
{"id":"62b2285cb4f26da2ab33469d","level":"info","mehtod":"C:/xws-bsep/microservices/user-service/infrastructure/api/user_grpc_handler.go:180","msg":"Getting user by id: 62b2285cb4f26da2ab33469d","time":"2022-06-21T22:24:36+02:00"}
{"level":"info","mehtod":"C:/xws-bsep/microservices/user-service/infrastructure/api/user_grpc_handler.go:52","msg":"Getting all public accounts","time":"2022-06-21T22:24:45+02:00"}
{"level":"info","mehtod":"C:/xws-bsep/microservices/user-service/infrastructure/api/user_grpc_handler.go:52","msg":"Getting all public accounts","time":"2022-06-21T22:24:45+02:00"}
{"level":"info","mehtod":"C:/xws-bsep/microservices/user-service/infrastructure/api/user_grpc_handler.go:52","msg":"Getting all public accounts","time":"2022-06-21T22:24:45+02:00"}
{"level":"info","mehtod":"C:/xws-bsep/microservices/user-service/infrastructure/api/user_grpc_handler.go:52","msg":"Getting all public accounts","time":"2022-06-21T22:24:45+02:00"}
{"level":"info","mehtod":"C:/xws-bsep/microservices/user-service/infrastructure/api/user_grpc_handler.go:52","msg":"Getting all public accounts","time":"2022-06-21T22:25:06+02:00"}
{"level":"info","mehtod":"C:/xws-bsep/microservices/user-service/infrastructure/api/user_grpc_handler.go:52","msg":"Getting all public accounts","time":"2022-06-21T22:25:06+02:00"}
{"level":"info","mehtod":"C:/xws-bsep/microservices/user-service/infrastructure/api/user_grpc_handler.go:52","msg":"Getting all public accounts","time":"2022-06-21T22:25:06+02:00"}
{"level":"info","mehtod":"C:/xws-bsep/microservices/user-service/infrastructure/api/user_grpc_handler.go:52","msg":"Getting all public accounts","time":"2022-06-21T22:25:06+02:00"}
{"id":"62b2285cb4f26da2ab33469d","level":"info","mehtod":"C:/xws-bsep/microservices/user-service/infrastructure/api/user_grpc_handler.go:180","msg":"Getting user by id: 62b2285cb4f26da2ab33469d","time":"2022-06-21T22:25:17+02:00"}
{"level":"info","mehtod":"C:/xws-bsep/microservices/user-service/infrastructure/api/user_grpc_handler.go:52","msg":"Getting all public accounts","time":"2022-06-21T22:25:22+02:00"}
{"level":"info","mehtod":"C:/xws-bsep/microservices/user-service/infrastructure/api/user_grpc_handler.go:52","msg":"Getting all public accounts","time":"2022-06-21T22:25:22+02:00"}
{"level":"info","mehtod":"C:/xws-bsep/microservices/user-service/infrastructure/api/user_grpc_handler.go:52","msg":"Getting all public accounts","time":"2022-06-21T22:25:22+02:00"}
{"level":"info","mehtod":"C:/xws-bsep/microservices/user-service/infrastructure/api/user_grpc_handler.go:52","msg":"Getting all public accounts","time":"2022-06-21T22:25:22+02:00"}
{"id":"62b2289bb4f26da2ab33469e","level":"info","mehtod":"C:/xws-bsep/microservices/user-service/infrastructure/api/user_grpc_handler.go:180","msg":"Getting user by id: 62b2289bb4f26da2ab33469e","time":"2022-06-21T22:25:29+02:00"}
{"id":"62b2289bb4f26da2ab33469e","level":"info","mehtod":"C:/xws-bsep/microservices/user-service/infrastructure/api/user_grpc_handler.go:180","msg":"Getting user by id: 62b2289bb4f26da2ab33469e","time":"2022-06-21T22:31:47+02:00"}
{"id":"62b2289bb4f26da2ab33469e","level":"info","mehtod":"C:/xws-bsep/microservices/user-service/infrastructure/api/user_grpc_handler.go:180","msg":"Getting user by id: 62b2289bb4f26da2ab33469e","time":"2022-06-21T22:50:29+02:00"}
{"id":"62b2289bb4f26da2ab33469e","level":"info","mehtod":"C:/xws-bsep/microservices/user-service/infrastructure/api/user_grpc_handler.go:180","msg":"Getting user by id: 62b2289bb4f26da2ab33469e","time":"2022-06-21T22:54:19+02:00"}
{"id":"62b2289bb4f26da2ab33469e","level":"info","mehtod":"C:/xws-bsep/microservices/user-service/infrastructure/api/user_grpc_handler.go:180","msg":"Getting user by id: 62b2289bb4f26da2ab33469e","time":"2022-06-21T23:05:12+02:00"}
{"level":"info","mehtod":"C:/xws-bsep/microservices/user-service/infrastructure/api/user_grpc_handler.go:52","msg":"Getting all public accounts","time":"2022-06-21T23:05:49+02:00"}
{"level":"info","mehtod":"C:/xws-bsep/microservices/user-service/infrastructure/api/user_grpc_handler.go:52","msg":"Getting all public accounts","time":"2022-06-21T23:05:49+02:00"}
{"level":"info","mehtod":"C:/xws-bsep/microservices/user-service/infrastructure/api/user_grpc_handler.go:52","msg":"Getting all public accounts","time":"2022-06-21T23:05:49+02:00"}
{"level":"info","mehtod":"C:/xws-bsep/microservices/user-service/infrastructure/api/user_grpc_handler.go:52","msg":"Getting all public accounts","time":"2022-06-21T23:05:49+02:00"}
{"id":"62b2285cb4f26da2ab33469d","level":"info","mehtod":"C:/xws-bsep/microservices/user-service/infrastructure/api/user_grpc_handler.go:180","msg":"Getting user by id: 62b2285cb4f26da2ab33469d","time":"2022-06-21T23:05:58+02:00"}
{"level":"info","mehtod":"C:/xws-bsep/microservices/user-service/infrastructure/api/user_grpc_handler.go:52","msg":"Getting all public accounts","time":"2022-06-21T23:06:06+02:00"}
{"level":"info","mehtod":"C:/xws-bsep/microservices/user-service/infrastructure/api/user_grpc_handler.go:52","msg":"Getting all public accounts","time":"2022-06-21T23:06:06+02:00"}
{"level":"info","mehtod":"C:/xws-bsep/microservices/user-service/infrastructure/api/user_grpc_handler.go:52","msg":"Getting all public accounts","time":"2022-06-21T23:06:06+02:00"}
{"level":"info","mehtod":"C:/xws-bsep/microservices/user-service/infrastructure/api/user_grpc_handler.go:52","msg":"Getting all public accounts","time":"2022-06-21T23:06:06+02:00"}
