{"level":"info","mehtod":"C:/XWS-projekat/xws-bsep-beckend/xws-bsep/microservices/user-service/infrastructure/api/user_grpc_handler.go:110","msg":"User inserted successfully","time":"2022-06-12T17:56:56+02:00"}
{"level":"info","mehtod":"C:/XWS-projekat/xws-bsep-beckend/xws-bsep/microservices/user-service/infrastructure/api/user_grpc_handler.go:314","msg":"User by ID:62a60cc8dcbb2e3f00414c09 received successfully","time":"2022-06-12T17:57:09+02:00"}
{"level":"info","mehtod":"C:/XWS-projekat/xws-bsep-beckend/xws-bsep/microservices/user-service/infrastructure/api/user_grpc_handler.go:331","msg":"User by id received successfully","time":"2022-06-12T17:57:17+02:00"}
{"level":"info","mehtod":"C:/XWS-projekat/xws-bsep-beckend/xws-bsep/microservices/user-service/infrastructure/api/user_grpc_handler.go:173","msg":"User by ID:62a60cc8dcbb2e3f00414c09 received successfully","time":"2022-06-12T17:57:17+02:00"}
{"level":"info","mehtod":"C:/XWS-projekat/xws-bsep-beckend/xws-bsep/microservices/user-service/infrastructure/api/user_grpc_handler.go:173","msg":"User by ID:62a60cc8dcbb2e3f00414c09 received successfully","time":"2022-06-12T17:59:14+02:00"}
{"level":"info","mehtod":"C:/XWS-projekat/xws-bsep-beckend/xws-bsep/microservices/user-service/infrastructure/api/user_grpc_handler.go:173","msg":"User by ID:62a60cc8dcbb2e3f00414c09 received successfully","time":"2022-06-12T18:14:08+02:00"}
{"level":"info","mehtod":"C:/XWS-projekat/xws-bsep-beckend/xws-bsep/microservices/user-service/infrastructure/api/user_grpc_handler.go:366","msg":"User received successfully","time":"2022-06-12T18:20:15+02:00"}
{"level":"info","mehtod":"C:/XWS-projekat/xws-bsep-beckend/xws-bsep/microservices/user-service/infrastructure/api/user_grpc_handler.go:366","msg":"User received successfully","time":"2022-06-12T18:24:02+02:00"}
{"level":"info","mehtod":"C:/XWS-projekat/xws-bsep-beckend/xws-bsep/microservices/user-service/infrastructure/api/user_grpc_handler.go:110","msg":"User inserted successfully","time":"2022-06-12T18:31:38+02:00"}
{"level":"info","mehtod":"C:/XWS-projekat/xws-bsep-beckend/xws-bsep/microservices/user-service/infrastructure/api/user_grpc_handler.go:314","msg":"User by ID:62a614eab78bfde0d4a2385d received successfully","time":"2022-06-12T18:31:52+02:00"}
{"level":"info","mehtod":"C:/XWS-projekat/xws-bsep-beckend/xws-bsep/microservices/user-service/infrastructure/api/user_grpc_handler.go:331","msg":"User by id received successfully","time":"2022-06-12T18:32:01+02:00"}
{"level":"info","mehtod":"C:/XWS-projekat/xws-bsep-beckend/xws-bsep/microservices/user-service/infrastructure/api/user_grpc_handler.go:173","msg":"User by ID:62a614eab78bfde0d4a2385d received successfully","time":"2022-06-12T18:32:01+02:00"}
{"level":"info","mehtod":"C:/XWS-projekat/xws-bsep-beckend/xws-bsep/microservices/user-service/infrastructure/api/user_grpc_handler.go:366","msg":"User received successfully","time":"2022-06-12T18:32:01+02:00"}
{"level":"info","mehtod":"C:/XWS-projekat/xws-bsep-beckend/xws-bsep/microservices/user-service/infrastructure/api/user_grpc_handler.go:366","msg":"User received successfully","time":"2022-06-12T18:32:02+02:00"}
{"level":"info","mehtod":"C:/XWS-projekat/xws-bsep-beckend/xws-bsep/microservices/user-service/infrastructure/api/user_grpc_handler.go:366","msg":"User received successfully","time":"2022-06-12T18:39:58+02:00"}
{"level":"info","mehtod":"C:/XWS-projekat/xws-bsep-beckend/xws-bsep/microservices/user-service/infrastructure/api/user_grpc_handler.go:366","msg":"User received successfully","time":"2022-06-12T18:40:02+02:00"}
{"level":"info","mehtod":"C:/XWS-projekat/xws-bsep-beckend/xws-bsep/microservices/user-service/infrastructure/api/user_grpc_handler.go:366","msg":"User received successfully","time":"2022-06-12T18:41:52+02:00"}
{"level":"info","mehtod":"C:/XWS-projekat/xws-bsep-beckend/xws-bsep/microservices/user-service/infrastructure/api/user_grpc_handler.go:366","msg":"User received successfully","time":"2022-06-12T18:44:50+02:00"}
{"level":"info","mehtod":"C:/XWS-projekat/xws-bsep-beckend/xws-bsep/microservices/user-service/infrastructure/api/user_grpc_handler.go:366","msg":"User received successfully","time":"2022-06-12T18:47:29+02:00"}
{"level":"info","mehtod":"C:/XWS-projekat/xws-bsep-beckend/xws-bsep/microservices/user-service/infrastructure/api/user_grpc_handler.go:366","msg":"User received successfully","time":"2022-06-12T18:47:55+02:00"}
{"level":"info","mehtod":"C:/XWS-projekat/xws-bsep-beckend/xws-bsep/microservices/user-service/infrastructure/api/user_grpc_handler.go:366","msg":"User received successfully","time":"2022-06-12T18:48:07+02:00"}
{"level":"info","mehtod":"C:/XWS-projekat/xws-bsep-beckend/xws-bsep/microservices/user-service/infrastructure/api/user_grpc_handler.go:366","msg":"User received successfully","time":"2022-06-12T18:48:55+02:00"}
{"level":"info","mehtod":"C:/XWS-projekat/xws-bsep-beckend/xws-bsep/microservices/user-service/infrastructure/api/user_grpc_handler.go:366","msg":"User received successfully","time":"2022-06-12T18:49:12+02:00"}
{"level":"info","mehtod":"C:/XWS-projekat/xws-bsep-beckend/xws-bsep/microservices/user-service/infrastructure/api/user_grpc_handler.go:366","msg":"User received successfully","time":"2022-06-12T18:49:21+02:00"}
{"level":"info","mehtod":"C:/XWS-projekat/xws-bsep-beckend/xws-bsep/microservices/user-service/infrastructure/api/user_grpc_handler.go:66","msg":"Found 0 public users","time":"2022-06-12T18:49:36+02:00"}
{"level":"info","mehtod":"C:/XWS-projekat/xws-bsep-beckend/xws-bsep/microservices/user-service/infrastructure/api/user_grpc_handler.go:66","msg":"Found 0 public users","time":"2022-06-12T18:49:37+02:00"}
{"level":"info","mehtod":"C:/XWS-projekat/xws-bsep-beckend/xws-bsep/microservices/user-service/infrastructure/api/user_grpc_handler.go:66","msg":"Found 0 public users","time":"2022-06-12T18:49:37+02:00"}
{"level":"info","mehtod":"C:/XWS-projekat/xws-bsep-beckend/xws-bsep/microservices/user-service/infrastructure/api/user_grpc_handler.go:66","msg":"Found 0 public users","time":"2022-06-12T18:49:37+02:00"}
{"level":"info","mehtod":"C:/XWS-projekat/xws-bsep-beckend/xws-bsep/microservices/user-service/infrastructure/api/user_grpc_handler.go:66","msg":"Found 0 public users","time":"2022-06-12T18:49:37+02:00"}
{"level":"info","mehtod":"C:/XWS-projekat/xws-bsep-beckend/xws-bsep/microservices/user-service/infrastructure/api/user_grpc_handler.go:66","msg":"Found 0 public users","time":"2022-06-12T18:49:37+02:00"}
{"level":"info","mehtod":"C:/XWS-projekat/xws-bsep-beckend/xws-bsep/microservices/user-service/infrastructure/api/user_grpc_handler.go:66","msg":"Found 0 public users","time":"2022-06-12T18:49:37+02:00"}
{"level":"info","mehtod":"C:/XWS-projekat/xws-bsep-beckend/xws-bsep/microservices/user-service/infrastructure/api/user_grpc_handler.go:66","msg":"Found 0 public users","time":"2022-06-12T18:49:37+02:00"}
{"level":"info","mehtod":"C:/XWS-projekat/xws-bsep-beckend/xws-bsep/microservices/user-service/infrastructure/api/user_grpc_handler.go:66","msg":"Found 0 public users","time":"2022-06-12T18:49:37+02:00"}
{"level":"info","mehtod":"C:/XWS-projekat/xws-bsep-beckend/xws-bsep/microservices/user-service/infrastructure/api/user_grpc_handler.go:66","msg":"Found 0 public users","time":"2022-06-12T18:49:37+02:00"}
{"level":"info","mehtod":"C:/XWS-projekat/xws-bsep-beckend/xws-bsep/microservices/user-service/infrastructure/api/user_grpc_handler.go:66","msg":"Found 0 public users","time":"2022-06-12T18:49:37+02:00"}
{"level":"info","mehtod":"C:/XWS-projekat/xws-bsep-beckend/xws-bsep/microservices/user-service/infrastructure/api/user_grpc_handler.go:66","msg":"Found 0 public users","time":"2022-06-12T18:49:37+02:00"}
{"level":"info","mehtod":"C:/XWS-projekat/xws-bsep-beckend/xws-bsep/microservices/user-service/infrastructure/api/user_grpc_handler.go:66","msg":"Found 0 public users","time":"2022-06-12T18:49:37+02:00"}
{"level":"info","mehtod":"C:/XWS-projekat/xws-bsep-beckend/xws-bsep/microservices/user-service/infrastructure/api/user_grpc_handler.go:66","msg":"Found 0 public users","time":"2022-06-12T18:49:37+02:00"}
{"level":"info","mehtod":"C:/XWS-projekat/xws-bsep-beckend/xws-bsep/microservices/user-service/infrastructure/api/user_grpc_handler.go:66","msg":"Found 0 public users","time":"2022-06-12T18:49:37+02:00"}
{"level":"info","mehtod":"C:/XWS-projekat/xws-bsep-beckend/xws-bsep/microservices/user-service/infrastructure/api/user_grpc_handler.go:66","msg":"Found 0 public users","time":"2022-06-12T18:49:37+02:00"}
{"level":"info","mehtod":"C:/XWS-projekat/xws-bsep-beckend/xws-bsep/microservices/user-service/infrastructure/api/user_grpc_handler.go:66","msg":"Found 0 public users","time":"2022-06-12T18:49:37+02:00"}
{"level":"info","mehtod":"C:/XWS-projekat/xws-bsep-beckend/xws-bsep/microservices/user-service/infrastructure/api/user_grpc_handler.go:66","msg":"Found 0 public users","time":"2022-06-12T18:49:37+02:00"}
{"level":"info","mehtod":"C:/XWS-projekat/xws-bsep-beckend/xws-bsep/microservices/user-service/infrastructure/api/user_grpc_handler.go:110","msg":"User inserted successfully","time":"2022-06-12T18:50:04+02:00"}
{"level":"info","mehtod":"C:/XWS-projekat/xws-bsep-beckend/xws-bsep/microservices/user-service/infrastructure/api/user_grpc_handler.go:314","msg":"User by ID:62a6193cb78bfde0d4a2385e received successfully","time":"2022-06-12T18:50:21+02:00"}
{"level":"info","mehtod":"C:/XWS-projekat/xws-bsep-beckend/xws-bsep/microservices/user-service/infrastructure/api/user_grpc_handler.go:331","msg":"User by id received successfully","time":"2022-06-12T18:50:31+02:00"}
{"level":"info","mehtod":"C:/XWS-projekat/xws-bsep-beckend/xws-bsep/microservices/user-service/infrastructure/api/user_grpc_handler.go:173","msg":"User by ID:62a6193cb78bfde0d4a2385e received successfully","time":"2022-06-12T18:50:31+02:00"}
{"level":"info","mehtod":"C:/XWS-projekat/xws-bsep-beckend/xws-bsep/microservices/user-service/infrastructure/api/user_grpc_handler.go:366","msg":"User received successfully","time":"2022-06-12T18:50:31+02:00"}
{"level":"info","mehtod":"C:/XWS-projekat/xws-bsep-beckend/xws-bsep/microservices/user-service/infrastructure/api/user_grpc_handler.go:173","msg":"User by ID:62a6193cb78bfde0d4a2385e received successfully","time":"2022-06-12T18:50:33+02:00"}
{"level":"info","mehtod":"C:/XWS-projekat/xws-bsep-beckend/xws-bsep/microservices/user-service/infrastructure/api/user_grpc_handler.go:173","msg":"User by ID:62a6193cb78bfde0d4a2385e received successfully","time":"2022-06-12T18:50:39+02:00"}
{"level":"info","mehtod":"C:/XWS-projekat/xws-bsep-beckend/xws-bsep/microservices/user-service/infrastructure/api/user_grpc_handler.go:366","msg":"User received successfully","time":"2022-06-12T18:50:39+02:00"}
{"level":"info","mehtod":"C:/XWS-projekat/xws-bsep-beckend/xws-bsep/microservices/user-service/infrastructure/api/user_grpc_handler.go:45","msg":"Found 2 public users","time":"2022-06-12T18:50:40+02:00"}
{"level":"info","mehtod":"C:/XWS-projekat/xws-bsep-beckend/xws-bsep/microservices/user-service/infrastructure/api/user_grpc_handler.go:45","msg":"Found 2 public users","time":"2022-06-12T18:50:42+02:00"}
{"level":"info","mehtod":"C:/XWS-projekat/xws-bsep-beckend/xws-bsep/microservices/user-service/infrastructure/api/user_grpc_handler.go:173","msg":"User by ID:62a6193cb78bfde0d4a2385e received successfully","time":"2022-06-12T18:50:44+02:00"}
{"level":"info","mehtod":"C:/XWS-projekat/xws-bsep-beckend/xws-bsep/microservices/user-service/infrastructure/api/user_grpc_handler.go:366","msg":"User received successfully","time":"2022-06-12T18:50:44+02:00"}
{"level":"info","mehtod":"C:/XWS-projekat/xws-bsep-beckend/xws-bsep/microservices/user-service/infrastructure/api/user_grpc_handler.go:173","msg":"User by ID:62a6193cb78bfde0d4a2385e received successfully","time":"2022-06-12T18:50:45+02:00"}
{"level":"info","mehtod":"C:/XWS-projekat/xws-bsep-beckend/xws-bsep/microservices/user-service/infrastructure/api/user_grpc_handler.go:66","msg":"Found 0 public users","time":"2022-06-12T18:50:47+02:00"}
{"level":"info","mehtod":"C:/XWS-projekat/xws-bsep-beckend/xws-bsep/microservices/user-service/infrastructure/api/user_grpc_handler.go:66","msg":"Found 0 public users","time":"2022-06-12T18:50:47+02:00"}
{"level":"info","mehtod":"C:/XWS-projekat/xws-bsep-beckend/xws-bsep/microservices/user-service/infrastructure/api/user_grpc_handler.go:66","msg":"Found 0 public users","time":"2022-06-12T18:50:47+02:00"}
{"level":"info","mehtod":"C:/XWS-projekat/xws-bsep-beckend/xws-bsep/microservices/user-service/infrastructure/api/user_grpc_handler.go:66","msg":"Found 0 public users","time":"2022-06-12T18:50:47+02:00"}
{"level":"info","mehtod":"C:/XWS-projekat/xws-bsep-beckend/xws-bsep/microservices/user-service/infrastructure/api/user_grpc_handler.go:66","msg":"Found 0 public users","time":"2022-06-12T18:50:47+02:00"}
{"level":"info","mehtod":"C:/XWS-projekat/xws-bsep-beckend/xws-bsep/microservices/user-service/infrastructure/api/user_grpc_handler.go:66","msg":"Found 0 public users","time":"2022-06-12T18:50:47+02:00"}
{"level":"info","mehtod":"C:/XWS-projekat/xws-bsep-beckend/xws-bsep/microservices/user-service/infrastructure/api/user_grpc_handler.go:66","msg":"Found 0 public users","time":"2022-06-12T18:50:47+02:00"}
{"level":"info","mehtod":"C:/XWS-projekat/xws-bsep-beckend/xws-bsep/microservices/user-service/infrastructure/api/user_grpc_handler.go:66","msg":"Found 0 public users","time":"2022-06-12T18:50:47+02:00"}
{"level":"info","mehtod":"C:/XWS-projekat/xws-bsep-beckend/xws-bsep/microservices/user-service/infrastructure/api/user_grpc_handler.go:66","msg":"Found 0 public users","time":"2022-06-12T18:50:47+02:00"}
{"level":"info","mehtod":"C:/XWS-projekat/xws-bsep-beckend/xws-bsep/microservices/user-service/infrastructure/api/user_grpc_handler.go:66","msg":"Found 0 public users","time":"2022-06-12T18:50:47+02:00"}
{"level":"info","mehtod":"C:/XWS-projekat/xws-bsep-beckend/xws-bsep/microservices/user-service/infrastructure/api/user_grpc_handler.go:66","msg":"Found 0 public users","time":"2022-06-12T18:50:47+02:00"}
{"level":"info","mehtod":"C:/XWS-projekat/xws-bsep-beckend/xws-bsep/microservices/user-service/infrastructure/api/user_grpc_handler.go:66","msg":"Found 0 public users","time":"2022-06-12T18:50:47+02:00"}
{"level":"info","mehtod":"C:/XWS-projekat/xws-bsep-beckend/xws-bsep/microservices/user-service/infrastructure/api/user_grpc_handler.go:66","msg":"Found 0 public users","time":"2022-06-12T18:50:47+02:00"}
{"level":"info","mehtod":"C:/XWS-projekat/xws-bsep-beckend/xws-bsep/microservices/user-service/infrastructure/api/user_grpc_handler.go:66","msg":"Found 0 public users","time":"2022-06-12T18:50:47+02:00"}
{"level":"info","mehtod":"C:/XWS-projekat/xws-bsep-beckend/xws-bsep/microservices/user-service/infrastructure/api/user_grpc_handler.go:66","msg":"Found 0 public users","time":"2022-06-12T18:50:47+02:00"}
{"level":"info","mehtod":"C:/XWS-projekat/xws-bsep-beckend/xws-bsep/microservices/user-service/infrastructure/api/user_grpc_handler.go:66","msg":"Found 0 public users","time":"2022-06-12T18:50:47+02:00"}
{"level":"info","mehtod":"C:/XWS-projekat/xws-bsep-beckend/xws-bsep/microservices/user-service/infrastructure/api/user_grpc_handler.go:66","msg":"Found 0 public users","time":"2022-06-12T18:50:47+02:00"}
{"level":"info","mehtod":"C:/XWS-projekat/xws-bsep-beckend/xws-bsep/microservices/user-service/infrastructure/api/user_grpc_handler.go:66","msg":"Found 0 public users","time":"2022-06-12T18:50:47+02:00"}
{"level":"info","mehtod":"C:/XWS-projekat/xws-bsep-beckend/xws-bsep/microservices/user-service/infrastructure/api/user_grpc_handler.go:66","msg":"Found 0 public users","time":"2022-06-12T18:50:47+02:00"}
{"level":"info","mehtod":"C:/XWS-projekat/xws-bsep-beckend/xws-bsep/microservices/user-service/infrastructure/api/user_grpc_handler.go:331","msg":"User by id received successfully","time":"2022-06-12T18:50:52+02:00"}
{"level":"info","mehtod":"C:/XWS-projekat/xws-bsep-beckend/xws-bsep/microservices/user-service/infrastructure/api/user_grpc_handler.go:173","msg":"User by ID:62a614eab78bfde0d4a2385d received successfully","time":"2022-06-12T18:50:52+02:00"}
{"level":"info","mehtod":"C:/XWS-projekat/xws-bsep-beckend/xws-bsep/microservices/user-service/infrastructure/api/user_grpc_handler.go:366","msg":"User received successfully","time":"2022-06-12T18:50:52+02:00"}
{"level":"info","mehtod":"C:/XWS-projekat/xws-bsep-beckend/xws-bsep/microservices/user-service/infrastructure/api/user_grpc_handler.go:45","msg":"Found 2 public users","time":"2022-06-12T18:50:54+02:00"}
{"level":"info","mehtod":"C:/XWS-projekat/xws-bsep-beckend/xws-bsep/microservices/user-service/infrastructure/api/user_grpc_handler.go:173","msg":"User by ID:62a614eab78bfde0d4a2385d received successfully","time":"2022-06-12T18:50:56+02:00"}
{"level":"info","mehtod":"C:/XWS-projekat/xws-bsep-beckend/xws-bsep/microservices/user-service/infrastructure/api/user_grpc_handler.go:173","msg":"User by ID:62a6193cb78bfde0d4a2385e received successfully","time":"2022-06-12T18:50:56+02:00"}
{"level":"info","mehtod":"C:/XWS-projekat/xws-bsep-beckend/xws-bsep/microservices/user-service/infrastructure/api/user_grpc_handler.go:173","msg":"User by ID:62a614eab78bfde0d4a2385d received successfully","time":"2022-06-12T18:50:59+02:00"}
{"level":"info","mehtod":"C:/XWS-projekat/xws-bsep-beckend/xws-bsep/microservices/user-service/infrastructure/api/user_grpc_handler.go:66","msg":"Found 0 public users","time":"2022-06-12T18:51:00+02:00"}
{"level":"info","mehtod":"C:/XWS-projekat/xws-bsep-beckend/xws-bsep/microservices/user-service/infrastructure/api/user_grpc_handler.go:66","msg":"Found 0 public users","time":"2022-06-12T18:51:00+02:00"}
{"level":"info","mehtod":"C:/XWS-projekat/xws-bsep-beckend/xws-bsep/microservices/user-service/infrastructure/api/user_grpc_handler.go:66","msg":"Found 0 public users","time":"2022-06-12T18:51:00+02:00"}
{"level":"info","mehtod":"C:/XWS-projekat/xws-bsep-beckend/xws-bsep/microservices/user-service/infrastructure/api/user_grpc_handler.go:66","msg":"Found 0 public users","time":"2022-06-12T18:51:00+02:00"}
{"level":"info","mehtod":"C:/XWS-projekat/xws-bsep-beckend/xws-bsep/microservices/user-service/infrastructure/api/user_grpc_handler.go:66","msg":"Found 0 public users","time":"2022-06-12T18:51:00+02:00"}
{"level":"info","mehtod":"C:/XWS-projekat/xws-bsep-beckend/xws-bsep/microservices/user-service/infrastructure/api/user_grpc_handler.go:66","msg":"Found 0 public users","time":"2022-06-12T18:51:00+02:00"}
{"level":"info","mehtod":"C:/XWS-projekat/xws-bsep-beckend/xws-bsep/microservices/user-service/infrastructure/api/user_grpc_handler.go:66","msg":"Found 0 public users","time":"2022-06-12T18:51:00+02:00"}
{"level":"info","mehtod":"C:/XWS-projekat/xws-bsep-beckend/xws-bsep/microservices/user-service/infrastructure/api/user_grpc_handler.go:66","msg":"Found 0 public users","time":"2022-06-12T18:51:00+02:00"}
{"level":"info","mehtod":"C:/XWS-projekat/xws-bsep-beckend/xws-bsep/microservices/user-service/infrastructure/api/user_grpc_handler.go:66","msg":"Found 0 public users","time":"2022-06-12T18:51:00+02:00"}
{"level":"info","mehtod":"C:/XWS-projekat/xws-bsep-beckend/xws-bsep/microservices/user-service/infrastructure/api/user_grpc_handler.go:66","msg":"Found 0 public users","time":"2022-06-12T18:51:00+02:00"}
{"level":"info","mehtod":"C:/XWS-projekat/xws-bsep-beckend/xws-bsep/microservices/user-service/infrastructure/api/user_grpc_handler.go:66","msg":"Found 0 public users","time":"2022-06-12T18:51:00+02:00"}
{"level":"info","mehtod":"C:/XWS-projekat/xws-bsep-beckend/xws-bsep/microservices/user-service/infrastructure/api/user_grpc_handler.go:66","msg":"Found 0 public users","time":"2022-06-12T18:51:00+02:00"}
{"level":"info","mehtod":"C:/XWS-projekat/xws-bsep-beckend/xws-bsep/microservices/user-service/infrastructure/api/user_grpc_handler.go:66","msg":"Found 0 public users","time":"2022-06-12T18:51:00+02:00"}
{"level":"info","mehtod":"C:/XWS-projekat/xws-bsep-beckend/xws-bsep/microservices/user-service/infrastructure/api/user_grpc_handler.go:66","msg":"Found 0 public users","time":"2022-06-12T18:51:00+02:00"}
{"level":"info","mehtod":"C:/XWS-projekat/xws-bsep-beckend/xws-bsep/microservices/user-service/infrastructure/api/user_grpc_handler.go:66","msg":"Found 0 public users","time":"2022-06-12T18:51:00+02:00"}
{"level":"info","mehtod":"C:/XWS-projekat/xws-bsep-beckend/xws-bsep/microservices/user-service/infrastructure/api/user_grpc_handler.go:66","msg":"Found 0 public users","time":"2022-06-12T18:51:00+02:00"}
{"level":"info","mehtod":"C:/XWS-projekat/xws-bsep-beckend/xws-bsep/microservices/user-service/infrastructure/api/user_grpc_handler.go:66","msg":"Found 0 public users","time":"2022-06-12T18:51:00+02:00"}
{"level":"info","mehtod":"C:/XWS-projekat/xws-bsep-beckend/xws-bsep/microservices/user-service/infrastructure/api/user_grpc_handler.go:66","msg":"Found 0 public users","time":"2022-06-12T18:51:00+02:00"}
{"level":"info","mehtod":"C:/XWS-projekat/xws-bsep-beckend/xws-bsep/microservices/user-service/infrastructure/api/user_grpc_handler.go:66","msg":"Found 0 public users","time":"2022-06-12T18:51:00+02:00"}
{"level":"info","mehtod":"C:/XWS-projekat/xws-bsep-beckend/xws-bsep/microservices/user-service/infrastructure/api/user_grpc_handler.go:173","msg":"User by ID:62a614eab78bfde0d4a2385d received successfully","time":"2022-06-12T18:51:04+02:00"}
{"level":"info","mehtod":"C:/XWS-projekat/xws-bsep-beckend/xws-bsep/microservices/user-service/infrastructure/api/user_grpc_handler.go:366","msg":"User received successfully","time":"2022-06-12T18:51:04+02:00"}
{"level":"info","mehtod":"C:/XWS-projekat/xws-bsep-beckend/xws-bsep/microservices/user-service/infrastructure/api/user_grpc_handler.go:173","msg":"User by ID:62a6193cb78bfde0d4a2385e received successfully","time":"2022-06-12T18:51:04+02:00"}
{"level":"info","mehtod":"C:/XWS-projekat/xws-bsep-beckend/xws-bsep/microservices/user-service/infrastructure/api/user_grpc_handler.go:366","msg":"User received successfully","time":"2022-06-12T18:51:06+02:00"}
{"level":"info","mehtod":"C:/XWS-projekat/xws-bsep-beckend/xws-bsep/microservices/user-service/infrastructure/api/user_grpc_handler.go:173","msg":"User by ID:62a6193cb78bfde0d4a2385e received successfully","time":"2022-06-12T18:51:06+02:00"}
{"level":"info","mehtod":"C:/XWS-projekat/xws-bsep-beckend/xws-bsep/microservices/user-service/infrastructure/api/user_grpc_handler.go:366","msg":"User received successfully","time":"2022-06-12T18:51:09+02:00"}
