{"level":"info","method":"D:/FAKS/4.god/8.semestar/XML/xws-bsep/microservices/message-service/startup/server.go:38","msg":"MongoDB initialization for message service successful, PORT: 27017, HOST: localhost","time":"2022-06-24T02:02:16+02:00"}
{"level":"info","method":"D:/FAKS/4.god/8.semestar/XML/xws-bsep/microservices/message-service/startup/server.go:44","msg":"Starting gRPC server for message service","time":"2022-06-24T02:02:16+02:00"}
{"level":"info","method":"D:/FAKS/4.god/8.semestar/XML/xws-bsep/microservices/message-service/startup/server.go:38","msg":"MongoDB initialization for message service successful, PORT: 27017, HOST: localhost","time":"2022-07-06T04:09:56+02:00"}
{"level":"info","method":"D:/FAKS/4.god/8.semestar/XML/xws-bsep/microservices/message-service/startup/server.go:44","msg":"Starting gRPC server for message service","time":"2022-07-06T04:09:56+02:00"}
{"level":"info","method":"C:/XWS-projekat/xws-bsep-beckend/xws-bsep/microservices/message-service/startup/server.go:37","msg":"MongoDB initialization for message service successful, PORT: 27017, HOST: localhost","time":"2022-07-09T11:25:20+02:00"}
{"level":"info","method":"C:/XWS-projekat/xws-bsep-beckend/xws-bsep/microservices/message-service/startup/server.go:43","msg":"Starting gRPC server for message service","time":"2022-07-09T11:25:20+02:00"}
{"level":"info","method":"C:/XWS-projekat/xws-bsep-beckend/xws-bsep/microservices/message-service/startup/server.go:37","msg":"MongoDB initialization for message service successful, PORT: 27017, HOST: localhost","time":"2022-07-09T11:57:04+02:00"}
{"level":"info","method":"C:/XWS-projekat/xws-bsep-beckend/xws-bsep/microservices/message-service/startup/server.go:43","msg":"Starting gRPC server for message service","time":"2022-07-09T11:57:04+02:00"}
{"level":"info","method":"C:/XWS-projekat/xws-bsep-beckend/xws-bsep/microservices/message-service/startup/server.go:37","msg":"MongoDB initialization for message service successful, PORT: 27017, HOST: localhost","time":"2022-07-09T12:18:27+02:00"}
{"level":"info","method":"C:/XWS-projekat/xws-bsep-beckend/xws-bsep/microservices/message-service/startup/server.go:43","msg":"Starting gRPC server for message service","time":"2022-07-09T12:18:27+02:00"}
{"level":"info","method":"C:/XWS-projekat/xws-bsep-beckend/xws-bsep/microservices/message-service/startup/server.go:37","msg":"MongoDB initialization for message service successful, PORT: 27017, HOST: localhost","time":"2022-07-09T12:27:58+02:00"}
{"level":"info","method":"C:/XWS-projekat/xws-bsep-beckend/xws-bsep/microservices/message-service/startup/server.go:43","msg":"Starting gRPC server for message service","time":"2022-07-09T12:27:58+02:00"}
{"level":"info","method":"C:/XWS-projekat/xws-bsep-beckend/xws-bsep/microservices/message-service/startup/server.go:37","msg":"MongoDB initialization for message service successful, PORT: 27017, HOST: localhost","time":"2022-07-09T12:49:56+02:00"}
{"level":"info","method":"C:/XWS-projekat/xws-bsep-beckend/xws-bsep/microservices/message-service/startup/server.go:43","msg":"Starting gRPC server for message service","time":"2022-07-09T12:49:56+02:00"}
{"level":"info","method":"C:/XWS-projekat/xws-bsep-beckend/xws-bsep/microservices/message-service/startup/server.go:37","msg":"MongoDB initialization for message service successful, PORT: 27017, HOST: localhost","time":"2022-07-09T12:55:42+02:00"}
{"level":"info","method":"C:/XWS-projekat/xws-bsep-beckend/xws-bsep/microservices/message-service/startup/server.go:43","msg":"Starting gRPC server for message service","time":"2022-07-09T12:55:42+02:00"}
{"level":"info","method":"C:/XWS-projekat/xws-bsep-beckend/xws-bsep/microservices/message-service/startup/server.go:37","msg":"MongoDB initialization for message service successful, PORT: 27017, HOST: localhost","time":"2022-07-09T14:13:56+02:00"}
{"level":"info","method":"C:/XWS-projekat/xws-bsep-beckend/xws-bsep/microservices/message-service/startup/server.go:43","msg":"Starting gRPC server for message service","time":"2022-07-09T14:13:56+02:00"}
{"level":"info","method":"D:/FAKS/4.god/8.semestar/XML/xws-bsep/microservices/message-service/startup/server.go:39","msg":"MongoDB initialization for message service successful, PORT: 27017, HOST: localhost","time":"2022-07-10T16:42:05+02:00"}
{"level":"info","method":"D:/FAKS/4.god/8.semestar/XML/xws-bsep/microservices/message-service/startup/server.go:50","msg":"Starting gRPC server for message service","time":"2022-07-10T16:42:06+02:00"}
{"level":"info","method":"D:/FAKS/4.god/8.semestar/XML/xws-bsep/microservices/message-service/startup/server.go:39","msg":"MongoDB initialization for message service successful, PORT: 27017, HOST: localhost","time":"2022-07-10T17:31:06+02:00"}
{"level":"info","method":"D:/FAKS/4.god/8.semestar/XML/xws-bsep/microservices/message-service/startup/server.go:50","msg":"Starting gRPC server for message service","time":"2022-07-10T17:31:06+02:00"}
{"level":"info","method":"D:/FAKS/4.god/8.semestar/XML/xws-bsep/microservices/message-service/startup/server.go:39","msg":"MongoDB initialization for message service successful, PORT: 27017, HOST: localhost","time":"2022-07-10T17:39:24+02:00"}
{"level":"info","method":"D:/FAKS/4.god/8.semestar/XML/xws-bsep/microservices/message-service/startup/server.go:50","msg":"Starting gRPC server for message service","time":"2022-07-10T17:39:24+02:00"}
{"level":"info","method":"D:/FAKS/4.god/8.semestar/XML/xws-bsep/microservices/message-service/infrastructure/api/message_grpc_handler.go:174","msg":"Get all events for admin successfully done","time":"2022-07-10T17:40:16+02:00"}
{"level":"info","method":"D:/FAKS/4.god/8.semestar/XML/xws-bsep/microservices/message-service/infrastructure/api/message_grpc_handler.go:174","msg":"Get all events for admin successfully done","time":"2022-07-10T17:41:31+02:00"}
{"level":"info","method":"D:/FAKS/4.god/8.semestar/XML/xws-bsep/microservices/message-service/infrastructure/api/message_grpc_handler.go:174","msg":"Get all events for admin successfully done","time":"2022-07-10T17:43:55+02:00"}
{"level":"info","method":"D:/FAKS/4.god/8.semestar/XML/xws-bsep/microservices/message-service/infrastructure/api/message_grpc_handler.go:106","msg":"Get all conversations for user with ID: 62caf347f23f563a8880aae9 successfully done","time":"2022-07-10T17:44:44+02:00"}
{"level":"info","method":"D:/FAKS/4.god/8.semestar/XML/xws-bsep/microservices/message-service/infrastructure/api/message_grpc_handler.go:106","msg":"Get all conversations for user with ID: 62caf347f23f563a8880aae9 successfully done","time":"2022-07-10T17:45:48+02:00"}
{"level":"info","method":"D:/FAKS/4.god/8.semestar/XML/xws-bsep/microservices/message-service/infrastructure/api/message_grpc_handler.go:128","msg":"New message from user with ID: 62caf347f23f563a8880aae9 to user with ID: 62caf34ff23f563a8880aaf6 sent!","time":"2022-07-10T17:45:55+02:00"}
{"level":"info","method":"D:/FAKS/4.god/8.semestar/XML/xws-bsep/microservices/message-service/infrastructure/api/message_grpc_handler.go:106","msg":"Get all conversations for user with ID: 62caf347f23f563a8880aae9 successfully done","time":"2022-07-10T17:46:07+02:00"}
{"level":"info","method":"D:/FAKS/4.god/8.semestar/XML/xws-bsep/microservices/message-service/infrastructure/api/message_grpc_handler.go:174","msg":"Get all events for admin successfully done","time":"2022-07-10T17:46:22+02:00"}
{"level":"info","method":"D:/FAKS/4.god/8.semestar/XML/xws-bsep/microservices/message-service/startup/server.go:39","msg":"MongoDB initialization for message service successful, PORT: 27017, HOST: localhost","time":"2022-07-10T18:39:50+02:00"}
{"level":"info","method":"D:/FAKS/4.god/8.semestar/XML/xws-bsep/microservices/message-service/startup/server.go:50","msg":"Starting gRPC server for message service","time":"2022-07-10T18:39:51+02:00"}
{"level":"info","method":"D:/FAKS/4.god/8.semestar/XML/xws-bsep/microservices/message-service/infrastructure/api/message_grpc_handler.go:106","msg":"Get all conversations for user with ID: 62cb01cb44d3de8d7ec44a14 successfully done","time":"2022-07-10T18:51:53+02:00"}
{"level":"info","method":"D:/FAKS/4.god/8.semestar/XML/xws-bsep/microservices/message-service/infrastructure/api/message_grpc_handler.go:128","msg":"New message from user with ID: 62cb01cb44d3de8d7ec44a14 to user with ID: 62cb025244d3de8d7ec44a21 sent!","time":"2022-07-10T18:51:58+02:00"}
{"level":"info","method":"D:/FAKS/4.god/8.semestar/XML/xws-bsep/microservices/message-service/infrastructure/api/message_grpc_handler.go:106","msg":"Get all conversations for user with ID: 62cb01cb44d3de8d7ec44a14 successfully done","time":"2022-07-10T18:52:00+02:00"}
{"level":"info","method":"D:/FAKS/4.god/8.semestar/XML/xws-bsep/microservices/message-service/infrastructure/api/message_grpc_handler.go:128","msg":"New message from user with ID: 62cb01cb44d3de8d7ec44a14 to user with ID: 62cb025244d3de8d7ec44a21 sent!","time":"2022-07-10T18:52:02+02:00"}
{"level":"info","method":"D:/FAKS/4.god/8.semestar/XML/xws-bsep/microservices/message-service/infrastructure/api/message_grpc_handler.go:106","msg":"Get all conversations for user with ID: 62cb01cb44d3de8d7ec44a14 successfully done","time":"2022-07-10T18:52:02+02:00"}
{"level":"info","method":"D:/FAKS/4.god/8.semestar/XML/xws-bsep/microservices/message-service/infrastructure/api/message_grpc_handler.go:174","msg":"Get all events for admin successfully done","time":"2022-07-10T18:52:35+02:00"}
{"level":"info","method":"D:/FAKS/4.god/8.semestar/XML/xws-bsep/microservices/message-service/infrastructure/api/message_grpc_handler.go:174","msg":"Get all events for admin successfully done","time":"2022-07-10T18:54:34+02:00"}
{"level":"info","method":"D:/FAKS/4.god/8.semestar/XML/xws-bsep/microservices/message-service/infrastructure/api/message_grpc_handler.go:174","msg":"Get all events for admin successfully done","time":"2022-07-10T18:56:30+02:00"}
{"level":"info","method":"D:/FAKS/4.god/8.semestar/XML/xws-bsep/microservices/message-service/infrastructure/api/message_grpc_handler.go:174","msg":"Get all events for admin successfully done","time":"2022-07-10T18:57:32+02:00"}
{"level":"info","method":"D:/FAKS/4.god/8.semestar/XML/xws-bsep/microservices/message-service/infrastructure/api/message_grpc_handler.go:174","msg":"Get all events for admin successfully done","time":"2022-07-10T19:02:46+02:00"}
{"level":"info","method":"D:/FAKS/4.god/8.semestar/XML/xws-bsep/microservices/message-service/startup/server.go:39","msg":"MongoDB initialization for message service successful, PORT: 27017, HOST: localhost","time":"2022-07-10T19:06:10+02:00"}
{"level":"info","method":"D:/FAKS/4.god/8.semestar/XML/xws-bsep/microservices/message-service/startup/server.go:50","msg":"Starting gRPC server for message service","time":"2022-07-10T19:06:10+02:00"}
{"level":"info","method":"D:/FAKS/4.god/8.semestar/XML/xws-bsep/microservices/message-service/infrastructure/api/message_grpc_handler.go:174","msg":"Get all events for admin successfully done","time":"2022-07-10T19:07:08+02:00"}
