{"email":"sanja.drinic776+1@gmail.com","level":"info","method":"/infrastructure/api/auth_service.go:337","msg":"Creating user","time":"2022-06-16T16:51:11+02:00","username":"sanjaa"}
{"level":"info","method":"/infrastructure/api/auth_service.go:361","msg":"Saving user credentials with ID: 62ab435fabea35ca2cd87040","password":"$2a$10$EGAigOn/GYb3nPGVQ9mD1eX.rKSzbhsVB2ZAGP9d4IDRtJc2mFiHu","time":"2022-06-16T16:51:11+02:00","username":"sanjaa"}
{"email":"sanja.drinic776+1@gmail.com","level":"info","method":"/infrastructure/api/auth_service.go:379","msg":"Sending verification email to user with ID: 62ab435fabea35ca2cd87040","time":"2022-06-16T16:51:11+02:00","username":"sanjaa"}
{"email":"sanja.drinic776+2@gmail.com","level":"info","method":"/infrastructure/api/auth_service.go:337","msg":"Creating user","time":"2022-06-16T16:52:08+02:00","username":"sanja2"}
{"level":"info","method":"/infrastructure/api/auth_service.go:361","msg":"Saving user credentials with ID: 62ab4398abea35ca2cd87046","password":"$2a$10$gpIWS5U9xfvdTrIpdsYjS.VpIGSqatg.zSUOKUIMHleH1/xdcPbIm","time":"2022-06-16T16:52:08+02:00","username":"sanja2"}
{"email":"sanja.drinic776+2@gmail.com","level":"info","method":"/infrastructure/api/auth_service.go:379","msg":"Sending verification email to user with ID: 62ab4398abea35ca2cd87046","time":"2022-06-16T16:52:08+02:00","username":"sanja2"}
{"email":"sanja.princess99@gmail.com","level":"info","method":"/infrastructure/api/auth_service.go:337","msg":"Creating user","time":"2022-06-16T16:53:55+02:00","username":"sanja.princess"}
{"level":"info","method":"/infrastructure/api/auth_service.go:361","msg":"Saving user credentials with ID: 62ab4403abea35ca2cd8704c","password":"$2a$10$fMc3Et2CEBayZxH1BGvdj.FszUkH3.XwvhAEYpRxV7G8yuHTxpSSq","time":"2022-06-16T16:53:55+02:00","username":"sanja.princess"}
{"email":"sanja.princess99@gmail.com","level":"info","method":"/infrastructure/api/auth_service.go:379","msg":"Sending verification email to user with ID: 62ab4403abea35ca2cd8704c","time":"2022-06-16T16:53:55+02:00","username":"sanja.princess"}
{"email":"sanja.princess99@gmail.com","level":"info","method":"/infrastructure/api/auth_service.go:337","msg":"Creating user","time":"2022-06-16T17:07:24+02:00","username":"sanja.princess"}
{"level":"info","method":"/infrastructure/api/auth_service.go:361","msg":"Saving user credentials with ID: 62ab472ca4abdc113cdf2b11","password":"$2a$10$nuD1HZooAwOh/KaU7JQW5ueY2SPaIbScRvHu9YXEyQGSTApD77Gna","time":"2022-06-16T17:07:24+02:00","username":"sanja.princess"}
{"email":"sanja.princess99@gmail.com","level":"info","method":"/infrastructure/api/auth_service.go:379","msg":"Sending verification email to user with ID: 62ab472ca4abdc113cdf2b11","time":"2022-06-16T17:07:24+02:00","username":"sanja.princess"}
{"email":"sanja.drinic776+2@gmail.com","level":"info","method":"/infrastructure/api/auth_service.go:337","msg":"Creating user","time":"2022-06-16T17:08:16+02:00","username":"sanja2"}
{"level":"info","method":"/infrastructure/api/auth_service.go:361","msg":"Saving user credentials with ID: 62ab4760a4abdc113cdf2b17","password":"$2a$10$iVsScVSUQiKbXQqIx8gnrORixEFnCA2TaZClyC3a7H0n9NjAQfR5a","time":"2022-06-16T17:08:16+02:00","username":"sanja2"}
{"email":"sanja.drinic776+2@gmail.com","level":"info","method":"/infrastructure/api/auth_service.go:379","msg":"Sending verification email to user with ID: 62ab4760a4abdc113cdf2b17","time":"2022-06-16T17:08:16+02:00","username":"sanja2"}
{"email":"sanja.drinic776+b@gmail.com","level":"info","method":"/infrastructure/api/auth_service.go:337","msg":"Creating user","time":"2022-06-16T17:47:20+02:00","username":"sanjaa"}
{"level":"info","method":"/infrastructure/api/auth_service.go:361","msg":"Saving user credentials with ID: 62ab5088a7f223b9025dc736","password":"$2a$10$2c6GWY3.5jebWtor5wEX2uf2YNfOWrhdeM5yN424/76UskfOM2FTW","time":"2022-06-16T17:47:20+02:00","username":"sanjaa"}
{"email":"sanja.drinic776+b@gmail.com","level":"info","method":"/infrastructure/api/auth_service.go:379","msg":"Sending verification email to user with ID: 62ab5088a7f223b9025dc736","time":"2022-06-16T17:47:20+02:00","username":"sanjaa"}
{"level":"info","method":"/infrastructure/api/auth_service.go:535","msg":"Getting all roles for user with ID:62ab5088a7f223b9025dc736","time":"2022-06-16T17:47:54+02:00"}
{"email":"teodora.maruna@gmail.com","level":"info","method":"C:/XWS-projekat/xws-bsep-beckend/xws-bsep/microservices/auth-service/infrastructure/api/auth_service.go:337","msg":"Creating user","time":"2022-06-17T14:37:21+02:00","username":"teodora"}
{"level":"info","method":"C:/XWS-projekat/xws-bsep-beckend/xws-bsep/microservices/auth-service/infrastructure/api/auth_service.go:361","msg":"Saving user credentials with ID: 62ac758131325f2946f1d6ec","password":"$2a$10$sJVNbUnojFuaLzWBq8c9Guq/3EB/K5QMte6.Tfi5fsncY35Rnwbh2","time":"2022-06-17T14:37:21+02:00","username":"teodora"}
{"email":"teodora.maruna@gmail.com","level":"info","method":"C:/XWS-projekat/xws-bsep-beckend/xws-bsep/microservices/auth-service/infrastructure/api/auth_service.go:379","msg":"Sending verification email to user with ID: 62ac758131325f2946f1d6ec","time":"2022-06-17T14:37:21+02:00","username":"teodora"}
{"level":"info","method":"C:/XWS-projekat/xws-bsep-beckend/xws-bsep/microservices/auth-service/infrastructure/api/auth_service.go:539","msg":"Getting all roles for user with ID:62ac758131325f2946f1d6ec","time":"2022-06-17T14:37:43+02:00"}
{"email":"teodora.maruna@gmail.com","level":"info","method":"C:/XWS-projekat/xws-bsep-beckend/xws-bsep/microservices/auth-service/infrastructure/api/auth_service.go:337","msg":"Creating user","time":"2022-06-17T14:47:57+02:00","username":"teodora"}
{"level":"info","method":"C:/XWS-projekat/xws-bsep-beckend/xws-bsep/microservices/auth-service/infrastructure/api/auth_service.go:361","msg":"Saving user credentials with ID: 62ac77fdc53697c6039352b3","password":"$2a$10$ohtRXAKhkUoFoefGmUUAyOHFW0UrV0gOvNpN4TIW5LhQOMHfYFhuK","time":"2022-06-17T14:47:57+02:00","username":"teodora"}
{"email":"teodora.maruna@gmail.com","level":"info","method":"C:/XWS-projekat/xws-bsep-beckend/xws-bsep/microservices/auth-service/infrastructure/api/auth_service.go:379","msg":"Sending verification email to user with ID: 62ac77fdc53697c6039352b3","time":"2022-06-17T14:47:57+02:00","username":"teodora"}
{"level":"info","method":"C:/XWS-projekat/xws-bsep-beckend/xws-bsep/microservices/auth-service/infrastructure/api/auth_service.go:539","msg":"Getting all roles for user with ID:62ac77fdc53697c6039352b3","time":"2022-06-17T14:48:13+02:00"}
