{"auth_db_host":"localhost","auth_db_name":"auth","auth_db_password":"$2a$10$fB2tbT5bVHrf7jSEb6hrKeRn14x8DAFANuCI9QKunGmFAr07Ox3OK","auth_db_port":"5432","auth_db_user":"postgres","level":"error","mehtod":"C:/XWS-projekat/xws-bsep-beckend/xws-bsep/microservices/auth-service/startup/server.go:79","msg":"Postgres database initialization error","time":"2022-06-12T17:55:48+02:00"}
{"level":"error","mehtod":"C:/XWS-projekat/xws-bsep-beckend/xws-bsep/microservices/auth-service/startup/server.go:88","msg":"Auth store initialization error","time":"2022-06-12T17:55:48+02:00"}
{"level":"error","mehtod":"C:/XWS-projekat/xws-bsep-beckend/xws-bsep/microservices/auth-service/infrastructure/api/auth_service.go:558","msg":"Not found user with ID: 62a60cc8dcbb2e3f00414c09","time":"2022-06-12T18:30:36+02:00","username":"tea"}
{"level":"error","mehtod":"C:/XWS-projekat/xws-bsep-beckend/xws-bsep/microservices/auth-service/infrastructure/api/auth_service.go:558","msg":"Not found user with ID: 62a60cc8dcbb2e3f00414c09","time":"2022-06-12T18:30:36+02:00","username":"tea"}
{"level":"error","mehtod":"C:/XWS-projekat/xws-bsep-beckend/xws-bsep/microservices/auth-service/infrastructure/api/auth_service.go:558","msg":"Not found user with ID: 62a60cc8dcbb2e3f00414c09","time":"2022-06-12T18:30:42+02:00","username":"tea"}
{"level":"error","mehtod":"C:/XWS-projekat/xws-bsep-beckend/xws-bsep/microservices/auth-service/infrastructure/api/auth_service.go:558","msg":"Not found user with ID: 62a60cc8dcbb2e3f00414c09","time":"2022-06-12T18:30:42+02:00","username":"tea"}
{"ip_address":"[::1]:49195","level":"error","mehtod":"C:/XWS-projekat/xws-bsep-beckend/xws-bsep/microservices/auth-service/infrastructure/api/auth_service.go:343","msg":"Registration failed for user with username: jeca","time":"2022-06-13T11:17:50+02:00","username":"jeca"}
{"level":"error","mehtod":"C:/XWS-projekat/xws-bsep-beckend/xws-bsep/microservices/auth-service/infrastructure/api/auth_service.go:330","msg":"User registration failed because username: tea is not unique","time":"2022-06-14T14:49:39+02:00","username":"tea"}
{"level":"error","mehtod":"C:/XWS-projekat/xws-bsep-beckend/xws-bsep/microservices/auth-service/infrastructure/api/auth_service.go:558","msg":"Not found user with ID: 62a883e2e3d4d6415407736e","time":"2022-06-14T14:49:47+02:00","username":"tea"}
{"level":"error","mehtod":"C:/XWS-projekat/xws-bsep-beckend/xws-bsep/microservices/auth-service/infrastructure/api/auth_service.go:558","msg":"Not found user with ID: 62a883e2e3d4d6415407736e","time":"2022-06-14T14:49:48+02:00","username":"tea"}
{"level":"error","mehtod":"C:/XWS-projekat/xws-bsep-beckend/xws-bsep/microservices/auth-service/infrastructure/api/auth_service.go:330","msg":"User registration failed because username: tea is not unique","time":"2022-06-14T21:56:11+02:00","username":"tea"}
{"ip_address":"[::1]:52762","level":"error","mehtod":"C:/XWS-projekat/xws-bsep-beckend/xws-bsep/microservices/auth-service/infrastructure/api/auth_service.go:343","msg":"Registration failed for user with username: tea1","time":"2022-06-15T00:44:14+02:00","username":"tea1"}
{"level":"error","mehtod":"C:/XWS-projekat/xws-bsep-beckend/xws-bsep/microservices/auth-service/infrastructure/api/auth_service.go:1201","msg":"No username found by API token: ","time":"2022-06-15T11:23:37+02:00"}
{"level":"error","mehtod":"C:/XWS-projekat/xws-bsep-beckend/xws-bsep/microservices/auth-service/infrastructure/api/auth_service.go:1201","msg":"No username found by API token: ","time":"2022-06-15T11:34:20+02:00"}
{"level":"error","mehtod":"C:/XWS-projekat/xws-bsep-beckend/xws-bsep/microservices/auth-service/infrastructure/api/auth_service.go:1201","msg":"No username found by API token: ","time":"2022-06-15T12:28:24+02:00"}
{"level":"error","mehtod":"C:/XWS-projekat/xws-bsep-beckend/xws-bsep/microservices/auth-service/infrastructure/api/auth_service.go:1201","msg":"No username found by API token: ","time":"2022-06-15T12:31:49+02:00"}
{"level":"error","mehtod":"C:/XWS-projekat/xws-bsep-beckend/xws-bsep/microservices/auth-service/infrastructure/api/auth_service.go:1201","msg":"No username found by API token: 1","time":"2022-06-15T12:32:53+02:00"}
{"level":"error","mehtod":"C:/XWS-projekat/xws-bsep-beckend/xws-bsep/microservices/auth-service/infrastructure/api/auth_service.go:1201","msg":"No username found by API token: ","time":"2022-06-15T12:40:38+02:00"}
{"level":"error","mehtod":"C:/XWS-projekat/xws-bsep-beckend/xws-bsep/microservices/auth-service/infrastructure/api/auth_service.go:1201","msg":"No username found by API token: ","time":"2022-06-15T12:42:16+02:00"}
{"level":"error","mehtod":"C:/XWS-projekat/xws-bsep-beckend/xws-bsep/microservices/auth-service/infrastructure/api/auth_service.go:1201","msg":"No username found by API token: ","time":"2022-06-15T12:46:51+02:00"}
{"level":"error","mehtod":"C:/XWS-projekat/xws-bsep-beckend/xws-bsep/microservices/auth-service/infrastructure/api/auth_service.go:1201","msg":"No username found by API token: ","time":"2022-06-15T12:54:14+02:00"}
{"level":"error","mehtod":"C:/XWS-projekat/xws-bsep-beckend/xws-bsep/microservices/auth-service/infrastructure/api/auth_service.go:1201","msg":"No username found by API token: ","time":"2022-06-15T12:57:01+02:00"}
{"level":"error","mehtod":"C:/XWS-projekat/xws-bsep-beckend/xws-bsep/microservices/auth-service/infrastructure/api/auth_service.go:1201","msg":"No username found by API token: 1","time":"2022-06-15T13:12:57+02:00"}
{"level":"error","mehtod":"C:/XWS-projekat/xws-bsep-beckend/xws-bsep/microservices/auth-service/infrastructure/api/auth_service.go:1201","msg":"No username found by API token: 1","time":"2022-06-15T13:18:53+02:00"}
