{"level":"info","method":"/infrastructure/api/auth_service.go:225","msg":"User registration with username: sanjaa and email: sanja.drinic776+1@gmail.com","time":"2022-06-16T16:51:11+02:00"}
{"level":"info","method":"/infrastructure/api/auth_service.go:225","msg":"User registration with username: sanjaa and email: sanja.drinic776+2@gmail.com","time":"2022-06-16T16:52:04+02:00"}
{"level":"info","method":"/infrastructure/api/auth_service.go:225","msg":"User registration with username: sanja2 and email: sanja.drinic776+2@gmail.com","time":"2022-06-16T16:52:08+02:00"}
{"level":"info","method":"/infrastructure/api/auth_service.go:225","msg":"User registration with username: sanja2 and email: sanja.princess99@gmail.com","time":"2022-06-16T16:53:47+02:00"}
{"level":"info","method":"/infrastructure/api/auth_service.go:225","msg":"User registration with username: sanja.princess and email: sanja.princess99@gmail.com","time":"2022-06-16T16:53:55+02:00"}
{"level":"info","method":"/infrastructure/api/auth_service.go:225","msg":"User registration with username: sanja.princess and email: sanja.princess99@gmail.com","time":"2022-06-16T17:07:24+02:00"}
{"level":"info","method":"/infrastructure/api/auth_service.go:225","msg":"User registration with username: sanja2 and email: sanja.drinic776+2@gmail.com","time":"2022-06-16T17:08:16+02:00"}
{"level":"info","method":"/infrastructure/api/auth_service.go:225","msg":"User registration with username: sanjaa and email: sanja.drinic776+b@gmail.com","time":"2022-06-16T17:47:20+02:00"}
{"level":"info","method":"/infrastructure/api/auth_service.go:846","msg":"Account activation with JWT token","time":"2022-06-16T17:47:38+02:00"}
{"level":"info","method":"/infrastructure/api/auth_service.go:846","msg":"Account activation with JWT token","time":"2022-06-16T17:47:46+02:00"}
{"ip_address":"[::1]:52984","level":"info","method":"/infrastructure/api/auth_service.go:508","msg":"Login to application with username: sanjaa","time":"2022-06-16T17:47:54+02:00"}
{"level":"info","method":"C:/XWS-projekat/xws-bsep-beckend/xws-bsep/microservices/auth-service/infrastructure/api/auth_service.go:225","msg":"User registration with username: teodora and email: teodora.maruna@gmail.com","time":"2022-06-17T14:37:21+02:00"}
{"level":"info","method":"C:/XWS-projekat/xws-bsep-beckend/xws-bsep/microservices/auth-service/infrastructure/api/auth_service.go:850","msg":"Account activation with JWT token","time":"2022-06-17T14:37:36+02:00"}
{"ip_address":"[::1]:55815","level":"info","method":"C:/XWS-projekat/xws-bsep-beckend/xws-bsep/microservices/auth-service/infrastructure/api/auth_service.go:512","msg":"Login to application with username: teodora","time":"2022-06-17T14:37:43+02:00"}
{"level":"info","method":"C:/XWS-projekat/xws-bsep-beckend/xws-bsep/microservices/auth-service/infrastructure/api/auth_service.go:601","msg":"Generating API token for user: teodora","time":"2022-06-17T14:45:42+02:00"}
{"level":"info","method":"C:/XWS-projekat/xws-bsep-beckend/xws-bsep/microservices/auth-service/infrastructure/api/auth_service.go:1185","msg":"Finding usernmae by API token","time":"2022-06-17T14:46:19+02:00"}
{"level":"info","method":"C:/XWS-projekat/xws-bsep-beckend/xws-bsep/microservices/auth-service/infrastructure/api/auth_service.go:225","msg":"User registration with username: teodora and email: teodora.maruna@gmail.com","time":"2022-06-17T14:47:57+02:00"}
{"level":"info","method":"C:/XWS-projekat/xws-bsep-beckend/xws-bsep/microservices/auth-service/infrastructure/api/auth_service.go:850","msg":"Account activation with JWT token","time":"2022-06-17T14:48:05+02:00"}
{"ip_address":"[::1]:55167","level":"info","method":"C:/XWS-projekat/xws-bsep-beckend/xws-bsep/microservices/auth-service/infrastructure/api/auth_service.go:512","msg":"Login to application with username: teodora","time":"2022-06-17T14:48:13+02:00"}
{"level":"info","method":"C:/xws-bsep/microservices/auth-service/infrastructure/api/auth_service.go:225","msg":"User registration with username: kristina and email: huawei5242@gmail.com","time":"2022-06-21T21:56:00+02:00"}
{"level":"info","method":"C:/xws-bsep/microservices/auth-service/infrastructure/api/auth_service.go:850","msg":"Account activation with JWT token","time":"2022-06-21T21:56:23+02:00"}
{"ip_address":"[::1]:55908","level":"info","method":"C:/xws-bsep/microservices/auth-service/infrastructure/api/auth_service.go:512","msg":"Login to application with username: kristina","time":"2022-06-21T21:56:38+02:00"}
{"level":"info","method":"C:/xws-bsep/microservices/auth-service/infrastructure/api/auth_service.go:225","msg":"User registration with username: klara and email: klaraacim1@gmail.com","time":"2022-06-21T21:58:11+02:00"}
{"level":"info","method":"C:/xws-bsep/microservices/auth-service/infrastructure/api/auth_service.go:850","msg":"Account activation with JWT token","time":"2022-06-21T21:58:33+02:00"}
{"ip_address":"[::1]:55908","level":"info","method":"C:/xws-bsep/microservices/auth-service/infrastructure/api/auth_service.go:512","msg":"Login to application with username: klara","time":"2022-06-21T21:58:40+02:00"}
{"level":"info","method":"C:/xws-bsep/microservices/auth-service/infrastructure/api/auth_service.go:225","msg":"User registration with username: kristina and email: huawei5242@gmail.com","time":"2022-06-21T22:21:48+02:00"}
{"level":"info","method":"C:/xws-bsep/microservices/auth-service/infrastructure/api/auth_service.go:850","msg":"Account activation with JWT token","time":"2022-06-21T22:22:11+02:00"}
{"ip_address":"[::1]:49213","level":"info","method":"C:/xws-bsep/microservices/auth-service/infrastructure/api/auth_service.go:512","msg":"Login to application with username: kristina","time":"2022-06-21T22:22:23+02:00"}
{"level":"info","method":"C:/xws-bsep/microservices/auth-service/infrastructure/api/auth_service.go:225","msg":"User registration with username: klara and email: klaraacim1@gmail.com","time":"2022-06-21T22:22:51+02:00"}
{"level":"info","method":"C:/xws-bsep/microservices/auth-service/infrastructure/api/auth_service.go:850","msg":"Account activation with JWT token","time":"2022-06-21T22:23:09+02:00"}
{"ip_address":"[::1]:49213","level":"info","method":"C:/xws-bsep/microservices/auth-service/infrastructure/api/auth_service.go:512","msg":"Login to application with username: klara","time":"2022-06-21T22:23:16+02:00"}
{"ip_address":"[::1]:49213","level":"info","method":"C:/xws-bsep/microservices/auth-service/infrastructure/api/auth_service.go:512","msg":"Login to application with username: klara","time":"2022-06-21T22:23:35+02:00"}
{"ip_address":"[::1]:49213","level":"info","method":"C:/xws-bsep/microservices/auth-service/infrastructure/api/auth_service.go:512","msg":"Login to application with username: klara","time":"2022-06-21T22:23:43+02:00"}
{"level":"info","method":"C:/xws-bsep/microservices/auth-service/infrastructure/api/auth_service.go:68","msg":"Passwordless login for user with email: klaraacim1@gmail.com","time":"2022-06-21T22:24:01+02:00"}
{"level":"info","method":"C:/xws-bsep/microservices/auth-service/infrastructure/api/auth_service.go:850","msg":"Account activation with JWT token","time":"2022-06-21T22:24:15+02:00"}
{"ip_address":"[::1]:49213","level":"info","method":"C:/xws-bsep/microservices/auth-service/infrastructure/api/auth_service.go:512","msg":"Login to application with username: klara","time":"2022-06-21T22:24:19+02:00"}
{"ip_address":"[::1]:49213","level":"info","method":"C:/xws-bsep/microservices/auth-service/infrastructure/api/auth_service.go:512","msg":"Login to application with username: kristina","time":"2022-06-21T22:24:36+02:00"}
{"ip_address":"[::1]:49213","level":"info","method":"C:/xws-bsep/microservices/auth-service/infrastructure/api/auth_service.go:512","msg":"Login to application with username: kristina","time":"2022-06-21T22:25:17+02:00"}
{"ip_address":"[::1]:49213","level":"info","method":"C:/xws-bsep/microservices/auth-service/infrastructure/api/auth_service.go:512","msg":"Login to application with username: klara","time":"2022-06-21T22:25:29+02:00"}
{"ip_address":"[::1]:55497","level":"info","method":"C:/xws-bsep/microservices/auth-service/infrastructure/api/auth_service.go:512","msg":"Login to application with username: kristina","time":"2022-06-21T23:05:57+02:00"}
{"level":"info","method":"C:/xws-bsep/microservices/auth-service/infrastructure/api/auth_service.go:225","msg":"User registration with username: kristina and email: huawei5242@gmail.com","time":"2022-07-04T17:59:32+02:00"}
{"level":"info","method":"C:/xws-bsep/microservices/auth-service/infrastructure/api/auth_service.go:850","msg":"Account activation with JWT token","time":"2022-07-04T17:59:55+02:00"}
{"ip_address":"[::1]:55096","level":"info","method":"C:/xws-bsep/microservices/auth-service/infrastructure/api/auth_service.go:512","msg":"Login to application with username: kristina","time":"2022-07-04T18:00:15+02:00"}
{"ip_address":"[::1]:55096","level":"info","method":"C:/xws-bsep/microservices/auth-service/infrastructure/api/auth_service.go:512","msg":"Login to application with username: kristina","time":"2022-07-04T18:03:18+02:00"}
{"ip_address":"[::1]:55096","level":"info","method":"C:/xws-bsep/microservices/auth-service/infrastructure/api/auth_service.go:512","msg":"Login to application with username: kristina","time":"2022-07-04T18:03:33+02:00"}
{"ip_address":"[::1]:55096","level":"info","method":"C:/xws-bsep/microservices/auth-service/infrastructure/api/auth_service.go:512","msg":"Login to application with username: kristina","time":"2022-07-04T18:03:35+02:00"}
{"level":"info","method":"C:/xws-bsep/microservices/auth-service/infrastructure/api/auth_service.go:601","msg":"Generating API token for user: kristina","time":"2022-07-04T18:03:43+02:00"}
{"level":"info","method":"C:/xws-bsep/microservices/auth-service/infrastructure/api/auth_service.go:1185","msg":"Finding usernmae by API token","time":"2022-07-04T18:03:57+02:00"}
{"level":"info","method":"C:/xws-bsep/microservices/auth-service/infrastructure/api/auth_service.go:225","msg":"User registration with username: jelena and email: huawei5242+1@gmail.com","time":"2022-07-04T18:06:09+02:00"}
{"level":"info","method":"C:/xws-bsep/microservices/auth-service/infrastructure/api/auth_service.go:850","msg":"Account activation with JWT token","time":"2022-07-04T18:07:33+02:00"}
{"ip_address":"[::1]:55096","level":"info","method":"C:/xws-bsep/microservices/auth-service/infrastructure/api/auth_service.go:512","msg":"Login to application with username: jelena","time":"2022-07-04T18:08:09+02:00"}
{"ip_address":"[::1]:55096","level":"info","method":"C:/xws-bsep/microservices/auth-service/infrastructure/api/auth_service.go:512","msg":"Login to application with username: jelena","time":"2022-07-04T18:08:11+02:00"}
{"ip_address":"[::1]:55096","level":"info","method":"C:/xws-bsep/microservices/auth-service/infrastructure/api/auth_service.go:512","msg":"Login to application with username: jelena","time":"2022-07-04T18:08:13+02:00"}
{"level":"info","method":"C:/xws-bsep/microservices/auth-service/infrastructure/api/auth_service.go:1185","msg":"Finding usernmae by API token","time":"2022-07-04T18:14:52+02:00"}
{"ip_address":"[::1]:55096","level":"info","method":"C:/xws-bsep/microservices/auth-service/infrastructure/api/auth_service.go:512","msg":"Login to application with username: jelena","time":"2022-07-04T18:15:21+02:00"}
{"ip_address":"[::1]:55096","level":"info","method":"C:/xws-bsep/microservices/auth-service/infrastructure/api/auth_service.go:512","msg":"Login to application with username: jelena","time":"2022-07-04T18:15:23+02:00"}
{"level":"info","method":"C:/xws-bsep/microservices/auth-service/infrastructure/api/auth_service.go:225","msg":"User registration with username: kristina and email: huawei5242@gmail.com","time":"2022-07-04T22:55:11+02:00"}
{"level":"info","method":"C:/xws-bsep/microservices/auth-service/infrastructure/api/auth_service.go:850","msg":"Account activation with JWT token","time":"2022-07-04T22:55:27+02:00"}
{"ip_address":"[::1]:55873","level":"info","method":"C:/xws-bsep/microservices/auth-service/infrastructure/api/auth_service.go:512","msg":"Login to application with username: kristina","time":"2022-07-04T22:55:35+02:00"}
{"ip_address":"[::1]:62921","level":"info","method":"C:/xws-bsep/microservices/auth-service/infrastructure/api/auth_service.go:512","msg":"Login to application with username: kris","time":"2022-07-04T23:11:56+02:00"}
{"ip_address":"[::1]:62921","level":"info","method":"C:/xws-bsep/microservices/auth-service/infrastructure/api/auth_service.go:512","msg":"Login to application with username: kristina","time":"2022-07-04T23:13:55+02:00"}
{"level":"info","method":"C:/xws-bsep/microservices/auth-service/infrastructure/api/auth_service.go:225","msg":"User registration with username: kristina2 and email: huawei5242+2@gmail.com","time":"2022-07-04T23:29:02+02:00"}
{"level":"info","method":"C:/xws-bsep/microservices/auth-service/infrastructure/api/auth_service.go:225","msg":"User registration with username: kristina2 and email: huawei5242+2@gmail.com","time":"2022-07-04T23:29:57+02:00"}
{"level":"info","method":"C:/xws-bsep/microservices/auth-service/infrastructure/api/auth_service.go:850","msg":"Account activation with JWT token","time":"2022-07-04T23:30:16+02:00"}
{"ip_address":"[::1]:54089","level":"info","method":"C:/xws-bsep/microservices/auth-service/infrastructure/api/auth_service.go:512","msg":"Login to application with username: kristina2","time":"2022-07-04T23:30:24+02:00"}
{"level":"info","method":"C:/xws-bsep/microservices/auth-service/infrastructure/api/auth_service.go:225","msg":"User registration with username: kristina and email: huawei5242@gmail.com","time":"2022-07-06T17:06:43+02:00"}
{"level":"info","method":"C:/xws-bsep/microservices/auth-service/infrastructure/api/auth_service.go:225","msg":"User registration with username: kristina and email: huawei5242+2@gmail.com","time":"2022-07-06T17:06:57+02:00"}
{"level":"info","method":"C:/xws-bsep/microservices/auth-service/infrastructure/api/auth_service.go:225","msg":"User registration with username: kristina and email: huawei5242+22@gmail.com","time":"2022-07-06T17:07:01+02:00"}
{"level":"info","method":"C:/xws-bsep/microservices/auth-service/infrastructure/api/auth_service.go:850","msg":"Account activation with JWT token","time":"2022-07-06T17:07:18+02:00"}
{"ip_address":"[::1]:63061","level":"info","method":"C:/xws-bsep/microservices/auth-service/infrastructure/api/auth_service.go:512","msg":"Login to application with username: kristina","time":"2022-07-06T17:07:29+02:00"}
{"ip_address":"[::1]:57740","level":"info","method":"C:/xws-bsep/microservices/auth-service/infrastructure/api/auth_service.go:512","msg":"Login to application with username: kristina","time":"2022-07-06T17:17:56+02:00"}
{"ip_address":"[::1]:57740","level":"info","method":"C:/xws-bsep/microservices/auth-service/infrastructure/api/auth_service.go:512","msg":"Login to application with username: kristina","time":"2022-07-06T17:17:58+02:00"}
{"ip_address":"[::1]:57740","level":"info","method":"C:/xws-bsep/microservices/auth-service/infrastructure/api/auth_service.go:512","msg":"Login to application with username: kristina","time":"2022-07-06T17:18:04+02:00"}
{"ip_address":"[::1]:57740","level":"info","method":"C:/xws-bsep/microservices/auth-service/infrastructure/api/auth_service.go:512","msg":"Login to application with username: kristina","time":"2022-07-06T17:18:13+02:00"}
{"ip_address":"[::1]:57740","level":"info","method":"C:/xws-bsep/microservices/auth-service/infrastructure/api/auth_service.go:512","msg":"Login to application with username: kristina","time":"2022-07-06T17:18:15+02:00"}
{"level":"info","method":"C:/xws-bsep/microservices/auth-service/infrastructure/api/auth_service.go:225","msg":"User registration with username: preporuke and email: huawei5242+99@gmail.com","time":"2022-07-06T17:18:48+02:00"}
{"level":"info","method":"C:/xws-bsep/microservices/auth-service/infrastructure/api/auth_service.go:850","msg":"Account activation with JWT token","time":"2022-07-06T17:19:29+02:00"}
{"ip_address":"[::1]:57740","level":"info","method":"C:/xws-bsep/microservices/auth-service/infrastructure/api/auth_service.go:512","msg":"Login to application with username: preporuke","time":"2022-07-06T17:19:40+02:00"}
{"ip_address":"[::1]:55145","level":"info","method":"C:/xws-bsep/microservices/auth-service/infrastructure/api/auth_service.go:512","msg":"Login to application with username: kristina","time":"2022-07-06T21:31:14+02:00"}
{"ip_address":"[::1]:55145","level":"info","method":"C:/xws-bsep/microservices/auth-service/infrastructure/api/auth_service.go:512","msg":"Login to application with username: kristina","time":"2022-07-06T21:31:17+02:00"}
{"ip_address":"[::1]:55145","level":"info","method":"C:/xws-bsep/microservices/auth-service/infrastructure/api/auth_service.go:512","msg":"Login to application with username: preporuke","time":"2022-07-06T21:31:20+02:00"}
{"level":"info","method":"C:/xws-bsep/microservices/auth-service/infrastructure/api/auth_service.go:225","msg":"User registration with username: milan and email: huawei5242+123@gmail.com","time":"2022-07-06T21:37:40+02:00"}
{"level":"info","method":"C:/xws-bsep/microservices/auth-service/infrastructure/api/auth_service.go:850","msg":"Account activation with JWT token","time":"2022-07-06T21:37:57+02:00"}
{"ip_address":"[::1]:57654","level":"info","method":"C:/xws-bsep/microservices/auth-service/infrastructure/api/auth_service.go:512","msg":"Login to application with username: milan","time":"2022-07-06T21:38:09+02:00"}
{"level":"info","method":"C:/xws-bsep/microservices/auth-service/infrastructure/api/auth_service.go:601","msg":"Generating API token for user: milan","time":"2022-07-06T22:00:18+02:00"}
{"level":"info","method":"C:/xws-bsep/microservices/auth-service/infrastructure/api/auth_service.go:1185","msg":"Finding usernmae by API token","time":"2022-07-06T22:00:57+02:00"}
{"level":"info","method":"C:/xws-bsep/microservices/auth-service/infrastructure/api/auth_service.go:225","msg":"User registration with username: nemanja and email: huawei5242+33@gmail.com","time":"2022-07-06T22:02:34+02:00"}
{"ip_address":"[::1]:53711","level":"info","method":"C:/xws-bsep/microservices/auth-service/infrastructure/api/auth_service.go:512","msg":"Login to application with username: nemanja","time":"2022-07-06T22:02:45+02:00"}
{"ip_address":"[::1]:53711","level":"info","method":"C:/xws-bsep/microservices/auth-service/infrastructure/api/auth_service.go:512","msg":"Login to application with username: nemanja","time":"2022-07-06T22:03:02+02:00"}
{"ip_address":"[::1]:53711","level":"info","method":"C:/xws-bsep/microservices/auth-service/infrastructure/api/auth_service.go:512","msg":"Login to application with username: nemanja","time":"2022-07-06T22:03:08+02:00"}
{"ip_address":"[::1]:53711","level":"info","method":"C:/xws-bsep/microservices/auth-service/infrastructure/api/auth_service.go:512","msg":"Login to application with username: nemanja","time":"2022-07-06T22:04:33+02:00"}
{"ip_address":"[::1]:53711","level":"info","method":"C:/xws-bsep/microservices/auth-service/infrastructure/api/auth_service.go:512","msg":"Login to application with username: nemanja","time":"2022-07-06T22:04:53+02:00"}
{"level":"info","method":"C:/xws-bsep/microservices/auth-service/infrastructure/api/auth_service.go:850","msg":"Account activation with JWT token","time":"2022-07-06T22:05:24+02:00"}
{"ip_address":"[::1]:53711","level":"info","method":"C:/xws-bsep/microservices/auth-service/infrastructure/api/auth_service.go:512","msg":"Login to application with username: nemanja","time":"2022-07-06T22:05:34+02:00"}
{"ip_address":"[::1]:53711","level":"info","method":"C:/xws-bsep/microservices/auth-service/infrastructure/api/auth_service.go:512","msg":"Login to application with username: milan","time":"2022-07-06T22:11:56+02:00"}
{"ip_address":"[::1]:53711","level":"info","method":"C:/xws-bsep/microservices/auth-service/infrastructure/api/auth_service.go:512","msg":"Login to application with username: nemanja","time":"2022-07-06T22:12:11+02:00"}
{"ip_address":"[::1]:51951","level":"info","method":"C:/xws-bsep/microservices/auth-service/infrastructure/api/auth_service.go:512","msg":"Login to application with username: nemanja","time":"2022-07-06T23:35:39+02:00"}
{"ip_address":"[::1]:51951","level":"info","method":"C:/xws-bsep/microservices/auth-service/infrastructure/api/auth_service.go:512","msg":"Login to application with username: nemanja","time":"2022-07-07T00:27:22+02:00"}
{"ip_address":"[::1]:51951","level":"info","method":"C:/xws-bsep/microservices/auth-service/infrastructure/api/auth_service.go:512","msg":"Login to application with username: milan","time":"2022-07-07T00:27:39+02:00"}
