{"email":"teodora.maruna@gmail.com","level":"info","mehtod":"C:/XWS-projekat/xws-bsep-beckend/xws-bsep/microservices/auth-service/infrastructure/api/auth_service.go:395","msg":"Account successfully created for user with ID: 62a60cc8dcbb2e3f00414c09","time":"2022-06-12T17:56:58+02:00","username":"tea"}
{"level":"info","mehtod":"C:/XWS-projekat/xws-bsep-beckend/xws-bsep/microservices/auth-service/infrastructure/api/auth_service.go:888","msg":"Account successfully activated by JWT token","time":"2022-06-12T17:57:09+02:00"}
{"level":"info","mehtod":"C:/XWS-projekat/xws-bsep-beckend/xws-bsep/microservices/auth-service/infrastructure/api/auth_service.go:585","msg":"Successful user login with username: tea","time":"2022-06-12T17:57:17+02:00"}
{"email":"teodora.maruna@gmail.com","level":"info","mehtod":"C:/XWS-projekat/xws-bsep-beckend/xws-bsep/microservices/auth-service/infrastructure/api/auth_service.go:395","msg":"Account successfully created for user with ID: 62a614eab78bfde0d4a2385d","time":"2022-06-12T18:31:40+02:00","username":"tea"}
{"level":"info","mehtod":"C:/XWS-projekat/xws-bsep-beckend/xws-bsep/microservices/auth-service/infrastructure/api/auth_service.go:888","msg":"Account successfully activated by JWT token","time":"2022-06-12T18:31:52+02:00"}
{"level":"info","mehtod":"C:/XWS-projekat/xws-bsep-beckend/xws-bsep/microservices/auth-service/infrastructure/api/auth_service.go:585","msg":"Successful user login with username: tea","time":"2022-06-12T18:32:01+02:00"}
{"email":"teodora.maruna+1@gmail.com","level":"info","mehtod":"C:/XWS-projekat/xws-bsep-beckend/xws-bsep/microservices/auth-service/infrastructure/api/auth_service.go:395","msg":"Account successfully created for user with ID: 62a6193cb78bfde0d4a2385e","time":"2022-06-12T18:50:12+02:00","username":"kristina"}
{"level":"info","mehtod":"C:/XWS-projekat/xws-bsep-beckend/xws-bsep/microservices/auth-service/infrastructure/api/auth_service.go:888","msg":"Account successfully activated by JWT token","time":"2022-06-12T18:50:21+02:00"}
{"level":"info","mehtod":"C:/XWS-projekat/xws-bsep-beckend/xws-bsep/microservices/auth-service/infrastructure/api/auth_service.go:585","msg":"Successful user login with username: kristina","time":"2022-06-12T18:50:31+02:00"}
{"level":"info","mehtod":"C:/XWS-projekat/xws-bsep-beckend/xws-bsep/microservices/auth-service/infrastructure/api/auth_service.go:585","msg":"Successful user login with username: tea","time":"2022-06-12T18:50:52+02:00"}
{"level":"info","mehtod":"C:/XWS-projekat/xws-bsep-beckend/xws-bsep/microservices/auth-service/infrastructure/api/auth_service.go:585","msg":"Successful user login with username: tea","time":"2022-06-12T19:02:48+02:00"}
{"level":"info","mehtod":"C:/XWS-projekat/xws-bsep-beckend/xws-bsep/microservices/auth-service/infrastructure/api/auth_service.go:585","msg":"Successful user login with username: kristina","time":"2022-06-12T19:03:16+02:00"}
{"level":"info","mehtod":"C:/XWS-projekat/xws-bsep-beckend/xws-bsep/microservices/auth-service/infrastructure/api/auth_service.go:585","msg":"Successful user login with username: tea","time":"2022-06-12T19:05:43+02:00"}
{"email":"teodora.maruna@gmail.com","level":"info","mehtod":"C:/XWS-projekat/xws-bsep-beckend/xws-bsep/microservices/auth-service/infrastructure/api/auth_service.go:395","msg":"Account successfully created for user with ID: 62a7004a35d9c03b487c224a","time":"2022-06-13T11:15:55+02:00","username":"tea"}
{"level":"info","mehtod":"C:/XWS-projekat/xws-bsep-beckend/xws-bsep/microservices/auth-service/infrastructure/api/auth_service.go:888","msg":"Account successfully activated by JWT token","time":"2022-06-13T11:16:06+02:00"}
{"level":"info","mehtod":"C:/XWS-projekat/xws-bsep-beckend/xws-bsep/microservices/auth-service/infrastructure/api/auth_service.go:585","msg":"Successful user login with username: tea","time":"2022-06-13T11:16:14+02:00"}
{"email":"teodora.maruna+1@gmail.com","level":"info","mehtod":"C:/XWS-projekat/xws-bsep-beckend/xws-bsep/microservices/auth-service/infrastructure/api/auth_service.go:395","msg":"Account successfully created for user with ID: 62a700c435d9c03b487c224c","time":"2022-06-13T11:17:57+02:00","username":"jeca"}
{"level":"info","mehtod":"C:/XWS-projekat/xws-bsep-beckend/xws-bsep/microservices/auth-service/infrastructure/api/auth_service.go:888","msg":"Account successfully activated by JWT token","time":"2022-06-13T11:18:05+02:00"}
{"level":"info","mehtod":"C:/XWS-projekat/xws-bsep-beckend/xws-bsep/microservices/auth-service/infrastructure/api/auth_service.go:585","msg":"Successful user login with username: jeca","time":"2022-06-13T11:18:11+02:00"}
{"level":"info","mehtod":"C:/XWS-projekat/xws-bsep-beckend/xws-bsep/microservices/auth-service/infrastructure/api/auth_service.go:585","msg":"Successful user login with username: tea","time":"2022-06-13T11:18:46+02:00"}
{"email":"teodora.maruna@gmail.com","level":"info","mehtod":"C:/XWS-projekat/xws-bsep-beckend/xws-bsep/microservices/auth-service/infrastructure/api/auth_service.go:395","msg":"Account successfully created for user with ID: 62a878fb38b28c5f6dd86977","time":"2022-06-14T14:03:09+02:00","username":"tea"}
{"level":"info","mehtod":"C:/XWS-projekat/xws-bsep-beckend/xws-bsep/microservices/auth-service/infrastructure/api/auth_service.go:888","msg":"Account successfully activated by JWT token","time":"2022-06-14T14:03:38+02:00"}
{"level":"info","mehtod":"C:/XWS-projekat/xws-bsep-beckend/xws-bsep/microservices/auth-service/infrastructure/api/auth_service.go:585","msg":"Successful user login with username: tea","time":"2022-06-14T14:05:33+02:00"}
{"email":"teodora.maruna+1@gmail.com","level":"info","mehtod":"C:/XWS-projekat/xws-bsep-beckend/xws-bsep/microservices/auth-service/infrastructure/api/auth_service.go:395","msg":"Account successfully created for user with ID: 62a879ac38b28c5f6dd86978","time":"2022-06-14T14:06:05+02:00","username":"kris"}
{"level":"info","mehtod":"C:/XWS-projekat/xws-bsep-beckend/xws-bsep/microservices/auth-service/infrastructure/api/auth_service.go:888","msg":"Account successfully activated by JWT token","time":"2022-06-14T14:06:13+02:00"}
{"level":"info","mehtod":"C:/XWS-projekat/xws-bsep-beckend/xws-bsep/microservices/auth-service/infrastructure/api/auth_service.go:585","msg":"Successful user login with username: kris","time":"2022-06-14T14:06:19+02:00"}
{"level":"info","mehtod":"C:/XWS-projekat/xws-bsep-beckend/xws-bsep/microservices/auth-service/infrastructure/api/auth_service.go:585","msg":"Successful user login with username: tea","time":"2022-06-14T14:06:52+02:00"}
{"level":"info","mehtod":"C:/XWS-projekat/xws-bsep-beckend/xws-bsep/microservices/auth-service/infrastructure/api/auth_service.go:623","msg":"API token successfully generated for user with ID: 62a878fb38b28c5f6dd86977","time":"2022-06-14T14:07:07+02:00"}
{"level":"info","mehtod":"C:/XWS-projekat/xws-bsep-beckend/xws-bsep/microservices/auth-service/infrastructure/api/auth_service.go:1194","msg":"Successfully found username: kris from API token","time":"2022-06-14T14:07:22+02:00"}
{"level":"info","mehtod":"C:/XWS-projekat/xws-bsep-beckend/xws-bsep/microservices/auth-service/infrastructure/api/auth_service.go:1194","msg":"Successfully found username: tea from API token","time":"2022-06-14T14:07:22+02:00"}
{"level":"info","mehtod":"C:/XWS-projekat/xws-bsep-beckend/xws-bsep/microservices/auth-service/infrastructure/api/auth_service.go:585","msg":"Successful user login with username: kris","time":"2022-06-14T14:09:02+02:00"}
{"level":"info","mehtod":"C:/XWS-projekat/xws-bsep-beckend/xws-bsep/microservices/auth-service/infrastructure/api/auth_service.go:623","msg":"API token successfully generated for user with ID: 62a879ac38b28c5f6dd86978","time":"2022-06-14T14:09:04+02:00"}
{"level":"info","mehtod":"C:/XWS-projekat/xws-bsep-beckend/xws-bsep/microservices/auth-service/infrastructure/api/auth_service.go:1194","msg":"Successfully found username: tea from API token","time":"2022-06-14T14:09:11+02:00"}
{"level":"info","mehtod":"C:/XWS-projekat/xws-bsep-beckend/xws-bsep/microservices/auth-service/infrastructure/api/auth_service.go:1194","msg":"Successfully found username: kris from API token","time":"2022-06-14T14:09:11+02:00"}
{"email":"teodora.maruna@gmail.com","level":"info","mehtod":"C:/XWS-projekat/xws-bsep-beckend/xws-bsep/microservices/auth-service/infrastructure/api/auth_service.go:395","msg":"Account successfully created for user with ID: 62a883e2e3d4d6415407736e","time":"2022-06-14T14:49:40+02:00","username":"tea"}
{"level":"info","mehtod":"C:/XWS-projekat/xws-bsep-beckend/xws-bsep/microservices/auth-service/infrastructure/api/auth_service.go:888","msg":"Account successfully activated by JWT token","time":"2022-06-14T14:49:59+02:00"}
{"level":"info","mehtod":"C:/XWS-projekat/xws-bsep-beckend/xws-bsep/microservices/auth-service/infrastructure/api/auth_service.go:585","msg":"Successful user login with username: tea","time":"2022-06-14T14:50:00+02:00"}
{"email":"teodora.maruna@gmail.com","level":"info","mehtod":"C:/XWS-projekat/xws-bsep-beckend/xws-bsep/microservices/auth-service/infrastructure/api/auth_service.go:395","msg":"Account successfully created for user with ID: 62a886ca94eea9698284f6e7","time":"2022-06-14T15:02:04+02:00","username":"tea"}
{"level":"info","mehtod":"C:/XWS-projekat/xws-bsep-beckend/xws-bsep/microservices/auth-service/infrastructure/api/auth_service.go:888","msg":"Account successfully activated by JWT token","time":"2022-06-14T15:02:12+02:00"}
{"level":"info","mehtod":"C:/XWS-projekat/xws-bsep-beckend/xws-bsep/microservices/auth-service/infrastructure/api/auth_service.go:585","msg":"Successful user login with username: tea","time":"2022-06-14T15:02:22+02:00"}
