{"level":"info","method":"D:/FAKS/4.god/8.semestar/XML/xws-bsep/microservices/notification-service/startup/server.go:38","msg":"MongoDB initialization for notification service successful, PORT: 27017, HOST: localhost","time":"2022-07-08T17:21:56+02:00"}
{"level":"info","method":"D:/FAKS/4.god/8.semestar/XML/xws-bsep/microservices/notification-service/startup/server.go:44","msg":"Starting gRPC server for notification service","time":"2022-07-08T17:21:56+02:00"}
{"level":"info","method":"D:/FAKS/4.god/8.semestar/XML/xws-bsep/microservices/notification-service/startup/server.go:38","msg":"MongoDB initialization for notification service successful, PORT: 27017, HOST: localhost","time":"2022-07-08T17:23:29+02:00"}
{"level":"info","method":"D:/FAKS/4.god/8.semestar/XML/xws-bsep/microservices/notification-service/startup/server.go:44","msg":"Starting gRPC server for notification service","time":"2022-07-08T17:23:29+02:00"}
{"level":"info","method":"C:/XWS-projekat/xws-bsep-beckend/xws-bsep/microservices/notification-service/startup/server.go:38","msg":"MongoDB initialization for notification service successful, PORT: 27017, HOST: localhost","time":"2022-07-08T19:46:58+02:00"}
{"level":"info","method":"C:/XWS-projekat/xws-bsep-beckend/xws-bsep/microservices/notification-service/startup/server.go:44","msg":"Starting gRPC server for notification service","time":"2022-07-08T19:46:58+02:00"}
{"level":"info","method":"C:/XWS-projekat/xws-bsep-beckend/xws-bsep/microservices/notification-service/startup/server.go:38","msg":"MongoDB initialization for notification service successful, PORT: 27017, HOST: localhost","time":"2022-07-08T20:05:24+02:00"}
{"level":"info","method":"C:/XWS-projekat/xws-bsep-beckend/xws-bsep/microservices/notification-service/startup/server.go:44","msg":"Starting gRPC server for notification service","time":"2022-07-08T20:05:24+02:00"}
{"level":"info","method":"C:/XWS-projekat/xws-bsep-beckend/xws-bsep/microservices/notification-service/infrastructure/api/notification_grpc_handler.go:73","msg":"Found 0 notification","time":"2022-07-08T20:16:07+02:00"}
{"level":"info","method":"C:/XWS-projekat/xws-bsep-beckend/xws-bsep/microservices/notification-service/startup/server.go:38","msg":"MongoDB initialization for notification service successful, PORT: 27017, HOST: localhost","time":"2022-07-08T20:29:10+02:00"}
{"level":"info","method":"C:/XWS-projekat/xws-bsep-beckend/xws-bsep/microservices/notification-service/startup/server.go:44","msg":"Starting gRPC server for notification service","time":"2022-07-08T20:29:10+02:00"}
{"level":"info","method":"C:/XWS-projekat/xws-bsep-beckend/xws-bsep/microservices/notification-service/infrastructure/api/notification_grpc_handler.go:88","msg":"Notification with ID: 000000000000000000000000 created","time":"2022-07-08T20:30:08+02:00"}
{"level":"info","method":"C:/XWS-projekat/xws-bsep-beckend/xws-bsep/microservices/notification-service/infrastructure/api/notification_grpc_handler.go:69","msg":"Found 1 notification","time":"2022-07-08T20:30:39+02:00"}
{"level":"info","method":"C:/XWS-projekat/xws-bsep-beckend/xws-bsep/microservices/notification-service/infrastructure/api/notification_grpc_handler.go:69","msg":"Found 1 notification","time":"2022-07-08T20:30:59+02:00"}
{"level":"info","method":"C:/XWS-projekat/xws-bsep-beckend/xws-bsep/microservices/notification-service/startup/server.go:38","msg":"MongoDB initialization for notification service successful, PORT: 27017, HOST: localhost","time":"2022-07-08T20:34:23+02:00"}
{"level":"info","method":"C:/XWS-projekat/xws-bsep-beckend/xws-bsep/microservices/notification-service/startup/server.go:44","msg":"Starting gRPC server for notification service","time":"2022-07-08T20:34:23+02:00"}
{"level":"info","method":"C:/XWS-projekat/xws-bsep-beckend/xws-bsep/microservices/notification-service/startup/server.go:38","msg":"MongoDB initialization for notification service successful, PORT: 27017, HOST: localhost","time":"2022-07-08T20:34:57+02:00"}
{"level":"info","method":"C:/XWS-projekat/xws-bsep-beckend/xws-bsep/microservices/notification-service/startup/server.go:44","msg":"Starting gRPC server for notification service","time":"2022-07-08T20:34:57+02:00"}
{"level":"info","method":"C:/XWS-projekat/xws-bsep-beckend/xws-bsep/microservices/notification-service/infrastructure/api/notification_grpc_handler.go:89","msg":"Notification with ID: 62c878d7ea91ea86b1a65444 created","time":"2022-07-08T20:35:03+02:00"}
{"level":"info","method":"C:/XWS-projekat/xws-bsep-beckend/xws-bsep/microservices/notification-service/infrastructure/api/notification_grpc_handler.go:89","msg":"Notification with ID: 62c87902ea91ea86b1a65445 created","time":"2022-07-08T20:35:46+02:00"}
{"level":"info","method":"C:/XWS-projekat/xws-bsep-beckend/xws-bsep/microservices/notification-service/infrastructure/api/notification_grpc_handler.go:69","msg":"Found 3 notification","time":"2022-07-08T20:36:25+02:00"}
{"level":"info","method":"C:/XWS-projekat/xws-bsep-beckend/xws-bsep/microservices/notification-service/startup/server.go:38","msg":"MongoDB initialization for notification service successful, PORT: 27017, HOST: localhost","time":"2022-07-08T20:39:29+02:00"}
{"level":"info","method":"C:/XWS-projekat/xws-bsep-beckend/xws-bsep/microservices/notification-service/startup/server.go:44","msg":"Starting gRPC server for notification service","time":"2022-07-08T20:39:29+02:00"}
{"level":"info","method":"C:/XWS-projekat/xws-bsep-beckend/xws-bsep/microservices/notification-service/infrastructure/api/notification_grpc_handler.go:89","msg":"Notification with ID: 62c879f28a2b27e8a34b07b7 created","time":"2022-07-08T20:39:46+02:00"}
{"level":"info","method":"C:/XWS-projekat/xws-bsep-beckend/xws-bsep/microservices/notification-service/infrastructure/api/notification_grpc_handler.go:69","msg":"Found 4 notification","time":"2022-07-08T20:40:02+02:00"}
{"level":"info","method":"C:/XWS-projekat/xws-bsep-beckend/xws-bsep/microservices/notification-service/startup/server.go:38","msg":"MongoDB initialization for notification service successful, PORT: 27017, HOST: localhost","time":"2022-07-08T21:54:11+02:00"}
{"level":"info","method":"C:/XWS-projekat/xws-bsep-beckend/xws-bsep/microservices/notification-service/startup/server.go:44","msg":"Starting gRPC server for notification service","time":"2022-07-08T21:54:11+02:00"}
{"level":"info","method":"C:/XWS-projekat/xws-bsep-beckend/xws-bsep/microservices/notification-service/startup/server.go:38","msg":"MongoDB initialization for notification service successful, PORT: 27017, HOST: localhost","time":"2022-07-08T21:56:43+02:00"}
{"level":"info","method":"C:/XWS-projekat/xws-bsep-beckend/xws-bsep/microservices/notification-service/startup/server.go:44","msg":"Starting gRPC server for notification service","time":"2022-07-08T21:56:43+02:00"}
{"level":"info","method":"C:/XWS-projekat/xws-bsep-beckend/xws-bsep/microservices/notification-service/infrastructure/api/notification_grpc_handler.go:69","msg":"Found 4 notification","time":"2022-07-08T21:56:48+02:00"}
{"level":"info","method":"C:/XWS-projekat/xws-bsep-beckend/xws-bsep/microservices/notification-service/startup/server.go:38","msg":"MongoDB initialization for notification service successful, PORT: 27017, HOST: localhost","time":"2022-07-08T22:41:23+02:00"}
{"level":"info","method":"C:/XWS-projekat/xws-bsep-beckend/xws-bsep/microservices/notification-service/startup/server.go:44","msg":"Starting gRPC server for notification service","time":"2022-07-08T22:41:23+02:00"}
{"level":"info","method":"C:/XWS-projekat/xws-bsep-beckend/xws-bsep/microservices/notification-service/infrastructure/api/notification_grpc_handler.go:69","msg":"Found 4 notification","time":"2022-07-08T22:44:16+02:00"}
{"level":"info","method":"C:/XWS-projekat/xws-bsep-beckend/xws-bsep/microservices/notification-service/infrastructure/api/notification_grpc_handler.go:89","msg":"Notification with ID: 62c89724c2ee872e4225b628 created","time":"2022-07-08T22:44:20+02:00"}
{"level":"info","method":"C:/XWS-projekat/xws-bsep-beckend/xws-bsep/microservices/notification-service/infrastructure/api/notification_grpc_handler.go:89","msg":"Notification with ID: 62c89840c2ee872e4225b629 created","time":"2022-07-08T22:49:04+02:00"}
{"level":"info","method":"C:/XWS-projekat/xws-bsep-beckend/xws-bsep/microservices/notification-service/startup/server.go:38","msg":"MongoDB initialization for notification service successful, PORT: 27017, HOST: localhost","time":"2022-07-08T22:53:54+02:00"}
{"level":"info","method":"C:/XWS-projekat/xws-bsep-beckend/xws-bsep/microservices/notification-service/startup/server.go:44","msg":"Starting gRPC server for notification service","time":"2022-07-08T22:53:54+02:00"}
{"level":"info","method":"C:/XWS-projekat/xws-bsep-beckend/xws-bsep/microservices/notification-service/infrastructure/api/notification_grpc_handler.go:89","msg":"Notification with ID: 62c8996bc656f2d2bed89952 created","time":"2022-07-08T22:54:04+02:00"}
{"level":"info","method":"C:/XWS-projekat/xws-bsep-beckend/xws-bsep/microservices/notification-service/startup/server.go:38","msg":"MongoDB initialization for notification service successful, PORT: 27017, HOST: localhost","time":"2022-07-08T23:45:32+02:00"}
{"level":"info","method":"C:/XWS-projekat/xws-bsep-beckend/xws-bsep/microservices/notification-service/startup/server.go:44","msg":"Starting gRPC server for notification service","time":"2022-07-08T23:45:32+02:00"}
{"level":"info","method":"C:/XWS-projekat/xws-bsep-beckend/xws-bsep/microservices/notification-service/infrastructure/api/notification_grpc_handler.go:89","msg":"Notification with ID: 62c8a58bba8463e2a0a44d74 created","time":"2022-07-08T23:45:48+02:00"}
{"level":"info","method":"C:/XWS-projekat/xws-bsep-beckend/xws-bsep/microservices/notification-service/startup/server.go:40","msg":"MongoDB initialization for notification service successful, PORT: 27017, HOST: localhost","time":"2022-07-09T03:52:51+02:00"}
{"level":"info","method":"C:/XWS-projekat/xws-bsep-beckend/xws-bsep/microservices/notification-service/startup/server.go:46","msg":"Starting gRPC server for notification service","time":"2022-07-09T03:52:51+02:00"}
{"level":"info","method":"C:/XWS-projekat/xws-bsep-beckend/xws-bsep/microservices/notification-service/infrastructure/api/notification_grpc_handler.go:69","msg":"Found 0 notification","time":"2022-07-09T03:53:03+02:00"}
{"level":"info","method":"C:/XWS-projekat/xws-bsep-beckend/xws-bsep/microservices/notification-service/infrastructure/api/notification_grpc_handler.go:89","msg":"Notification with ID: 62c8df83e80b4700d1073094 created","time":"2022-07-09T03:53:07+02:00"}
{"level":"info","method":"C:/XWS-projekat/xws-bsep-beckend/xws-bsep/microservices/notification-service/startup/server.go:40","msg":"MongoDB initialization for notification service successful, PORT: 27017, HOST: localhost","time":"2022-07-09T03:59:39+02:00"}
{"level":"info","method":"C:/XWS-projekat/xws-bsep-beckend/xws-bsep/microservices/notification-service/startup/server.go:46","msg":"Starting gRPC server for notification service","time":"2022-07-09T03:59:39+02:00"}
{"level":"info","method":"C:/XWS-projekat/xws-bsep-beckend/xws-bsep/microservices/notification-service/infrastructure/api/notification_grpc_handler.go:69","msg":"Found 1 notification","time":"2022-07-09T03:59:46+02:00"}
{"level":"info","method":"C:/XWS-projekat/xws-bsep-beckend/xws-bsep/microservices/notification-service/startup/server.go:40","msg":"MongoDB initialization for notification service successful, PORT: 27017, HOST: localhost","time":"2022-07-09T04:01:00+02:00"}
{"level":"info","method":"C:/XWS-projekat/xws-bsep-beckend/xws-bsep/microservices/notification-service/startup/server.go:46","msg":"Starting gRPC server for notification service","time":"2022-07-09T04:01:00+02:00"}
{"level":"info","method":"C:/XWS-projekat/xws-bsep-beckend/xws-bsep/microservices/notification-service/startup/server.go:40","msg":"MongoDB initialization for notification service successful, PORT: 27017, HOST: localhost","time":"2022-07-09T11:25:29+02:00"}
{"level":"info","method":"C:/XWS-projekat/xws-bsep-beckend/xws-bsep/microservices/notification-service/startup/server.go:46","msg":"Starting gRPC server for notification service","time":"2022-07-09T11:25:29+02:00"}
{"level":"info","method":"C:/XWS-projekat/xws-bsep-beckend/xws-bsep/microservices/notification-service/infrastructure/api/notification_grpc_handler.go:69","msg":"Found 1 notification","time":"2022-07-09T11:28:18+02:00"}
{"level":"info","method":"C:/XWS-projekat/xws-bsep-beckend/xws-bsep/microservices/notification-service/infrastructure/api/notification_grpc_handler.go:69","msg":"Found 1 notification","time":"2022-07-09T11:28:35+02:00"}
{"level":"info","method":"C:/XWS-projekat/xws-bsep-beckend/xws-bsep/microservices/notification-service/infrastructure/api/notification_grpc_handler.go:69","msg":"Found 1 notification","time":"2022-07-09T11:28:41+02:00"}
{"level":"info","method":"C:/XWS-projekat/xws-bsep-beckend/xws-bsep/microservices/notification-service/infrastructure/api/notification_grpc_handler.go:69","msg":"Found 1 notification","time":"2022-07-09T11:29:15+02:00"}
{"level":"info","method":"C:/XWS-projekat/xws-bsep-beckend/xws-bsep/microservices/notification-service/infrastructure/api/notification_grpc_handler.go:69","msg":"Found 1 notification","time":"2022-07-09T11:30:07+02:00"}
{"level":"info","method":"C:/XWS-projekat/xws-bsep-beckend/xws-bsep/microservices/notification-service/infrastructure/api/notification_grpc_handler.go:69","msg":"Found 1 notification","time":"2022-07-09T11:30:12+02:00"}
{"level":"info","method":"C:/XWS-projekat/xws-bsep-beckend/xws-bsep/microservices/notification-service/infrastructure/api/notification_grpc_handler.go:69","msg":"Found 1 notification","time":"2022-07-09T11:32:40+02:00"}
{"level":"info","method":"C:/XWS-projekat/xws-bsep-beckend/xws-bsep/microservices/notification-service/infrastructure/api/notification_grpc_handler.go:69","msg":"Found 1 notification","time":"2022-07-09T11:34:01+02:00"}
{"level":"info","method":"C:/XWS-projekat/xws-bsep-beckend/xws-bsep/microservices/notification-service/infrastructure/api/notification_grpc_handler.go:69","msg":"Found 1 notification","time":"2022-07-09T11:37:10+02:00"}
{"level":"info","method":"C:/XWS-projekat/xws-bsep-beckend/xws-bsep/microservices/notification-service/infrastructure/api/notification_grpc_handler.go:69","msg":"Found 1 notification","time":"2022-07-09T11:38:08+02:00"}
{"level":"info","method":"C:/XWS-projekat/xws-bsep-beckend/xws-bsep/microservices/notification-service/infrastructure/api/notification_grpc_handler.go:69","msg":"Found 1 notification","time":"2022-07-09T11:38:51+02:00"}
{"level":"info","method":"C:/XWS-projekat/xws-bsep-beckend/xws-bsep/microservices/notification-service/infrastructure/api/notification_grpc_handler.go:69","msg":"Found 1 notification","time":"2022-07-09T11:42:04+02:00"}
{"level":"info","method":"C:/XWS-projekat/xws-bsep-beckend/xws-bsep/microservices/notification-service/infrastructure/api/notification_grpc_handler.go:69","msg":"Found 1 notification","time":"2022-07-09T11:43:36+02:00"}
{"level":"info","method":"C:/XWS-projekat/xws-bsep-beckend/xws-bsep/microservices/notification-service/infrastructure/api/notification_grpc_handler.go:69","msg":"Found 1 notification","time":"2022-07-09T11:43:53+02:00"}
{"level":"info","method":"C:/XWS-projekat/xws-bsep-beckend/xws-bsep/microservices/notification-service/infrastructure/api/notification_grpc_handler.go:69","msg":"Found 1 notification","time":"2022-07-09T11:45:41+02:00"}
{"level":"info","method":"C:/XWS-projekat/xws-bsep-beckend/xws-bsep/microservices/notification-service/infrastructure/api/notification_grpc_handler.go:89","msg":"Notification with ID: 62c94e6661183f20a6f2e16f created","time":"2022-07-09T11:46:14+02:00"}
{"level":"info","method":"C:/XWS-projekat/xws-bsep-beckend/xws-bsep/microservices/notification-service/infrastructure/api/notification_grpc_handler.go:69","msg":"Found 2 notification","time":"2022-07-09T11:46:15+02:00"}
{"level":"info","method":"C:/XWS-projekat/xws-bsep-beckend/xws-bsep/microservices/notification-service/startup/server.go:40","msg":"MongoDB initialization for notification service successful, PORT: 27017, HOST: localhost","time":"2022-07-09T11:57:08+02:00"}
{"level":"info","method":"C:/XWS-projekat/xws-bsep-beckend/xws-bsep/microservices/notification-service/startup/server.go:46","msg":"Starting gRPC server for notification service","time":"2022-07-09T11:57:08+02:00"}
{"level":"info","method":"C:/XWS-projekat/xws-bsep-beckend/xws-bsep/microservices/notification-service/infrastructure/api/notification_grpc_handler.go:69","msg":"Found 2 notification","time":"2022-07-09T11:59:07+02:00"}
{"level":"info","method":"C:/XWS-projekat/xws-bsep-beckend/xws-bsep/microservices/notification-service/infrastructure/api/notification_grpc_handler.go:89","msg":"Notification with ID: 62c9516da7057cb0c764a14e created","time":"2022-07-09T11:59:09+02:00"}
{"level":"info","method":"C:/XWS-projekat/xws-bsep-beckend/xws-bsep/microservices/notification-service/infrastructure/api/notification_grpc_handler.go:69","msg":"Found 3 notification","time":"2022-07-09T11:59:10+02:00"}
{"level":"info","method":"C:/XWS-projekat/xws-bsep-beckend/xws-bsep/microservices/notification-service/infrastructure/api/notification_grpc_handler.go:69","msg":"Found 3 notification","time":"2022-07-09T12:00:29+02:00"}
{"level":"info","method":"C:/XWS-projekat/xws-bsep-beckend/xws-bsep/microservices/notification-service/infrastructure/api/notification_grpc_handler.go:89","msg":"Notification with ID: 62c951c0a7057cb0c764a14f created","time":"2022-07-09T12:00:32+02:00"}
{"level":"info","method":"C:/XWS-projekat/xws-bsep-beckend/xws-bsep/microservices/notification-service/infrastructure/api/notification_grpc_handler.go:69","msg":"Found 4 notification","time":"2022-07-09T12:00:33+02:00"}
{"level":"info","method":"C:/XWS-projekat/xws-bsep-beckend/xws-bsep/microservices/notification-service/infrastructure/api/notification_grpc_handler.go:69","msg":"Found 4 notification","time":"2022-07-09T12:00:53+02:00"}
{"level":"info","method":"C:/XWS-projekat/xws-bsep-beckend/xws-bsep/microservices/notification-service/infrastructure/api/notification_grpc_handler.go:69","msg":"Found 4 notification","time":"2022-07-09T12:01:03+02:00"}
{"level":"info","method":"C:/XWS-projekat/xws-bsep-beckend/xws-bsep/microservices/notification-service/infrastructure/api/notification_grpc_handler.go:89","msg":"Notification with ID: 62c951e4a7057cb0c764a150 created","time":"2022-07-09T12:01:08+02:00"}
{"level":"info","method":"C:/XWS-projekat/xws-bsep-beckend/xws-bsep/microservices/notification-service/infrastructure/api/notification_grpc_handler.go:69","msg":"Found 5 notification","time":"2022-07-09T12:01:09+02:00"}
{"level":"info","method":"C:/XWS-projekat/xws-bsep-beckend/xws-bsep/microservices/notification-service/infrastructure/api/notification_grpc_handler.go:69","msg":"Found 5 notification","time":"2022-07-09T12:02:47+02:00"}
{"level":"info","method":"C:/XWS-projekat/xws-bsep-beckend/xws-bsep/microservices/notification-service/infrastructure/api/notification_grpc_handler.go:89","msg":"Notification with ID: 62c9524aa7057cb0c764a151 created","time":"2022-07-09T12:02:50+02:00"}
{"level":"info","method":"C:/XWS-projekat/xws-bsep-beckend/xws-bsep/microservices/notification-service/infrastructure/api/notification_grpc_handler.go:69","msg":"Found 6 notification","time":"2022-07-09T12:02:51+02:00"}
{"level":"info","method":"C:/XWS-projekat/xws-bsep-beckend/xws-bsep/microservices/notification-service/infrastructure/api/notification_grpc_handler.go:69","msg":"Found 6 notification","time":"2022-07-09T12:05:09+02:00"}
{"level":"info","method":"C:/XWS-projekat/xws-bsep-beckend/xws-bsep/microservices/notification-service/infrastructure/api/notification_grpc_handler.go:69","msg":"Found 6 notification","time":"2022-07-09T12:05:14+02:00"}
{"level":"info","method":"C:/XWS-projekat/xws-bsep-beckend/xws-bsep/microservices/notification-service/infrastructure/api/notification_grpc_handler.go:69","msg":"Found 6 notification","time":"2022-07-09T12:05:45+02:00"}
{"level":"info","method":"C:/XWS-projekat/xws-bsep-beckend/xws-bsep/microservices/notification-service/infrastructure/api/notification_grpc_handler.go:69","msg":"Found 6 notification","time":"2022-07-09T12:05:53+02:00"}
{"level":"info","method":"C:/XWS-projekat/xws-bsep-beckend/xws-bsep/microservices/notification-service/infrastructure/api/notification_grpc_handler.go:89","msg":"Notification with ID: 62c9530aa7057cb0c764a152 created","time":"2022-07-09T12:06:02+02:00"}
{"level":"info","method":"C:/XWS-projekat/xws-bsep-beckend/xws-bsep/microservices/notification-service/infrastructure/api/notification_grpc_handler.go:89","msg":"Notification with ID: 62c9530aa7057cb0c764a153 created","time":"2022-07-09T12:06:02+02:00"}
{"level":"info","method":"C:/XWS-projekat/xws-bsep-beckend/xws-bsep/microservices/notification-service/infrastructure/api/notification_grpc_handler.go:69","msg":"Found 8 notification","time":"2022-07-09T12:06:04+02:00"}
{"level":"info","method":"C:/XWS-projekat/xws-bsep-beckend/xws-bsep/microservices/notification-service/startup/server.go:40","msg":"MongoDB initialization for notification service successful, PORT: 27017, HOST: localhost","time":"2022-07-09T12:18:31+02:00"}
{"level":"info","method":"C:/XWS-projekat/xws-bsep-beckend/xws-bsep/microservices/notification-service/startup/server.go:46","msg":"Starting gRPC server for notification service","time":"2022-07-09T12:18:31+02:00"}
{"level":"info","method":"C:/XWS-projekat/xws-bsep-beckend/xws-bsep/microservices/notification-service/infrastructure/api/notification_grpc_handler.go:69","msg":"Found 0 notification","time":"2022-07-09T12:19:25+02:00"}
{"level":"info","method":"C:/XWS-projekat/xws-bsep-beckend/xws-bsep/microservices/notification-service/infrastructure/api/notification_grpc_handler.go:69","msg":"Found 0 notification","time":"2022-07-09T12:19:31+02:00"}
{"level":"info","method":"C:/XWS-projekat/xws-bsep-beckend/xws-bsep/microservices/notification-service/infrastructure/api/notification_grpc_handler.go:69","msg":"Found 0 notification","time":"2022-07-09T12:20:41+02:00"}
{"level":"info","method":"C:/XWS-projekat/xws-bsep-beckend/xws-bsep/microservices/notification-service/infrastructure/api/notification_grpc_handler.go:69","msg":"Found 0 notification","time":"2022-07-09T12:20:51+02:00"}
{"level":"info","method":"C:/XWS-projekat/xws-bsep-beckend/xws-bsep/microservices/notification-service/infrastructure/api/notification_grpc_handler.go:69","msg":"Found 0 notification","time":"2022-07-09T12:21:01+02:00"}
{"level":"info","method":"C:/XWS-projekat/xws-bsep-beckend/xws-bsep/microservices/notification-service/infrastructure/api/notification_grpc_handler.go:89","msg":"Notification with ID: 62c95695de56460049160f90 created","time":"2022-07-09T12:21:09+02:00"}
{"level":"info","method":"C:/XWS-projekat/xws-bsep-beckend/xws-bsep/microservices/notification-service/infrastructure/api/notification_grpc_handler.go:69","msg":"Found 1 notification","time":"2022-07-09T12:21:11+02:00"}
{"level":"info","method":"C:/XWS-projekat/xws-bsep-beckend/xws-bsep/microservices/notification-service/infrastructure/api/notification_grpc_handler.go:69","msg":"Found 1 notification","time":"2022-07-09T12:22:02+02:00"}
{"level":"info","method":"C:/XWS-projekat/xws-bsep-beckend/xws-bsep/microservices/notification-service/infrastructure/api/notification_grpc_handler.go:69","msg":"Found 1 notification","time":"2022-07-09T12:22:06+02:00"}
{"level":"info","method":"C:/XWS-projekat/xws-bsep-beckend/xws-bsep/microservices/notification-service/infrastructure/api/notification_grpc_handler.go:69","msg":"Found 1 notification","time":"2022-07-09T12:22:26+02:00"}
{"level":"info","method":"C:/XWS-projekat/xws-bsep-beckend/xws-bsep/microservices/notification-service/infrastructure/api/notification_grpc_handler.go:69","msg":"Found 1 notification","time":"2022-07-09T12:22:32+02:00"}
{"level":"info","method":"C:/XWS-projekat/xws-bsep-beckend/xws-bsep/microservices/notification-service/infrastructure/api/notification_grpc_handler.go:89","msg":"Notification with ID: 62c956eede56460049160f91 created","time":"2022-07-09T12:22:38+02:00"}
{"level":"info","method":"C:/XWS-projekat/xws-bsep-beckend/xws-bsep/microservices/notification-service/infrastructure/api/notification_grpc_handler.go:89","msg":"Notification with ID: 62c956eede56460049160f92 created","time":"2022-07-09T12:22:38+02:00"}
{"level":"info","method":"C:/XWS-projekat/xws-bsep-beckend/xws-bsep/microservices/notification-service/infrastructure/api/notification_grpc_handler.go:69","msg":"Found 3 notification","time":"2022-07-09T12:22:39+02:00"}
{"level":"info","method":"C:/XWS-projekat/xws-bsep-beckend/xws-bsep/microservices/notification-service/startup/server.go:40","msg":"MongoDB initialization for notification service successful, PORT: 27017, HOST: localhost","time":"2022-07-09T12:28:03+02:00"}
{"level":"info","method":"C:/XWS-projekat/xws-bsep-beckend/xws-bsep/microservices/notification-service/startup/server.go:46","msg":"Starting gRPC server for notification service","time":"2022-07-09T12:28:03+02:00"}
{"level":"info","method":"C:/XWS-projekat/xws-bsep-beckend/xws-bsep/microservices/notification-service/infrastructure/api/notification_grpc_handler.go:69","msg":"Found 0 notification","time":"2022-07-09T12:29:02+02:00"}
{"level":"info","method":"C:/XWS-projekat/xws-bsep-beckend/xws-bsep/microservices/notification-service/startup/server.go:40","msg":"MongoDB initialization for notification service successful, PORT: 27017, HOST: localhost","time":"2022-07-09T12:34:41+02:00"}
{"level":"info","method":"C:/XWS-projekat/xws-bsep-beckend/xws-bsep/microservices/notification-service/startup/server.go:46","msg":"Starting gRPC server for notification service","time":"2022-07-09T12:34:41+02:00"}
{"level":"info","method":"C:/XWS-projekat/xws-bsep-beckend/xws-bsep/microservices/notification-service/infrastructure/api/notification_grpc_handler.go:69","msg":"Found 0 notification","time":"2022-07-09T12:36:02+02:00"}
{"level":"info","method":"C:/XWS-projekat/xws-bsep-beckend/xws-bsep/microservices/notification-service/startup/server.go:40","msg":"MongoDB initialization for notification service successful, PORT: 27017, HOST: localhost","time":"2022-07-09T12:46:15+02:00"}
{"level":"info","method":"C:/XWS-projekat/xws-bsep-beckend/xws-bsep/microservices/notification-service/startup/server.go:46","msg":"Starting gRPC server for notification service","time":"2022-07-09T12:46:15+02:00"}
{"level":"info","method":"C:/XWS-projekat/xws-bsep-beckend/xws-bsep/microservices/notification-service/infrastructure/api/notification_grpc_handler.go:69","msg":"Found 0 notification","time":"2022-07-09T12:47:16+02:00"}
{"level":"info","method":"C:/XWS-projekat/xws-bsep-beckend/xws-bsep/microservices/notification-service/startup/server.go:40","msg":"MongoDB initialization for notification service successful, PORT: 27017, HOST: localhost","time":"2022-07-09T12:50:02+02:00"}
{"level":"info","method":"C:/XWS-projekat/xws-bsep-beckend/xws-bsep/microservices/notification-service/startup/server.go:46","msg":"Starting gRPC server for notification service","time":"2022-07-09T12:50:02+02:00"}
{"level":"info","method":"C:/XWS-projekat/xws-bsep-beckend/xws-bsep/microservices/notification-service/infrastructure/api/notification_grpc_handler.go:69","msg":"Found 0 notification","time":"2022-07-09T12:51:34+02:00"}
{"level":"info","method":"C:/XWS-projekat/xws-bsep-beckend/xws-bsep/microservices/notification-service/startup/server.go:40","msg":"MongoDB initialization for notification service successful, PORT: 27017, HOST: localhost","time":"2022-07-09T12:55:46+02:00"}
{"level":"info","method":"C:/XWS-projekat/xws-bsep-beckend/xws-bsep/microservices/notification-service/startup/server.go:46","msg":"Starting gRPC server for notification service","time":"2022-07-09T12:55:46+02:00"}
{"level":"info","method":"C:/XWS-projekat/xws-bsep-beckend/xws-bsep/microservices/notification-service/infrastructure/api/notification_grpc_handler.go:69","msg":"Found 0 notification","time":"2022-07-09T12:56:39+02:00"}
{"level":"info","method":"C:/XWS-projekat/xws-bsep-beckend/xws-bsep/microservices/notification-service/infrastructure/api/notification_grpc_handler.go:69","msg":"Found 0 notification","time":"2022-07-09T13:28:01+02:00"}
{"level":"info","method":"C:/XWS-projekat/xws-bsep-beckend/xws-bsep/microservices/notification-service/infrastructure/api/notification_grpc_handler.go:69","msg":"Found 0 notification","time":"2022-07-09T13:28:06+02:00"}
{"level":"info","method":"C:/XWS-projekat/xws-bsep-beckend/xws-bsep/microservices/notification-service/infrastructure/api/notification_grpc_handler.go:69","msg":"Found 0 notification","time":"2022-07-09T13:29:13+02:00"}
{"level":"info","method":"C:/XWS-projekat/xws-bsep-beckend/xws-bsep/microservices/notification-service/infrastructure/api/notification_grpc_handler.go:69","msg":"Found 0 notification","time":"2022-07-09T13:29:24+02:00"}
{"level":"info","method":"C:/XWS-projekat/xws-bsep-beckend/xws-bsep/microservices/notification-service/infrastructure/api/notification_grpc_handler.go:89","msg":"Notification with ID: 62c96697b6244ea039e5100b created","time":"2022-07-09T13:29:27+02:00"}
{"level":"info","method":"C:/XWS-projekat/xws-bsep-beckend/xws-bsep/microservices/notification-service/infrastructure/api/notification_grpc_handler.go:69","msg":"Found 1 notification","time":"2022-07-09T13:29:30+02:00"}
{"level":"info","method":"C:/XWS-projekat/xws-bsep-beckend/xws-bsep/microservices/notification-service/startup/server.go:40","msg":"MongoDB initialization for notification service successful, PORT: 27017, HOST: localhost","time":"2022-07-09T13:44:44+02:00"}
{"level":"info","method":"C:/XWS-projekat/xws-bsep-beckend/xws-bsep/microservices/notification-service/startup/server.go:46","msg":"Starting gRPC server for notification service","time":"2022-07-09T13:44:44+02:00"}
{"level":"info","method":"C:/XWS-projekat/xws-bsep-beckend/xws-bsep/microservices/notification-service/infrastructure/api/notification_grpc_handler.go:122","msg":"Notification by user received successfully","time":"2022-07-09T13:45:37+02:00"}
{"level":"info","method":"C:/XWS-projekat/xws-bsep-beckend/xws-bsep/microservices/notification-service/infrastructure/api/notification_grpc_handler.go:122","msg":"Notification by user received successfully","time":"2022-07-09T13:45:41+02:00"}
{"level":"info","method":"C:/XWS-projekat/xws-bsep-beckend/xws-bsep/microservices/notification-service/infrastructure/api/notification_grpc_handler.go:122","msg":"Notification by user received successfully","time":"2022-07-09T13:45:44+02:00"}
{"level":"info","method":"C:/XWS-projekat/xws-bsep-beckend/xws-bsep/microservices/notification-service/infrastructure/api/notification_grpc_handler.go:89","msg":"Notification with ID: 62c96a6e2e8e8bf8905339d1 created","time":"2022-07-09T13:45:50+02:00"}
{"level":"info","method":"C:/XWS-projekat/xws-bsep-beckend/xws-bsep/microservices/notification-service/infrastructure/api/notification_grpc_handler.go:69","msg":"Found 2 notification","time":"2022-07-09T13:45:51+02:00"}
{"level":"info","method":"C:/XWS-projekat/xws-bsep-beckend/xws-bsep/microservices/notification-service/infrastructure/api/notification_grpc_handler.go:122","msg":"Notification by user received successfully","time":"2022-07-09T13:45:54+02:00"}
{"level":"info","method":"C:/XWS-projekat/xws-bsep-beckend/xws-bsep/microservices/notification-service/infrastructure/api/notification_grpc_handler.go:122","msg":"Notification by user received successfully","time":"2022-07-09T13:50:01+02:00"}
{"level":"info","method":"C:/XWS-projekat/xws-bsep-beckend/xws-bsep/microservices/notification-service/infrastructure/api/notification_grpc_handler.go:122","msg":"Notification by user received successfully","time":"2022-07-09T13:50:03+02:00"}
{"level":"info","method":"C:/XWS-projekat/xws-bsep-beckend/xws-bsep/microservices/notification-service/infrastructure/api/notification_grpc_handler.go:122","msg":"Notification by user received successfully","time":"2022-07-09T13:50:30+02:00"}
{"level":"info","method":"C:/XWS-projekat/xws-bsep-beckend/xws-bsep/microservices/notification-service/infrastructure/api/notification_grpc_handler.go:122","msg":"Notification by user received successfully","time":"2022-07-09T13:50:55+02:00"}
{"level":"info","method":"C:/XWS-projekat/xws-bsep-beckend/xws-bsep/microservices/notification-service/startup/server.go:40","msg":"MongoDB initialization for notification service successful, PORT: 27017, HOST: localhost","time":"2022-07-09T14:02:28+02:00"}
{"level":"info","method":"C:/XWS-projekat/xws-bsep-beckend/xws-bsep/microservices/notification-service/startup/server.go:46","msg":"Starting gRPC server for notification service","time":"2022-07-09T14:02:28+02:00"}
{"level":"info","method":"C:/XWS-projekat/xws-bsep-beckend/xws-bsep/microservices/notification-service/infrastructure/api/notification_grpc_handler.go:122","msg":"Notification by user received successfully","time":"2022-07-09T14:02:43+02:00"}
{"level":"info","method":"C:/XWS-projekat/xws-bsep-beckend/xws-bsep/microservices/notification-service/infrastructure/api/notification_grpc_handler.go:122","msg":"Notification by user received successfully","time":"2022-07-09T14:09:20+02:00"}
{"level":"info","method":"C:/XWS-projekat/xws-bsep-beckend/xws-bsep/microservices/notification-service/infrastructure/api/notification_grpc_handler.go:122","msg":"Notification by user received successfully","time":"2022-07-09T14:12:15+02:00"}
{"level":"info","method":"C:/XWS-projekat/xws-bsep-beckend/xws-bsep/microservices/notification-service/startup/server.go:40","msg":"MongoDB initialization for notification service successful, PORT: 27017, HOST: localhost","time":"2022-07-09T14:14:01+02:00"}
{"level":"info","method":"C:/XWS-projekat/xws-bsep-beckend/xws-bsep/microservices/notification-service/startup/server.go:46","msg":"Starting gRPC server for notification service","time":"2022-07-09T14:14:01+02:00"}
{"level":"info","method":"C:/XWS-projekat/xws-bsep-beckend/xws-bsep/microservices/notification-service/infrastructure/api/notification_grpc_handler.go:122","msg":"Notification by user received successfully","time":"2022-07-09T14:14:51+02:00"}
{"level":"info","method":"C:/XWS-projekat/xws-bsep-beckend/xws-bsep/microservices/notification-service/infrastructure/api/notification_grpc_handler.go:122","msg":"Notification by user received successfully","time":"2022-07-09T14:22:27+02:00"}
{"level":"info","method":"C:/XWS-projekat/xws-bsep-beckend/xws-bsep/microservices/notification-service/infrastructure/api/notification_grpc_handler.go:122","msg":"Notification by user received successfully","time":"2022-07-09T14:22:53+02:00"}
{"level":"info","method":"C:/XWS-projekat/xws-bsep-beckend/xws-bsep/microservices/notification-service/infrastructure/api/notification_grpc_handler.go:122","msg":"Notification by user received successfully","time":"2022-07-09T14:57:01+02:00"}
{"level":"info","method":"C:/XWS-projekat/xws-bsep-beckend/xws-bsep/microservices/notification-service/infrastructure/api/notification_grpc_handler.go:122","msg":"Notification by user received successfully","time":"2022-07-09T14:58:05+02:00"}
{"level":"info","method":"C:/XWS-projekat/xws-bsep-beckend/xws-bsep/microservices/notification-service/infrastructure/api/notification_grpc_handler.go:122","msg":"Notification by user received successfully","time":"2022-07-09T14:58:25+02:00"}
{"level":"info","method":"C:/XWS-projekat/xws-bsep-beckend/xws-bsep/microservices/notification-service/infrastructure/api/notification_grpc_handler.go:89","msg":"Notification with ID: 62c97b763bf269e95095224d created","time":"2022-07-09T14:58:30+02:00"}
{"level":"info","method":"C:/XWS-projekat/xws-bsep-beckend/xws-bsep/microservices/notification-service/infrastructure/api/notification_grpc_handler.go:122","msg":"Notification by user received successfully","time":"2022-07-09T14:58:32+02:00"}
{"level":"info","method":"C:/XWS-projekat/xws-bsep-beckend/xws-bsep/microservices/notification-service/infrastructure/api/notification_grpc_handler.go:122","msg":"Notification by user received successfully","time":"2022-07-09T14:59:00+02:00"}
{"level":"info","method":"C:/XWS-projekat/xws-bsep-beckend/xws-bsep/microservices/notification-service/infrastructure/api/notification_grpc_handler.go:122","msg":"Notification by user received successfully","time":"2022-07-09T14:59:09+02:00"}
{"level":"info","method":"C:/XWS-projekat/xws-bsep-beckend/xws-bsep/microservices/notification-service/infrastructure/api/notification_grpc_handler.go:122","msg":"Notification by user received successfully","time":"2022-07-09T14:59:33+02:00"}
{"level":"info","method":"C:/XWS-projekat/xws-bsep-beckend/xws-bsep/microservices/notification-service/infrastructure/api/notification_grpc_handler.go:89","msg":"Notification with ID: 62c97bd33bf269e95095224e created","time":"2022-07-09T15:00:03+02:00"}
{"level":"info","method":"C:/XWS-projekat/xws-bsep-beckend/xws-bsep/microservices/notification-service/infrastructure/api/notification_grpc_handler.go:122","msg":"Notification by user received successfully","time":"2022-07-09T15:00:05+02:00"}
{"level":"info","method":"C:/XWS-projekat/xws-bsep-beckend/xws-bsep/microservices/notification-service/infrastructure/api/notification_grpc_handler.go:122","msg":"Notification by user received successfully","time":"2022-07-09T15:00:35+02:00"}
{"level":"info","method":"C:/XWS-projekat/xws-bsep-beckend/xws-bsep/microservices/notification-service/infrastructure/api/notification_grpc_handler.go:122","msg":"Notification by user received successfully","time":"2022-07-09T15:00:40+02:00"}
{"level":"info","method":"C:/XWS-projekat/xws-bsep-beckend/xws-bsep/microservices/notification-service/infrastructure/api/notification_grpc_handler.go:122","msg":"Notification by user received successfully","time":"2022-07-09T15:00:59+02:00"}
{"level":"info","method":"C:/XWS-projekat/xws-bsep-beckend/xws-bsep/microservices/notification-service/infrastructure/api/notification_grpc_handler.go:122","msg":"Notification by user received successfully","time":"2022-07-09T15:01:40+02:00"}
{"level":"info","method":"C:/XWS-projekat/xws-bsep-beckend/xws-bsep/microservices/notification-service/infrastructure/api/notification_grpc_handler.go:89","msg":"Notification with ID: 62c97c383bf269e95095224f created","time":"2022-07-09T15:01:44+02:00"}
{"level":"info","method":"C:/XWS-projekat/xws-bsep-beckend/xws-bsep/microservices/notification-service/infrastructure/api/notification_grpc_handler.go:122","msg":"Notification by user received successfully","time":"2022-07-09T15:01:45+02:00"}
{"level":"info","method":"C:/XWS-projekat/xws-bsep-beckend/xws-bsep/microservices/notification-service/infrastructure/api/notification_grpc_handler.go:122","msg":"Notification by user received successfully","time":"2022-07-09T15:02:04+02:00"}
{"level":"info","method":"C:/XWS-projekat/xws-bsep-beckend/xws-bsep/microservices/notification-service/infrastructure/api/notification_grpc_handler.go:89","msg":"Notification with ID: 62c97c503bf269e950952250 created","time":"2022-07-09T15:02:08+02:00"}
{"level":"info","method":"C:/XWS-projekat/xws-bsep-beckend/xws-bsep/microservices/notification-service/infrastructure/api/notification_grpc_handler.go:122","msg":"Notification by user received successfully","time":"2022-07-09T15:02:09+02:00"}
{"level":"info","method":"C:/XWS-projekat/xws-bsep-beckend/xws-bsep/microservices/notification-service/infrastructure/api/notification_grpc_handler.go:122","msg":"Notification by user received successfully","time":"2022-07-09T15:12:49+02:00"}
