{"level":"error","method":"/infrastructure/api/post_handler.go:294","msg":"Get all public posts unsuccessful","time":"2022-06-16T17:46:57+02:00"}
{"level":"error","method":"/infrastructure/api/post_handler.go:421","msg":"Get connections for user with ID: 62ab5088a7f223b9025dc736 unsuccessful","time":"2022-06-16T17:47:54+02:00"}
{"level":"error","method":"/infrastructure/api/post_handler.go:240","msg":"Get all connections for user with ID: 62ab5088a7f223b9025dc736 unsuccessful","time":"2022-06-16T17:47:54+02:00"}
{"level":"error","method":"C:/XWS-projekat/xws-bsep-beckend/xws-bsep/microservices/api_gateway/infrastructure/api/post_handler.go:294","msg":"Get all public posts unsuccessful","time":"2022-06-17T14:47:45+02:00"}
{"level":"error","method":"C:/xws-bsep/microservices/api_gateway/infrastructure/api/post_handler.go:294","msg":"Get all public posts unsuccessful","time":"2022-06-21T21:53:58+02:00"}
{"level":"error","method":"C:/xws-bsep/microservices/api_gateway/infrastructure/api/post_handler.go:294","msg":"Get all public posts unsuccessful","time":"2022-06-21T21:54:01+02:00"}
{"level":"error","method":"C:/xws-bsep/microservices/api_gateway/infrastructure/api/post_handler.go:294","msg":"Get all public posts unsuccessful","time":"2022-06-23T11:24:33+02:00"}
{"level":"error","method":"C:/xws-bsep/microservices/api_gateway/infrastructure/api/post_handler.go:294","msg":"Get all public posts unsuccessful","time":"2022-06-23T11:27:39+02:00"}
{"level":"error","method":"C:/xws-bsep/microservices/api_gateway/infrastructure/api/post_handler.go:294","msg":"Get all public posts unsuccessful","time":"2022-06-23T11:51:20+02:00"}
{"level":"error","method":"C:/xws-bsep/microservices/api_gateway/infrastructure/api/post_handler.go:294","msg":"Get all public posts unsuccessful","time":"2022-06-23T23:31:37+02:00"}
{"level":"error","method":"C:/xws-bsep/microservices/api_gateway/infrastructure/api/post_handler.go:294","msg":"Get all public posts unsuccessful","time":"2022-06-23T23:32:38+02:00"}
{"level":"error","method":"C:/xws-bsep/microservices/api_gateway/infrastructure/api/post_handler.go:294","msg":"Get all public posts unsuccessful","time":"2022-06-23T23:33:40+02:00"}
{"level":"error","method":"C:/xws-bsep/microservices/api_gateway/infrastructure/api/post_handler.go:294","msg":"Get all public posts unsuccessful","time":"2022-06-23T23:35:54+02:00"}
{"level":"error","method":"C:/xws-bsep/microservices/api_gateway/infrastructure/api/post_handler.go:294","msg":"Get all public posts unsuccessful","time":"2022-06-23T23:38:41+02:00"}
{"level":"error","method":"C:/xws-bsep/microservices/api_gateway/infrastructure/api/post_handler.go:294","msg":"Get all public posts unsuccessful","time":"2022-06-23T23:50:54+02:00"}
{"level":"error","method":"C:/xws-bsep/microservices/api_gateway/infrastructure/api/post_handler.go:421","msg":"Get connections for user with ID: 62b4dbcf480f2597c891528a unsuccessful","time":"2022-06-23T23:51:03+02:00"}
{"level":"error","method":"C:/xws-bsep/microservices/api_gateway/infrastructure/api/post_handler.go:240","msg":"Get all connections for user with ID: 62b4dbcf480f2597c891528a unsuccessful","time":"2022-06-23T23:51:03+02:00"}
{"level":"error","method":"C:/xws-bsep/microservices/api_gateway/infrastructure/api/post_handler.go:294","msg":"Get all public posts unsuccessful","time":"2022-06-23T23:53:01+02:00"}
{"level":"error","method":"C:/xws-bsep/microservices/api_gateway/infrastructure/api/post_handler.go:421","msg":"Get connections for user with ID: 62b4dbcf480f2597c891528a unsuccessful","time":"2022-06-23T23:53:20+02:00"}
{"level":"error","method":"C:/xws-bsep/microservices/api_gateway/infrastructure/api/post_handler.go:240","msg":"Get all connections for user with ID: 62b4dbcf480f2597c891528a unsuccessful","time":"2022-06-23T23:53:20+02:00"}
{"level":"error","method":"C:/xws-bsep/microservices/api_gateway/infrastructure/api/post_handler.go:440","msg":"Get posts by user with ID: 62b4dc06480f2597c891528b unsuccessful","time":"2022-06-24T00:01:24+02:00"}
{"level":"error","method":"C:/xws-bsep/microservices/api_gateway/infrastructure/api/post_handler.go:248","msg":"Get feed for user with ID: 62b4dbcf480f2597c891528a unsuccessful","time":"2022-06-24T00:01:24+02:00"}
{"level":"error","method":"C:/xws-bsep/microservices/api_gateway/infrastructure/api/post_handler.go:294","msg":"Get all public posts unsuccessful","time":"2022-06-24T00:02:06+02:00"}
