{"level":"info","method":"/startup/server.go:65","msg":"User service registration successful","time":"2022-06-16T16:50:55+02:00"}
{"level":"info","method":"/startup/server.go:73","msg":"Auth service registration successful","time":"2022-06-16T16:50:55+02:00"}
{"level":"info","method":"/startup/server.go:81","msg":"Connection service registration successful","time":"2022-06-16T16:50:55+02:00"}
{"level":"info","method":"/startup/server.go:89","msg":"Post service registration successful","time":"2022-06-16T16:50:55+02:00"}
{"level":"info","method":"/startup/server.go:42","msg":"Starting api gateway successfully, PORT: 8080","time":"2022-06-16T16:50:55+02:00"}
{"level":"info","method":"/startup/server.go:65","msg":"User service registration successful","time":"2022-06-16T17:06:55+02:00"}
{"level":"info","method":"/startup/server.go:73","msg":"Auth service registration successful","time":"2022-06-16T17:06:55+02:00"}
{"level":"info","method":"/startup/server.go:81","msg":"Connection service registration successful","time":"2022-06-16T17:06:55+02:00"}
{"level":"info","method":"/startup/server.go:89","msg":"Post service registration successful","time":"2022-06-16T17:06:55+02:00"}
{"level":"info","method":"/startup/server.go:42","msg":"Starting api gateway successfully, PORT: 8080","time":"2022-06-16T17:06:55+02:00"}
{"level":"info","method":"/startup/server.go:65","msg":"User service registration successful","time":"2022-06-16T17:46:26+02:00"}
{"level":"info","method":"/startup/server.go:73","msg":"Auth service registration successful","time":"2022-06-16T17:46:26+02:00"}
{"level":"info","method":"/startup/server.go:81","msg":"Connection service registration successful","time":"2022-06-16T17:46:26+02:00"}
{"level":"info","method":"/startup/server.go:89","msg":"Post service registration successful","time":"2022-06-16T17:46:26+02:00"}
{"level":"info","method":"/startup/server.go:42","msg":"Starting api gateway successfully, PORT: 8080","time":"2022-06-16T17:46:26+02:00"}
{"level":"info","method":"/infrastructure/api/post_handler.go:233","msg":"User with ID: 62ab5088a7f223b9025dc736 can access feed","time":"2022-06-16T17:47:54+02:00"}
{"level":"info","method":"C:/XWS-projekat/xws-bsep-beckend/xws-bsep/microservices/api_gateway/startup/server.go:65","msg":"User service registration successful","time":"2022-06-17T14:32:31+02:00"}
{"level":"info","method":"C:/XWS-projekat/xws-bsep-beckend/xws-bsep/microservices/api_gateway/startup/server.go:73","msg":"Auth service registration successful","time":"2022-06-17T14:32:31+02:00"}
{"level":"info","method":"C:/XWS-projekat/xws-bsep-beckend/xws-bsep/microservices/api_gateway/startup/server.go:81","msg":"Connection service registration successful","time":"2022-06-17T14:32:31+02:00"}
{"level":"info","method":"C:/XWS-projekat/xws-bsep-beckend/xws-bsep/microservices/api_gateway/startup/server.go:89","msg":"Post service registration successful","time":"2022-06-17T14:32:31+02:00"}
{"level":"info","method":"C:/XWS-projekat/xws-bsep-beckend/xws-bsep/microservices/api_gateway/startup/server.go:42","msg":"Starting api gateway successfully, PORT: 8080","time":"2022-06-17T14:32:31+02:00"}
{"level":"info","method":"C:/XWS-projekat/xws-bsep-beckend/xws-bsep/microservices/api_gateway/infrastructure/api/post_handler.go:410","msg":"Found 68 public posts","time":"2022-06-17T14:36:58+02:00"}
{"level":"info","method":"C:/XWS-projekat/xws-bsep-beckend/xws-bsep/microservices/api_gateway/infrastructure/api/post_handler.go:233","msg":"User with ID: 62ac758131325f2946f1d6ec can access feed","time":"2022-06-17T14:37:43+02:00"}
{"level":"info","method":"C:/XWS-projekat/xws-bsep-beckend/xws-bsep/microservices/api_gateway/infrastructure/api/post_handler.go:244","msg":"Found 0 connections for user with ID: 62ac758131325f2946f1d6ec","time":"2022-06-17T14:37:44+02:00"}
{"level":"info","method":"C:/XWS-projekat/xws-bsep-beckend/xws-bsep/microservices/api_gateway/infrastructure/api/post_handler.go:259","msg":"Found 0 posts for feed","time":"2022-06-17T14:37:44+02:00"}
{"level":"info","method":"C:/XWS-projekat/xws-bsep-beckend/xws-bsep/microservices/api_gateway/startup/server.go:199","msg":"Authorized","time":"2022-06-17T14:37:58+02:00","user":"teodora"}
{"level":"info","method":"C:/XWS-projekat/xws-bsep-beckend/xws-bsep/microservices/api_gateway/infrastructure/api/post_handler.go:233","msg":"User with ID: 62ac758131325f2946f1d6ec can access feed","time":"2022-06-17T14:37:59+02:00"}
{"level":"info","method":"C:/XWS-projekat/xws-bsep-beckend/xws-bsep/microservices/api_gateway/infrastructure/api/post_handler.go:244","msg":"Found 0 connections for user with ID: 62ac758131325f2946f1d6ec","time":"2022-06-17T14:37:59+02:00"}
{"level":"info","method":"C:/XWS-projekat/xws-bsep-beckend/xws-bsep/microservices/api_gateway/infrastructure/api/post_handler.go:259","msg":"Found 0 posts for feed","time":"2022-06-17T14:37:59+02:00"}
{"level":"info","method":"C:/XWS-projekat/xws-bsep-beckend/xws-bsep/microservices/api_gateway/startup/server.go:199","msg":"Authorized","time":"2022-06-17T14:38:01+02:00","user":"teodora"}
{"level":"info","method":"C:/XWS-projekat/xws-bsep-beckend/xws-bsep/microservices/api_gateway/startup/server.go:199","msg":"Authorized","time":"2022-06-17T14:38:03+02:00","user":"teodora"}
{"level":"info","method":"C:/XWS-projekat/xws-bsep-beckend/xws-bsep/microservices/api_gateway/infrastructure/api/post_handler.go:233","msg":"User with ID: 62ac758131325f2946f1d6ec can access feed","time":"2022-06-17T14:38:24+02:00"}
{"level":"info","method":"C:/XWS-projekat/xws-bsep-beckend/xws-bsep/microservices/api_gateway/infrastructure/api/post_handler.go:244","msg":"Found 0 connections for user with ID: 62ac758131325f2946f1d6ec","time":"2022-06-17T14:38:24+02:00"}
{"level":"info","method":"C:/XWS-projekat/xws-bsep-beckend/xws-bsep/microservices/api_gateway/infrastructure/api/post_handler.go:259","msg":"Found 0 posts for feed","time":"2022-06-17T14:38:24+02:00"}
{"level":"info","method":"C:/XWS-projekat/xws-bsep-beckend/xws-bsep/microservices/api_gateway/infrastructure/api/post_handler.go:130","msg":"Found user with username: teodora","time":"2022-06-17T14:46:19+02:00"}
{"level":"info","method":"C:/XWS-projekat/xws-bsep-beckend/xws-bsep/microservices/api_gateway/infrastructure/api/post_handler.go:147","msg":"Found user with ID: 62ac758131325f2946f1d6ec","time":"2022-06-17T14:46:19+02:00"}
{"level":"info","method":"C:/XWS-projekat/xws-bsep-beckend/xws-bsep/microservices/api_gateway/infrastructure/api/post_handler.go:186","msg":"Added job offer (post) by user with ID: 62ac758131325f2946f1d6ec","time":"2022-06-17T14:46:19+02:00"}
{"level":"info","method":"C:/XWS-projekat/xws-bsep-beckend/xws-bsep/microservices/api_gateway/infrastructure/api/post_handler.go:233","msg":"User with ID: 62ac758131325f2946f1d6ec can access feed","time":"2022-06-17T14:46:27+02:00"}
{"level":"info","method":"C:/XWS-projekat/xws-bsep-beckend/xws-bsep/microservices/api_gateway/infrastructure/api/post_handler.go:244","msg":"Found 0 connections for user with ID: 62ac758131325f2946f1d6ec","time":"2022-06-17T14:46:27+02:00"}
{"level":"info","method":"C:/XWS-projekat/xws-bsep-beckend/xws-bsep/microservices/api_gateway/infrastructure/api/post_handler.go:259","msg":"Found 0 posts for feed","time":"2022-06-17T14:46:27+02:00"}
{"level":"info","method":"C:/XWS-projekat/xws-bsep-beckend/xws-bsep/microservices/api_gateway/startup/server.go:199","msg":"Authorized","time":"2022-06-17T14:46:29+02:00","user":"teodora"}
{"level":"info","method":"C:/XWS-projekat/xws-bsep-beckend/xws-bsep/microservices/api_gateway/startup/server.go:199","msg":"Authorized","time":"2022-06-17T14:46:32+02:00","user":"teodora"}
{"level":"info","method":"C:/XWS-projekat/xws-bsep-beckend/xws-bsep/microservices/api_gateway/startup/server.go:65","msg":"User service registration successful","time":"2022-06-17T14:47:21+02:00"}
{"level":"info","method":"C:/XWS-projekat/xws-bsep-beckend/xws-bsep/microservices/api_gateway/startup/server.go:73","msg":"Auth service registration successful","time":"2022-06-17T14:47:21+02:00"}
{"level":"info","method":"C:/XWS-projekat/xws-bsep-beckend/xws-bsep/microservices/api_gateway/startup/server.go:81","msg":"Connection service registration successful","time":"2022-06-17T14:47:21+02:00"}
{"level":"info","method":"C:/XWS-projekat/xws-bsep-beckend/xws-bsep/microservices/api_gateway/startup/server.go:89","msg":"Post service registration successful","time":"2022-06-17T14:47:21+02:00"}
{"level":"info","method":"C:/XWS-projekat/xws-bsep-beckend/xws-bsep/microservices/api_gateway/startup/server.go:42","msg":"Starting api gateway successfully, PORT: 8080","time":"2022-06-17T14:47:21+02:00"}
{"level":"info","method":"C:/XWS-projekat/xws-bsep-beckend/xws-bsep/microservices/api_gateway/infrastructure/api/post_handler.go:233","msg":"User with ID: 62ac77fdc53697c6039352b3 can access feed","time":"2022-06-17T14:48:13+02:00"}
{"level":"info","method":"C:/XWS-projekat/xws-bsep-beckend/xws-bsep/microservices/api_gateway/infrastructure/api/post_handler.go:244","msg":"Found 0 connections for user with ID: 62ac77fdc53697c6039352b3","time":"2022-06-17T14:48:13+02:00"}
{"level":"info","method":"C:/XWS-projekat/xws-bsep-beckend/xws-bsep/microservices/api_gateway/infrastructure/api/post_handler.go:259","msg":"Found 0 posts for feed","time":"2022-06-17T14:48:13+02:00"}
{"level":"info","method":"C:/XWS-projekat/xws-bsep-beckend/xws-bsep/microservices/api_gateway/startup/server.go:199","msg":"Authorized","time":"2022-06-17T14:48:19+02:00","user":"teodora"}
{"level":"info","method":"C:/XWS-projekat/xws-bsep-beckend/xws-bsep/microservices/api_gateway/infrastructure/api/post_handler.go:233","msg":"User with ID: 62ac77fdc53697c6039352b3 can access feed","time":"2022-06-17T14:48:20+02:00"}
{"level":"info","method":"C:/XWS-projekat/xws-bsep-beckend/xws-bsep/microservices/api_gateway/infrastructure/api/post_handler.go:244","msg":"Found 0 connections for user with ID: 62ac77fdc53697c6039352b3","time":"2022-06-17T14:48:20+02:00"}
{"level":"info","method":"C:/XWS-projekat/xws-bsep-beckend/xws-bsep/microservices/api_gateway/infrastructure/api/post_handler.go:259","msg":"Found 0 posts for feed","time":"2022-06-17T14:48:20+02:00"}
